------------------------------------------------------------------------------------------------------------------------

[2023-10-12 10:31:33 #1 store] 
Database 'C:\Users\jnava\git\bets\src\main\resources\bets.temp' is opened by 8412@PortatilJuan

[2023-10-12 10:31:33 #2 type.registry] 
New type domain.Question

[2023-10-12 10:31:33 #3 type] 
Type domain.Question is not enhanced.

[2023-10-12 10:31:33 #4 type.registry] 
New type domain.Apuesta

[2023-10-12 10:31:33 #5 type.registry] 
New type java.util.Vector<domain.Apuesta>

[2023-10-12 10:31:33 #6 type.registry] 
New type domain.Pronosticos

[2023-10-12 10:31:33 #7 type.registry] 
New type domain.Event

[2023-10-12 10:31:33 #8 type] 
Type domain.Apuesta is not enhanced.

[2023-10-12 10:31:33 #9 type] 
Type domain.Pronosticos is not enhanced.

[2023-10-12 10:31:33 #10 type.registry] 
New type java.util.Vector<java.lang.Float>

[2023-10-12 10:31:33 #11 type.registry] 
New type java.util.Vector<java.lang.String>

[2023-10-12 10:31:33 #12 type] 
Type domain.Event is not enhanced.

[2023-10-12 10:31:33 #13 type.registry] 
New type java.util.Vector<domain.Question>

[2023-10-12 10:31:33 #14 type.registry] 
New type domain.User

[2023-10-12 10:31:33 #15 type] 
Type domain.User is not enhanced.

[2023-10-12 10:31:33 #16 type.registry] 
New type domain.Tarjeta

[2023-10-12 10:31:33 #17 type] 
Type domain.Tarjeta is not enhanced.

[2023-10-12 10:31:33 #18 type.registry] 
New type domain.Transaccion

[2023-10-12 10:31:33 #19 type.registry] 
New type java.util.Vector<domain.Transaccion>

[2023-10-12 10:31:33 #20 type] 
Type domain.Transaccion is not enhanced.

[2023-10-12 10:31:33 #21 type.registry] 
New type java.util.Vector<java.lang.Object>

