------------------------------------------------------------------------------------------------------------------------

[2023-09-26 13:07:08 #1 store] 
Database 'C:\Users\jnava\git\bets1\Bets21\src\main\resources\bets.temp' is opened by 16568@PortatilJuan

[2023-09-26 13:07:08 #2 type.registry] 
New type domain.Question

[2023-09-26 13:07:08 #3 type] 
Type domain.Question is not enhanced.

[2023-09-26 13:07:08 #4 type.registry] 
New type domain.Apuesta

[2023-09-26 13:07:08 #5 type.registry] 
New type java.util.Vector<domain.Apuesta>

[2023-09-26 13:07:08 #6 type.registry] 
New type domain.Pronosticos

[2023-09-26 13:07:08 #7 type.registry] 
New type domain.Event

[2023-09-26 13:07:08 #8 type] 
Type domain.Apuesta is not enhanced.

[2023-09-26 13:07:08 #9 type] 
Type domain.Pronosticos is not enhanced.

[2023-09-26 13:07:08 #10 type.registry] 
New type java.util.Vector<java.lang.Float>

[2023-09-26 13:07:08 #11 type.registry] 
New type java.util.Vector<java.lang.String>

[2023-09-26 13:07:08 #12 type] 
Type domain.Event is not enhanced.

[2023-09-26 13:07:08 #13 type.registry] 
New type java.util.Vector<domain.Question>

[2023-09-26 13:07:08 #14 type.registry] 
New type domain.User

[2023-09-26 13:07:08 #15 type] 
Type domain.User is not enhanced.

[2023-09-26 13:07:08 #16 type.registry] 
New type domain.Tarjeta

[2023-09-26 13:07:08 #17 type] 
Type domain.Tarjeta is not enhanced.

[2023-09-26 13:07:08 #18 type.registry] 
New type domain.Transaccion

[2023-09-26 13:07:08 #19 type.registry] 
New type java.util.Vector<domain.Transaccion>

[2023-09-26 13:07:08 #20 type] 
Type domain.Transaccion is not enhanced.

[2023-09-26 13:07:08 #21 type.registry] 
New type java.util.Vector<java.lang.Object>

