------------------------------------------------------------------------------------------------------------------------

[2022-02-28 13:45:35 #1 store] 
Database 'C:\Users\Joseba\Desktop\Workspace\IS1\Bets21\src\main\resources\bets.temp' is opened by 2176@DESKTOP-C3VT0J7

[2022-02-28 13:45:35 #2 type.registry] 
New type domain.Question

[2022-02-28 13:45:35 #3 type] 
Type domain.Question is not enhanced.

[2022-02-28 13:45:35 #4 type.registry] 
New type domain.Event

[2022-02-28 13:45:35 #5 type] 
Type domain.Event is not enhanced.

[2022-02-28 13:45:35 #6 type.registry] 
New type java.util.Vector<domain.Question>

[2022-02-28 13:45:35 #7 type.registry] 
New type java.util.Vector<java.lang.Object>

------------------------------------------------------------------------------------------------------------------------

[2022-02-28 13:54:02 #1 store] 
Database 'C:\Users\Joseba\Desktop\Workspace\IS1\Bets21\src\main\resources\bets.temp' is opened by 1716@DESKTOP-C3VT0J7

[2022-02-28 13:54:03 #2 type.registry] 
New type domain.Question

[2022-02-28 13:54:03 #3 type] 
Type domain.Question is not enhanced.

[2022-02-28 13:54:03 #4 type.registry] 
New type domain.Event

[2022-02-28 13:54:03 #5 type] 
Type domain.Event is not enhanced.

[2022-02-28 13:54:03 #6 type.registry] 
New type java.util.Vector<domain.Question>

[2022-02-28 13:54:03 #7 type.registry] 
New type java.util.Vector<java.lang.Object>

------------------------------------------------------------------------------------------------------------------------

[2022-02-28 14:01:19 #1 store] 
Database 'C:\Users\Joseba\Desktop\Workspace\IS1\Bets21\src\main\resources\bets.temp' is opened by 2668@DESKTOP-C3VT0J7

[2022-02-28 14:01:20 #2 type.registry] 
New type domain.Question

[2022-02-28 14:01:20 #3 type] 
Type domain.Question is not enhanced.

[2022-02-28 14:01:20 #4 type.registry] 
New type domain.Event

[2022-02-28 14:01:20 #5 type] 
Type domain.Event is not enhanced.

[2022-02-28 14:01:20 #6 type.registry] 
New type java.util.Vector<domain.Question>

[2022-02-28 14:01:20 #7 type.registry] 
New type java.util.Vector<java.lang.Object>

------------------------------------------------------------------------------------------------------------------------

[2022-02-28 14:19:55 #1 store] 
Database 'C:\Users\Joseba\Desktop\Workspace\IS1\Bets21\src\main\resources\bets.temp' is opened by 7824@DESKTOP-C3VT0J7

[2022-02-28 14:19:56 #2 type.registry] 
New type domain.Question

[2022-02-28 14:19:56 #3 type] 
Type domain.Question is not enhanced.

[2022-02-28 14:19:56 #4 type.registry] 
New type domain.Event

[2022-02-28 14:19:56 #5 type] 
Type domain.Event is not enhanced.

[2022-02-28 14:19:56 #6 type.registry] 
New type java.util.Vector<domain.Question>

[2022-02-28 14:19:56 #7 type.registry] 
New type java.util.Vector<java.lang.Object>

------------------------------------------------------------------------------------------------------------------------

[2022-02-28 14:20:32 #1 store] 
Database 'C:\Users\Joseba\Desktop\Workspace\IS1\Bets21\src\main\resources\bets.temp' is opened by 12284@DESKTOP-C3VT0J7

[2022-02-28 14:20:32 #2 type.registry] 
New type domain.Question

[2022-02-28 14:20:32 #3 type] 
Type domain.Question is not enhanced.

[2022-02-28 14:20:32 #4 type.registry] 
New type domain.Event

[2022-02-28 14:20:32 #5 type] 
Type domain.Event is not enhanced.

[2022-02-28 14:20:32 #6 type.registry] 
New type java.util.Vector<domain.Question>

[2022-02-28 14:20:32 #7 type.registry] 
New type java.util.Vector<java.lang.Object>

------------------------------------------------------------------------------------------------------------------------

[2022-02-28 14:21:08 #1 store] 
Database 'C:\Users\Joseba\Desktop\Workspace\IS1\Bets21\src\main\resources\bets.temp' is opened by 7020@DESKTOP-C3VT0J7

[2022-02-28 14:21:09 #2 type.registry] 
New type domain.Question

[2022-02-28 14:21:09 #3 type] 
Type domain.Question is not enhanced.

[2022-02-28 14:21:09 #4 type.registry] 
New type domain.Event

[2022-02-28 14:21:09 #5 type] 
Type domain.Event is not enhanced.

[2022-02-28 14:21:09 #6 type.registry] 
New type java.util.Vector<domain.Question>

[2022-02-28 14:21:09 #7 type.registry] 
New type java.util.Vector<java.lang.Object>

------------------------------------------------------------------------------------------------------------------------

[2022-02-28 14:23:51 #1 store] 
Database 'C:\Users\Joseba\Desktop\Workspace\IS1\Bets21\src\main\resources\bets.temp' is opened by 4312@DESKTOP-C3VT0J7

[2022-02-28 14:23:51 #2 type.registry] 
New type domain.Question

[2022-02-28 14:23:51 #3 type] 
Type domain.Question is not enhanced.

[2022-02-28 14:23:51 #4 type.registry] 
New type domain.Event

[2022-02-28 14:23:51 #5 type] 
Type domain.Event is not enhanced.

[2022-02-28 14:23:51 #6 type.registry] 
New type java.util.Vector<domain.Question>

[2022-02-28 14:23:51 #7 type.registry] 
New type java.util.Vector<java.lang.Object>

------------------------------------------------------------------------------------------------------------------------

[2022-02-28 14:25:36 #1 store] 
Database 'C:\Users\Joseba\Desktop\Workspace\IS1\Bets21\src\main\resources\bets.temp' is opened by 8140@DESKTOP-C3VT0J7

[2022-02-28 14:25:36 #2 type.registry] 
New type domain.Question

[2022-02-28 14:25:36 #3 type] 
Type domain.Question is not enhanced.

[2022-02-28 14:25:36 #4 type.registry] 
New type domain.Event

[2022-02-28 14:25:36 #5 type] 
Type domain.Event is not enhanced.

[2022-02-28 14:25:36 #6 type.registry] 
New type java.util.Vector<domain.Question>

[2022-02-28 14:25:36 #7 type.registry] 
New type java.util.Vector<java.lang.Object>

------------------------------------------------------------------------------------------------------------------------

[2022-02-28 14:27:38 #1 store] 
Database 'C:\Users\Joseba\Desktop\Workspace\IS1\Bets21\src\main\resources\bets.temp' is opened by 2108@DESKTOP-C3VT0J7

[2022-02-28 14:27:38 #2 type.registry] 
New type domain.Question

[2022-02-28 14:27:38 #3 type] 
Type domain.Question is not enhanced.

[2022-02-28 14:27:38 #4 type.registry] 
New type domain.Event

[2022-02-28 14:27:38 #5 type] 
Type domain.Event is not enhanced.

[2022-02-28 14:27:38 #6 type.registry] 
New type java.util.Vector<domain.Question>

[2022-02-28 14:27:38 #7 type.registry] 
New type java.util.Vector<java.lang.Object>

------------------------------------------------------------------------------------------------------------------------

[2022-02-28 14:28:45 #1 store] 
Database 'C:\Users\Joseba\Desktop\Workspace\IS1\Bets21\src\main\resources\bets.temp' is opened by 12996@DESKTOP-C3VT0J7

[2022-02-28 14:28:45 #2 type.registry] 
New type domain.Question

[2022-02-28 14:28:45 #3 type] 
Type domain.Question is not enhanced.

[2022-02-28 14:28:45 #4 type.registry] 
New type domain.Event

[2022-02-28 14:28:45 #5 type] 
Type domain.Event is not enhanced.

[2022-02-28 14:28:45 #6 type.registry] 
New type java.util.Vector<domain.Question>

[2022-02-28 14:28:45 #7 type.registry] 
New type java.util.Vector<java.lang.Object>

------------------------------------------------------------------------------------------------------------------------

[2022-02-28 14:46:06 #1 store] 
Database 'C:\Users\Joseba\Desktop\Workspace\IS1\Bets21\src\main\resources\bets.temp' is opened by 1888@DESKTOP-C3VT0J7

[2022-02-28 14:46:06 #2 type.registry] 
New type domain.Question

[2022-02-28 14:46:06 #3 type] 
Type domain.Question is not enhanced.

[2022-02-28 14:46:06 #4 type.registry] 
New type domain.Event

[2022-02-28 14:46:06 #5 type] 
Type domain.Event is not enhanced.

[2022-02-28 14:46:06 #6 type.registry] 
New type java.util.Vector<domain.Question>

[2022-02-28 14:46:06 #7 type.registry] 
New type java.util.Vector<java.lang.Object>

------------------------------------------------------------------------------------------------------------------------

[2022-02-28 14:46:57 #1 store] 
Database 'C:\Users\Joseba\Desktop\Workspace\IS1\Bets21\src\main\resources\bets.temp' is opened by 8432@DESKTOP-C3VT0J7

[2022-02-28 14:46:58 #2 type.registry] 
New type domain.Question

[2022-02-28 14:46:58 #3 type] 
Type domain.Question is not enhanced.

[2022-02-28 14:46:58 #4 type.registry] 
New type domain.Event

[2022-02-28 14:46:58 #5 type] 
Type domain.Event is not enhanced.

[2022-02-28 14:46:58 #6 type.registry] 
New type java.util.Vector<domain.Question>

[2022-02-28 14:46:58 #7 type.registry] 
New type java.util.Vector<java.lang.Object>

------------------------------------------------------------------------------------------------------------------------

[2022-02-28 14:50:44 #1 store] 
Database 'C:\Users\Joseba\Desktop\Workspace\IS1\Bets21\src\main\resources\bets.temp' is opened by 4740@DESKTOP-C3VT0J7

[2022-02-28 14:50:44 #2 type.registry] 
New type domain.Question

[2022-02-28 14:50:44 #3 type] 
Type domain.Question is not enhanced.

[2022-02-28 14:50:44 #4 type.registry] 
New type domain.Event

[2022-02-28 14:50:44 #5 type] 
Type domain.Event is not enhanced.

[2022-02-28 14:50:44 #6 type.registry] 
New type java.util.Vector<domain.Question>

[2022-02-28 14:50:44 #7 type.registry] 
New type java.util.Vector<java.lang.Object>

------------------------------------------------------------------------------------------------------------------------

[2022-02-28 14:50:54 #1 store] 
Database 'C:\Users\Joseba\Desktop\Workspace\IS1\Bets21\src\main\resources\bets.temp' is opened by 7316@DESKTOP-C3VT0J7

[2022-02-28 14:50:54 #2 type.registry] 
New type domain.Question

[2022-02-28 14:50:54 #3 type] 
Type domain.Question is not enhanced.

[2022-02-28 14:50:54 #4 type.registry] 
New type domain.Event

[2022-02-28 14:50:54 #5 type] 
Type domain.Event is not enhanced.

[2022-02-28 14:50:54 #6 type.registry] 
New type java.util.Vector<domain.Question>

[2022-02-28 14:50:54 #7 type.registry] 
New type java.util.Vector<java.lang.Object>

