------------------------------------------------------------------------------------------------------------------------

[2022-03-15 10:51:42 #1 store] 
Database 'C:\Users\Joseba\Desktop\Workspace\IS1\Bets21\src\main\resources\bets.temp' is opened by 3776@DESKTOP-C3VT0J7

[2022-03-15 10:51:42 #2 type] 
Type domain.Question is not enhanced.

[2022-03-15 10:51:42 #3 type] 
Type domain.Event is not enhanced.

[2022-03-15 10:51:42 #4 type] 
Type domain.User is not enhanced.

------------------------------------------------------------------------------------------------------------------------

[2022-03-15 10:54:53 #1 store] 
Database 'C:\Users\Joseba\Desktop\Workspace\IS1\Bets21\src\main\resources\bets.temp' is opened by 5416@DESKTOP-C3VT0J7

[2022-03-15 10:54:53 #2 type] 
Type domain.Question is not enhanced.

[2022-03-15 10:54:53 #3 type] 
Type domain.Event is not enhanced.

[2022-03-15 10:54:53 #4 type] 
Type domain.User is not enhanced.

------------------------------------------------------------------------------------------------------------------------

[2022-03-15 10:57:37 #1 store] 
Database 'C:\Users\Joseba\Desktop\Workspace\IS1\Bets21\src\main\resources\bets.temp' has been recovered (tr. 8-8)

[2022-03-15 10:57:37 #2 store] 
Database 'C:\Users\Joseba\Desktop\Workspace\IS1\Bets21\src\main\resources\bets.temp' is opened by 7964@DESKTOP-C3VT0J7

[2022-03-15 10:57:38 #3 type] 
Type domain.Question is not enhanced.

[2022-03-15 10:57:38 #4 type] 
Type domain.Event is not enhanced.

[2022-03-15 10:57:38 #5 type] 
Type domain.User is not enhanced.

------------------------------------------------------------------------------------------------------------------------

[2022-03-15 11:00:09 #1 store] 
Database 'C:\Users\Joseba\Desktop\Workspace\IS1\Bets21\src\main\resources\bets.temp' is opened by 8488@DESKTOP-C3VT0J7

[2022-03-15 11:00:10 #2 type] 
Type domain.Question is not enhanced.

[2022-03-15 11:00:10 #3 type] 
Type domain.Event is not enhanced.

[2022-03-15 11:00:10 #4 type] 
Type domain.User is not enhanced.

------------------------------------------------------------------------------------------------------------------------

[2022-03-15 11:01:14 #1 store] 
Database 'C:\Users\Joseba\Desktop\Workspace\IS1\Bets21\src\main\resources\bets.temp' is opened by 12456@DESKTOP-C3VT0J7

[2022-03-15 11:01:15 #2 type] 
Type domain.Question is not enhanced.

[2022-03-15 11:01:15 #3 type] 
Type domain.Event is not enhanced.

[2022-03-15 11:01:15 #4 type] 
Type domain.User is not enhanced.

------------------------------------------------------------------------------------------------------------------------

[2022-03-15 11:02:16 #1 store] 
Database 'C:\Users\Joseba\Desktop\Workspace\IS1\Bets21\src\main\resources\bets.temp' is opened by 10208@DESKTOP-C3VT0J7

[2022-03-15 11:02:16 #2 type] 
Type domain.Question is not enhanced.

[2022-03-15 11:02:16 #3 type] 
Type domain.Event is not enhanced.

[2022-03-15 11:02:16 #4 type] 
Type domain.User is not enhanced.

------------------------------------------------------------------------------------------------------------------------

[2022-03-15 11:03:50 #1 store] 
Database 'C:\Users\Joseba\Desktop\Workspace\IS1\Bets21\src\main\resources\bets.temp' is opened by 9296@DESKTOP-C3VT0J7

[2022-03-15 11:03:50 #2 type] 
Type domain.Question is not enhanced.

[2022-03-15 11:03:50 #3 type] 
Type domain.Event is not enhanced.

[2022-03-15 11:03:50 #4 type] 
Type domain.User is not enhanced.

------------------------------------------------------------------------------------------------------------------------

[2022-03-15 11:10:19 #1 store] 
Database 'C:\Users\Joseba\Desktop\Workspace\IS1\Bets21\src\main\resources\bets.temp' is opened by 11232@DESKTOP-C3VT0J7

[2022-03-15 11:10:19 #2 type] 
Type domain.Question is not enhanced.

[2022-03-15 11:10:19 #3 type] 
Type domain.Event is not enhanced.

[2022-03-15 11:10:19 #4 type] 
Type domain.User is not enhanced.

------------------------------------------------------------------------------------------------------------------------

[2022-03-15 11:18:35 #1 store] 
Database 'C:\Users\Joseba\Desktop\Workspace\IS1\Bets21\src\main\resources\bets.temp' is opened by 2828@DESKTOP-C3VT0J7

[2022-03-15 11:18:35 #2 type] 
Type domain.Question is not enhanced.

[2022-03-15 11:18:35 #3 type] 
Type domain.Event is not enhanced.

[2022-03-15 11:18:35 #4 type] 
Type domain.User is not enhanced.

------------------------------------------------------------------------------------------------------------------------

[2022-03-15 11:22:08 #1 store] 
Database 'C:\Users\Joseba\Desktop\Workspace\IS1\Bets21\src\main\resources\bets.temp' is opened by 1708@DESKTOP-C3VT0J7

[2022-03-15 11:22:08 #2 type] 
Type domain.Question is not enhanced.

[2022-03-15 11:22:08 #3 type] 
Type domain.Event is not enhanced.

[2022-03-15 11:22:08 #4 type] 
Type domain.User is not enhanced.

------------------------------------------------------------------------------------------------------------------------

[2022-03-15 11:26:50 #1 store] 
Database 'C:\Users\Joseba\Desktop\Workspace\IS1\Bets21\src\main\resources\bets.temp' is opened by 12648@DESKTOP-C3VT0J7

[2022-03-15 11:26:50 #2 type] 
Type domain.Question is not enhanced.

[2022-03-15 11:26:50 #3 type] 
Type domain.Event is not enhanced.

[2022-03-15 11:26:50 #4 type] 
Type domain.User is not enhanced.

------------------------------------------------------------------------------------------------------------------------

[2022-03-15 11:48:24 #1 store] 
Database 'C:\Users\Joseba\Desktop\Workspace\IS1\Bets21\src\main\resources\bets.temp' is opened by 5140@DESKTOP-C3VT0J7

[2022-03-15 11:48:24 #2 type] 
Type domain.Question is not enhanced.

[2022-03-15 11:48:24 #3 type.registry] 
New type domain.Pronosticos

[2022-03-15 11:48:24 #4 type] 
Type domain.Event is not enhanced.

[2022-03-15 11:48:24 #5 type] 
Type domain.User is not enhanced.

------------------------------------------------------------------------------------------------------------------------

[2022-03-15 11:55:49 #1 store] 
Database 'C:\Users\Joseba\Desktop\Workspace\IS1\Bets21\src\main\resources\bets.temp' has been recovered (tr. 10-10)

[2022-03-15 11:55:49 #2 store] 
Database 'C:\Users\Joseba\Desktop\Workspace\IS1\Bets21\src\main\resources\bets.temp' is opened by 9520@DESKTOP-C3VT0J7

[2022-03-15 11:55:49 #3 type] 
Type domain.Question is not enhanced.

[2022-03-15 11:55:49 #4 type] 
Type domain.Event is not enhanced.

[2022-03-15 11:55:49 #5 type] 
Type domain.User is not enhanced.

------------------------------------------------------------------------------------------------------------------------

[2022-03-15 12:01:56 #1 store] 
Database 'C:\Users\Joseba\Desktop\Workspace\IS1\Bets21\src\main\resources\bets.temp' has been recovered (tr. 11-13)

[2022-03-15 12:01:56 #2 store] 
Database 'C:\Users\Joseba\Desktop\Workspace\IS1\Bets21\src\main\resources\bets.temp' is opened by 1800@DESKTOP-C3VT0J7

[2022-03-15 12:01:56 #3 type] 
Type domain.Question is not enhanced.

[2022-03-15 12:01:56 #4 type] 
Type domain.Event is not enhanced.

[2022-03-15 12:01:56 #5 type] 
Type domain.User is not enhanced.

------------------------------------------------------------------------------------------------------------------------

[2022-03-15 12:03:35 #1 store] 
Database 'C:\Users\Joseba\Desktop\Workspace\IS1\Bets21\src\main\resources\bets.temp' is opened by 1140@DESKTOP-C3VT0J7

[2022-03-15 12:03:35 #2 type] 
Type domain.Question is not enhanced.

[2022-03-15 12:03:35 #3 type] 
Type domain.Event is not enhanced.

[2022-03-15 12:03:35 #4 type] 
Type domain.User is not enhanced.

------------------------------------------------------------------------------------------------------------------------

[2022-03-15 17:41:47 #1 store] 
Database 'C:\Users\Joseba\Desktop\Workspace\IS1\Bets21\src\main\resources\bets.temp' is opened by 1868@DESKTOP-C3VT0J7

[2022-03-15 17:41:47 #2 type] 
Type domain.Question is not enhanced.

[2022-03-15 17:41:47 #3 type] 
Type domain.Event is not enhanced.

[2022-03-15 17:41:47 #4 type] 
Type domain.User is not enhanced.

------------------------------------------------------------------------------------------------------------------------

[2022-03-15 17:55:06 #1 store] 
Database 'C:\Users\Joseba\Desktop\Workspace\IS1\Bets21\src\main\resources\bets.temp' is opened by 5544@DESKTOP-C3VT0J7

[2022-03-15 17:55:06 #2 type.registry] 
New type domain.Question

[2022-03-15 17:55:06 #3 type] 
Type domain.Question is not enhanced.

[2022-03-15 17:55:06 #4 type.registry] 
New type domain.Pronosticos

[2022-03-15 17:55:06 #5 type.registry] 
New type domain.Event

[2022-03-15 17:55:06 #6 type] 
Type domain.Event is not enhanced.

[2022-03-15 17:55:06 #7 type.registry] 
New type java.util.Vector<domain.Question>

[2022-03-15 17:55:06 #8 type.registry] 
New type domain.User

[2022-03-15 17:55:06 #9 type] 
Type domain.User is not enhanced.

[2022-03-15 17:55:06 #10 type.registry] 
New type java.util.Vector<java.lang.Object>

------------------------------------------------------------------------------------------------------------------------

[2022-03-15 17:57:51 #1 store] 
Database 'C:\Users\Joseba\Desktop\Workspace\IS1\Bets21\src\main\resources\bets.temp' is opened by 4192@DESKTOP-C3VT0J7

------------------------------------------------------------------------------------------------------------------------

[2022-03-15 18:01:30 #1 store] 
Database 'C:\Users\Joseba\Desktop\Workspace\IS1\Bets21\src\main\resources\bets.temp' is opened by 13696@DESKTOP-C3VT0J7

[2022-03-15 18:01:30 #2 type.registry] 
New type domain.Question

[2022-03-15 18:01:30 #3 type] 
Type domain.Question is not enhanced.

[2022-03-15 18:01:30 #4 type.registry] 
New type domain.Pronosticos

[2022-03-15 18:01:30 #5 type.registry] 
New type domain.Event

[2022-03-15 18:01:30 #6 type] 
Type domain.Event is not enhanced.

[2022-03-15 18:01:30 #7 type.registry] 
New type java.util.Vector<domain.Question>

[2022-03-15 18:01:30 #8 type.registry] 
New type domain.User

[2022-03-15 18:01:30 #9 type] 
Type domain.User is not enhanced.

[2022-03-15 18:01:30 #10 type.registry] 
New type java.util.Vector<java.lang.Object>

------------------------------------------------------------------------------------------------------------------------

[2022-03-15 18:02:27 #1 store] 
Database 'C:\Users\Joseba\Desktop\Workspace\IS1\Bets21\src\main\resources\bets.temp' is opened by 1408@DESKTOP-C3VT0J7

[2022-03-15 18:02:28 #2 type.registry] 
New type domain.Question

[2022-03-15 18:02:28 #3 type] 
Type domain.Question is not enhanced.

[2022-03-15 18:02:28 #4 type.registry] 
New type domain.Pronosticos

[2022-03-15 18:02:28 #5 type.registry] 
New type domain.Event

[2022-03-15 18:02:28 #6 type] 
Type domain.Event is not enhanced.

[2022-03-15 18:02:28 #7 type.registry] 
New type java.util.Vector<domain.Question>

[2022-03-15 18:02:28 #8 type.registry] 
New type domain.User

[2022-03-15 18:02:28 #9 type] 
Type domain.User is not enhanced.

[2022-03-15 18:02:28 #10 type.registry] 
New type java.util.Vector<java.lang.Object>

------------------------------------------------------------------------------------------------------------------------

[2022-03-15 18:03:20 #1 store] 
Database 'C:\Users\Joseba\Desktop\Workspace\IS1\Bets21\src\main\resources\bets.temp' is opened by 8620@DESKTOP-C3VT0J7

[2022-03-15 18:03:20 #2 type.registry] 
New type domain.Question

[2022-03-15 18:03:20 #3 type] 
Type domain.Question is not enhanced.

[2022-03-15 18:03:20 #4 type.registry] 
New type domain.Pronosticos

[2022-03-15 18:03:20 #5 type.registry] 
New type domain.Event

[2022-03-15 18:03:20 #6 type] 
Type domain.Pronosticos is not enhanced.

[2022-03-15 18:03:20 #7 type.registry] 
New type java.util.Vector<java.lang.String>

[2022-03-15 18:03:20 #8 type] 
Type domain.Event is not enhanced.

[2022-03-15 18:03:20 #9 type.registry] 
New type java.util.Vector<domain.Question>

[2022-03-15 18:03:20 #10 type.registry] 
New type domain.User

[2022-03-15 18:03:20 #11 type] 
Type domain.User is not enhanced.

[2022-03-15 18:03:20 #12 type.registry] 
New type java.util.Vector<java.lang.Object>

------------------------------------------------------------------------------------------------------------------------

[2022-03-15 18:09:45 #1 store] 
Database 'C:\Users\Joseba\Desktop\Workspace\IS1\Bets21\src\main\resources\bets.temp' is opened by 8708@DESKTOP-C3VT0J7

[2022-03-15 18:09:45 #2 type.registry] 
New type domain.Question

[2022-03-15 18:09:45 #3 type] 
Type domain.Question is not enhanced.

[2022-03-15 18:09:45 #4 type.registry] 
New type domain.Pronosticos

[2022-03-15 18:09:45 #5 type.registry] 
New type domain.Event

[2022-03-15 18:09:45 #6 type] 
Type domain.Pronosticos is not enhanced.

[2022-03-15 18:09:45 #7 type.registry] 
New type java.util.Vector<java.lang.String>

[2022-03-15 18:09:45 #8 type] 
Type domain.Event is not enhanced.

[2022-03-15 18:09:45 #9 type.registry] 
New type java.util.Vector<domain.Question>

[2022-03-15 18:09:45 #10 type.registry] 
New type domain.User

[2022-03-15 18:09:45 #11 type] 
Type domain.User is not enhanced.

[2022-03-15 18:09:45 #12 type.registry] 
New type java.util.Vector<java.lang.Object>

------------------------------------------------------------------------------------------------------------------------

[2022-03-15 18:18:37 #1 store] 
Database 'C:\Users\Joseba\Desktop\Workspace\IS1\Bets21\src\main\resources\bets.temp' is opened by 13708@DESKTOP-C3VT0J7

[2022-03-15 18:18:37 #2 type.registry] 
New type domain.Question

[2022-03-15 18:18:37 #3 type] 
Type domain.Question is not enhanced.

[2022-03-15 18:18:37 #4 type.registry] 
New type domain.Pronosticos

[2022-03-15 18:18:37 #5 type.registry] 
New type domain.Event

[2022-03-15 18:18:37 #6 type] 
Type domain.Pronosticos is not enhanced.

[2022-03-15 18:18:37 #7 type.registry] 
New type java.util.Vector<java.lang.String>

[2022-03-15 18:18:37 #8 type] 
Type domain.Event is not enhanced.

[2022-03-15 18:18:37 #9 type.registry] 
New type java.util.Vector<domain.Question>

[2022-03-15 18:18:37 #10 type.registry] 
New type domain.User

[2022-03-15 18:18:37 #11 type] 
Type domain.User is not enhanced.

[2022-03-15 18:18:37 #12 type.registry] 
New type java.util.Vector<java.lang.Object>

------------------------------------------------------------------------------------------------------------------------

[2022-03-15 18:26:59 #1 store] 
Database 'C:\Users\Joseba\Desktop\Workspace\IS1\Bets21\src\main\resources\bets.temp' is opened by 12504@DESKTOP-C3VT0J7

[2022-03-15 18:26:59 #2 type.registry] 
New type domain.Question

[2022-03-15 18:26:59 #3 type] 
Type domain.Question is not enhanced.

[2022-03-15 18:26:59 #4 type.registry] 
New type domain.Pronosticos

[2022-03-15 18:26:59 #5 type.registry] 
New type domain.Event

[2022-03-15 18:26:59 #6 type] 
Type domain.Pronosticos is not enhanced.

[2022-03-15 18:26:59 #7 type.registry] 
New type java.util.Vector<java.lang.String>

[2022-03-15 18:26:59 #8 type] 
Type domain.Event is not enhanced.

[2022-03-15 18:26:59 #9 type.registry] 
New type java.util.Vector<domain.Question>

[2022-03-15 18:26:59 #10 type.registry] 
New type domain.User

[2022-03-15 18:26:59 #11 type] 
Type domain.User is not enhanced.

[2022-03-15 18:26:59 #12 type.registry] 
New type java.util.Vector<java.lang.Object>

------------------------------------------------------------------------------------------------------------------------

[2022-03-15 18:28:19 #1 store] 
Database 'C:\Users\Joseba\Desktop\Workspace\IS1\Bets21\src\main\resources\bets.temp' is opened by 13404@DESKTOP-C3VT0J7

[2022-03-15 18:28:19 #2 type.registry] 
New type domain.Question

[2022-03-15 18:28:19 #3 type] 
Type domain.Question is not enhanced.

[2022-03-15 18:28:19 #4 type.registry] 
New type domain.Pronosticos

[2022-03-15 18:28:19 #5 type.registry] 
New type domain.Event

[2022-03-15 18:28:19 #6 type] 
Type domain.Pronosticos is not enhanced.

[2022-03-15 18:28:19 #7 type.registry] 
New type java.util.Vector<java.lang.String>

[2022-03-15 18:28:19 #8 type] 
Type domain.Event is not enhanced.

[2022-03-15 18:28:19 #9 type.registry] 
New type java.util.Vector<domain.Question>

[2022-03-15 18:28:19 #10 type.registry] 
New type domain.User

[2022-03-15 18:28:19 #11 type] 
Type domain.User is not enhanced.

[2022-03-15 18:28:19 #12 type.registry] 
New type java.util.Vector<java.lang.Object>

------------------------------------------------------------------------------------------------------------------------

[2022-03-15 18:31:49 #1 store] 
Database 'C:\Users\Joseba\Desktop\Workspace\IS1\Bets21\src\main\resources\bets.temp' is opened by 2636@DESKTOP-C3VT0J7

[2022-03-15 18:31:49 #2 type.registry] 
New type domain.Question

[2022-03-15 18:31:49 #3 type] 
Type domain.Question is not enhanced.

[2022-03-15 18:31:49 #4 type.registry] 
New type domain.Pronosticos

[2022-03-15 18:31:49 #5 type.registry] 
New type domain.Event

[2022-03-15 18:31:49 #6 type] 
Type domain.Pronosticos is not enhanced.

[2022-03-15 18:31:49 #7 type.registry] 
New type java.util.Vector<java.lang.String>

[2022-03-15 18:31:49 #8 type] 
Type domain.Event is not enhanced.

[2022-03-15 18:31:49 #9 type.registry] 
New type java.util.Vector<domain.Question>

[2022-03-15 18:31:49 #10 type.registry] 
New type domain.User

[2022-03-15 18:31:49 #11 type] 
Type domain.User is not enhanced.

[2022-03-15 18:31:49 #12 type.registry] 
New type java.util.Vector<java.lang.Object>

------------------------------------------------------------------------------------------------------------------------

[2022-03-15 18:32:48 #1 store] 
Database 'C:\Users\Joseba\Desktop\Workspace\IS1\Bets21\src\main\resources\bets.temp' has been recovered (tr. 1-7)

[2022-03-15 18:32:48 #2 store] 
Database 'C:\Users\Joseba\Desktop\Workspace\IS1\Bets21\src\main\resources\bets.temp' is opened by 12776@DESKTOP-C3VT0J7

[2022-03-15 18:32:48 #3 type] 
Type domain.Question is not enhanced.

[2022-03-15 18:32:48 #4 type] 
Type domain.Pronosticos is not enhanced.

[2022-03-15 18:32:48 #5 type] 
Type domain.Event is not enhanced.

[2022-03-15 18:32:48 #6 type] 
Type domain.User is not enhanced.

------------------------------------------------------------------------------------------------------------------------

[2022-03-15 18:38:28 #1 store] 
Database 'C:\Users\Joseba\Desktop\Workspace\IS1\Bets21\src\main\resources\bets.temp' is opened by 1704@DESKTOP-C3VT0J7

[2022-03-15 18:38:29 #2 type] 
Type domain.Question is not enhanced.

[2022-03-15 18:38:29 #3 type] 
Type domain.Pronosticos is not enhanced.

[2022-03-15 18:38:29 #4 type] 
Type domain.Event is not enhanced.

[2022-03-15 18:38:29 #5 type] 
Type domain.User is not enhanced.

