------------------------------------------------------------------------------------------------------------------------

[2022-03-09 09:13:50 #1 store] 
Database 'C:\Users\Joseba\Desktop\Workspace\IS1\Bets21\src\main\resources\bets.temp' is opened by 13544@DESKTOP-C3VT0J7

[2022-03-09 09:13:50 #2 type.registry] 
New type domain.Question

[2022-03-09 09:13:50 #3 type] 
Type domain.Question is not enhanced.

[2022-03-09 09:13:50 #4 type.registry] 
New type domain.Event

[2022-03-09 09:13:50 #5 type] 
Type domain.Event is not enhanced.

[2022-03-09 09:13:50 #6 type.registry] 
New type java.util.Vector<domain.Question>

[2022-03-09 09:13:50 #7 type.registry] 
New type domain.User

[2022-03-09 09:13:50 #8 type] 
Type domain.User is not enhanced.

[2022-03-09 09:13:50 #9 type.registry] 
New type java.util.Vector<java.lang.Object>

------------------------------------------------------------------------------------------------------------------------

[2022-03-09 09:14:55 #1 store] 
Database 'C:\Users\Joseba\Desktop\Workspace\IS1\Bets21\src\main\resources\bets.temp' is opened by 10092@DESKTOP-C3VT0J7

[2022-03-09 09:14:55 #2 type.registry] 
New type domain.Question

[2022-03-09 09:14:55 #3 type] 
Type domain.Question is not enhanced.

[2022-03-09 09:14:55 #4 type.registry] 
New type domain.Event

[2022-03-09 09:14:55 #5 type] 
Type domain.Event is not enhanced.

[2022-03-09 09:14:55 #6 type.registry] 
New type java.util.Vector<domain.Question>

[2022-03-09 09:14:55 #7 type.registry] 
New type domain.User

[2022-03-09 09:14:55 #8 type] 
Type domain.User is not enhanced.

[2022-03-09 09:14:55 #9 type.registry] 
New type java.util.Vector<java.lang.Object>

------------------------------------------------------------------------------------------------------------------------

[2022-03-09 09:16:23 #1 store] 
Database 'C:\Users\Joseba\Desktop\Workspace\IS1\Bets21\src\main\resources\bets.temp' is opened by 7236@DESKTOP-C3VT0J7

[2022-03-09 09:16:24 #2 type.registry] 
New type domain.Question

[2022-03-09 09:16:24 #3 type] 
Type domain.Question is not enhanced.

[2022-03-09 09:16:24 #4 type.registry] 
New type domain.Event

[2022-03-09 09:16:24 #5 type] 
Type domain.Event is not enhanced.

[2022-03-09 09:16:24 #6 type.registry] 
New type java.util.Vector<domain.Question>

[2022-03-09 09:16:24 #7 type.registry] 
New type domain.User

[2022-03-09 09:16:24 #8 type] 
Type domain.User is not enhanced.

[2022-03-09 09:16:24 #9 type.registry] 
New type java.util.Vector<java.lang.Object>

------------------------------------------------------------------------------------------------------------------------

[2022-03-09 09:47:53 #1 store] 
Database 'C:\Users\Joseba\Desktop\Workspace\IS1\Bets21\src\main\resources\bets.temp' is opened by 1220@DESKTOP-C3VT0J7

[2022-03-09 09:47:53 #2 type.registry] 
New type domain.Question

[2022-03-09 09:47:53 #3 type] 
Type domain.Question is not enhanced.

[2022-03-09 09:47:53 #4 type.registry] 
New type domain.Event

[2022-03-09 09:47:53 #5 type] 
Type domain.Event is not enhanced.

[2022-03-09 09:47:53 #6 type.registry] 
New type java.util.Vector<domain.Question>

[2022-03-09 09:47:53 #7 type.registry] 
New type domain.User

[2022-03-09 09:47:53 #8 type] 
Type domain.User is not enhanced.

[2022-03-09 09:47:53 #9 type.registry] 
New type java.util.Vector<java.lang.Object>

------------------------------------------------------------------------------------------------------------------------

[2022-03-09 09:54:21 #1 store] 
Database 'C:\Users\Joseba\Desktop\Workspace\IS1\Bets21\src\main\resources\bets.temp' is opened by 11996@DESKTOP-C3VT0J7

[2022-03-09 09:54:22 #2 type.registry] 
New type domain.Question

[2022-03-09 09:54:22 #3 type] 
Type domain.Question is not enhanced.

[2022-03-09 09:54:22 #4 type.registry] 
New type domain.Event

[2022-03-09 09:54:22 #5 type] 
Type domain.Event is not enhanced.

[2022-03-09 09:54:22 #6 type.registry] 
New type java.util.Vector<domain.Question>

[2022-03-09 09:54:22 #7 type.registry] 
New type domain.User

[2022-03-09 09:54:22 #8 type] 
Type domain.User is not enhanced.

[2022-03-09 09:54:22 #9 type.registry] 
New type java.util.Vector<java.lang.Object>

------------------------------------------------------------------------------------------------------------------------

[2022-03-09 16:06:37 #1 store] 
Database 'C:\Users\Joseba\Desktop\Workspace\IS1\Bets21\src\main\resources\bets.temp' is opened by 16484@DESKTOP-C3VT0J7

[2022-03-09 16:06:37 #2 type.registry] 
New type domain.Question

[2022-03-09 16:06:37 #3 type] 
Type domain.Question is not enhanced.

[2022-03-09 16:06:37 #4 type.registry] 
New type java.util.Vector<java.lang.String>

[2022-03-09 16:06:37 #5 type.registry] 
New type domain.Event

[2022-03-09 16:06:37 #6 type] 
Type domain.Event is not enhanced.

[2022-03-09 16:06:37 #7 type.registry] 
New type java.util.Vector<domain.Question>

[2022-03-09 16:06:37 #8 type.registry] 
New type domain.User

[2022-03-09 16:06:37 #9 type] 
Type domain.User is not enhanced.

[2022-03-09 16:06:37 #10 type.registry] 
New type java.util.Vector<java.lang.Object>

------------------------------------------------------------------------------------------------------------------------

[2022-03-09 16:09:55 #1 store] 
Database 'C:\Users\Joseba\Desktop\Workspace\IS1\Bets21\src\main\resources\bets.temp' is opened by 8120@DESKTOP-C3VT0J7

[2022-03-09 16:09:55 #2 type.registry] 
New type domain.Question

[2022-03-09 16:09:55 #3 type] 
Type domain.Question is not enhanced.

[2022-03-09 16:09:55 #4 type.registry] 
New type java.util.Vector<java.lang.String>

[2022-03-09 16:09:55 #5 type.registry] 
New type domain.Event

[2022-03-09 16:09:55 #6 type] 
Type domain.Event is not enhanced.

[2022-03-09 16:09:55 #7 type.registry] 
New type java.util.Vector<domain.Question>

[2022-03-09 16:09:55 #8 type.registry] 
New type domain.User

[2022-03-09 16:09:55 #9 type] 
Type domain.User is not enhanced.

[2022-03-09 16:09:55 #10 type.registry] 
New type java.util.Vector<java.lang.Object>

------------------------------------------------------------------------------------------------------------------------

[2022-03-09 16:12:45 #1 store] 
Database 'C:\Users\Joseba\Desktop\Workspace\IS1\Bets21\src\main\resources\bets.temp' is opened by 9580@DESKTOP-C3VT0J7

[2022-03-09 16:12:45 #2 type.registry] 
New type domain.Question

[2022-03-09 16:12:45 #3 type] 
Type domain.Question is not enhanced.

[2022-03-09 16:12:45 #4 type.registry] 
New type java.util.Vector<java.lang.String>

[2022-03-09 16:12:45 #5 type.registry] 
New type domain.Event

[2022-03-09 16:12:45 #6 type] 
Type domain.Event is not enhanced.

[2022-03-09 16:12:45 #7 type.registry] 
New type java.util.Vector<domain.Question>

[2022-03-09 16:12:45 #8 type.registry] 
New type domain.User

[2022-03-09 16:12:45 #9 type] 
Type domain.User is not enhanced.

[2022-03-09 16:12:45 #10 type.registry] 
New type java.util.Vector<java.lang.Object>

------------------------------------------------------------------------------------------------------------------------

[2022-03-09 16:28:30 #1 store] 
Database 'C:\Users\Joseba\Desktop\Workspace\IS1\Bets21\src\main\resources\bets.temp' is opened by 10788@DESKTOP-C3VT0J7

[2022-03-09 16:28:30 #2 type.registry] 
New type domain.Question

[2022-03-09 16:28:30 #3 type] 
Type domain.Question is not enhanced.

[2022-03-09 16:28:30 #4 type.registry] 
New type java.util.Vector<java.lang.String>

[2022-03-09 16:28:30 #5 type.registry] 
New type domain.Event

[2022-03-09 16:28:30 #6 type] 
Type domain.Event is not enhanced.

[2022-03-09 16:28:30 #7 type.registry] 
New type java.util.Vector<domain.Question>

[2022-03-09 16:28:30 #8 type.registry] 
New type domain.User

[2022-03-09 16:28:30 #9 type] 
Type domain.User is not enhanced.

[2022-03-09 16:28:30 #10 type.registry] 
New type java.util.Vector<java.lang.Object>

------------------------------------------------------------------------------------------------------------------------

[2022-03-09 16:31:57 #1 store] 
Database 'C:\Users\Joseba\Desktop\Workspace\IS1\Bets21\src\main\resources\bets.temp' is opened by 7700@DESKTOP-C3VT0J7

[2022-03-09 16:31:57 #2 type.registry] 
New type domain.Question

[2022-03-09 16:31:57 #3 type] 
Type domain.Question is not enhanced.

[2022-03-09 16:31:57 #4 type.registry] 
New type java.util.Vector<java.lang.String>

[2022-03-09 16:31:57 #5 type.registry] 
New type domain.Event

[2022-03-09 16:31:57 #6 type] 
Type domain.Event is not enhanced.

[2022-03-09 16:31:57 #7 type.registry] 
New type java.util.Vector<domain.Question>

[2022-03-09 16:31:57 #8 type.registry] 
New type domain.User

[2022-03-09 16:31:57 #9 type] 
Type domain.User is not enhanced.

[2022-03-09 16:31:57 #10 type.registry] 
New type java.util.Vector<java.lang.Object>

------------------------------------------------------------------------------------------------------------------------

[2022-03-09 16:34:18 #1 store] 
Database 'C:\Users\Joseba\Desktop\Workspace\IS1\Bets21\src\main\resources\bets.temp' is opened by 8868@DESKTOP-C3VT0J7

[2022-03-09 16:34:18 #2 type.registry] 
New type domain.Question

[2022-03-09 16:34:18 #3 type] 
Type domain.Question is not enhanced.

[2022-03-09 16:34:18 #4 type.registry] 
New type java.util.Vector<java.lang.String>

[2022-03-09 16:34:18 #5 type.registry] 
New type domain.Event

[2022-03-09 16:34:18 #6 type] 
Type domain.Event is not enhanced.

[2022-03-09 16:34:18 #7 type.registry] 
New type java.util.Vector<domain.Question>

[2022-03-09 16:34:18 #8 type.registry] 
New type domain.User

[2022-03-09 16:34:18 #9 type] 
Type domain.User is not enhanced.

[2022-03-09 16:34:18 #10 type.registry] 
New type java.util.Vector<java.lang.Object>

------------------------------------------------------------------------------------------------------------------------

[2022-03-09 16:37:38 #1 store] 
Database 'C:\Users\Joseba\Desktop\Workspace\IS1\Bets21\src\main\resources\bets.temp' is opened by 3696@DESKTOP-C3VT0J7

[2022-03-09 16:37:39 #2 type.registry] 
New type domain.Question

[2022-03-09 16:37:39 #3 type] 
Type domain.Question is not enhanced.

[2022-03-09 16:37:39 #4 type.registry] 
New type java.util.Vector<java.lang.String>

[2022-03-09 16:37:39 #5 type.registry] 
New type domain.Event

[2022-03-09 16:37:39 #6 type] 
Type domain.Event is not enhanced.

[2022-03-09 16:37:39 #7 type.registry] 
New type java.util.Vector<domain.Question>

[2022-03-09 16:37:39 #8 type.registry] 
New type domain.User

[2022-03-09 16:37:39 #9 type] 
Type domain.User is not enhanced.

[2022-03-09 16:37:39 #10 type.registry] 
New type java.util.Vector<java.lang.Object>

------------------------------------------------------------------------------------------------------------------------

[2022-03-09 16:44:09 #1 store] 
Database 'C:\Users\Joseba\Desktop\Workspace\IS1\Bets21\src\main\resources\bets.temp' is opened by 1812@DESKTOP-C3VT0J7

[2022-03-09 16:44:10 #2 type.registry] 
New type domain.Question

[2022-03-09 16:44:10 #3 type] 
Type domain.Question is not enhanced.

[2022-03-09 16:44:10 #4 type.registry] 
New type java.util.Vector<java.lang.String>

[2022-03-09 16:44:10 #5 type.registry] 
New type domain.Event

[2022-03-09 16:44:10 #6 type] 
Type domain.Event is not enhanced.

[2022-03-09 16:44:10 #7 type.registry] 
New type java.util.Vector<domain.Question>

[2022-03-09 16:44:10 #8 type.registry] 
New type domain.User

[2022-03-09 16:44:10 #9 type] 
Type domain.User is not enhanced.

[2022-03-09 16:44:10 #10 type.registry] 
New type java.util.Vector<java.lang.Object>

------------------------------------------------------------------------------------------------------------------------

[2022-03-09 16:45:20 #1 store] 
Database 'C:\Users\Joseba\Desktop\Workspace\IS1\Bets21\src\main\resources\bets.temp' is opened by 16420@DESKTOP-C3VT0J7

[2022-03-09 16:45:20 #2 type.registry] 
New type domain.Question

[2022-03-09 16:45:20 #3 type] 
Type domain.Question is not enhanced.

[2022-03-09 16:45:20 #4 type.registry] 
New type java.util.Vector<java.lang.String>

[2022-03-09 16:45:20 #5 type.registry] 
New type domain.Event

[2022-03-09 16:45:20 #6 type] 
Type domain.Event is not enhanced.

[2022-03-09 16:45:20 #7 type.registry] 
New type java.util.Vector<domain.Question>

[2022-03-09 16:45:20 #8 type.registry] 
New type domain.User

[2022-03-09 16:45:20 #9 type] 
Type domain.User is not enhanced.

[2022-03-09 16:45:20 #10 type.registry] 
New type java.util.Vector<java.lang.Object>

------------------------------------------------------------------------------------------------------------------------

[2022-03-09 16:47:22 #1 store] 
Database 'C:\Users\Joseba\Desktop\Workspace\IS1\Bets21\src\main\resources\bets.temp' is opened by 6728@DESKTOP-C3VT0J7

[2022-03-09 16:47:23 #2 type.registry] 
New type domain.Question

[2022-03-09 16:47:23 #3 type] 
Type domain.Question is not enhanced.

[2022-03-09 16:47:23 #4 type.registry] 
New type java.util.Vector<java.lang.String>

[2022-03-09 16:47:23 #5 type.registry] 
New type domain.Event

[2022-03-09 16:47:23 #6 type] 
Type domain.Event is not enhanced.

[2022-03-09 16:47:23 #7 type.registry] 
New type java.util.Vector<domain.Question>

[2022-03-09 16:47:23 #8 type.registry] 
New type domain.User

[2022-03-09 16:47:23 #9 type] 
Type domain.User is not enhanced.

[2022-03-09 16:47:23 #10 type.registry] 
New type java.util.Vector<java.lang.Object>

------------------------------------------------------------------------------------------------------------------------

[2022-03-09 16:53:44 #1 store] 
Database 'C:\Users\Joseba\Desktop\Workspace\IS1\Bets21\src\main\resources\bets.temp' is opened by 1532@DESKTOP-C3VT0J7

[2022-03-09 16:53:44 #2 type.registry] 
New type domain.Question

[2022-03-09 16:53:44 #3 type] 
Type domain.Question is not enhanced.

[2022-03-09 16:53:44 #4 type.registry] 
New type java.util.Vector<java.lang.String>

[2022-03-09 16:53:44 #5 type.registry] 
New type domain.Event

[2022-03-09 16:53:44 #6 type] 
Type domain.Event is not enhanced.

[2022-03-09 16:53:44 #7 type.registry] 
New type java.util.Vector<domain.Question>

[2022-03-09 16:53:44 #8 type.registry] 
New type domain.User

[2022-03-09 16:53:44 #9 type] 
Type domain.User is not enhanced.

[2022-03-09 16:53:44 #10 type.registry] 
New type java.util.Vector<java.lang.Object>

------------------------------------------------------------------------------------------------------------------------

[2022-03-09 16:57:49 #1 store] 
Database 'C:\Users\Joseba\Desktop\Workspace\IS1\Bets21\src\main\resources\bets.temp' is opened by 13604@DESKTOP-C3VT0J7

[2022-03-09 16:57:49 #2 type.registry] 
New type domain.Question

[2022-03-09 16:57:49 #3 type] 
Type domain.Question is not enhanced.

[2022-03-09 16:57:49 #4 type.registry] 
New type java.util.Vector<java.lang.String>

[2022-03-09 16:57:49 #5 type.registry] 
New type domain.Event

[2022-03-09 16:57:49 #6 type] 
Type domain.Event is not enhanced.

[2022-03-09 16:57:49 #7 type.registry] 
New type java.util.Vector<domain.Question>

[2022-03-09 16:57:49 #8 type.registry] 
New type domain.User

[2022-03-09 16:57:49 #9 type] 
Type domain.User is not enhanced.

[2022-03-09 16:57:49 #10 type.registry] 
New type java.util.Vector<java.lang.Object>

------------------------------------------------------------------------------------------------------------------------

[2022-03-09 16:58:48 #1 store] 
Database 'C:\Users\Joseba\Desktop\Workspace\IS1\Bets21\src\main\resources\bets.temp' is opened by 13896@DESKTOP-C3VT0J7

[2022-03-09 16:58:49 #2 type.registry] 
New type domain.Question

[2022-03-09 16:58:49 #3 type] 
Type domain.Question is not enhanced.

[2022-03-09 16:58:49 #4 type.registry] 
New type java.util.Vector<java.lang.String>

[2022-03-09 16:58:49 #5 type.registry] 
New type domain.Event

[2022-03-09 16:58:49 #6 type] 
Type domain.Event is not enhanced.

[2022-03-09 16:58:49 #7 type.registry] 
New type java.util.Vector<domain.Question>

[2022-03-09 16:58:49 #8 type.registry] 
New type domain.User

[2022-03-09 16:58:49 #9 type] 
Type domain.User is not enhanced.

[2022-03-09 16:58:49 #10 type.registry] 
New type java.util.Vector<java.lang.Object>

------------------------------------------------------------------------------------------------------------------------

[2022-03-09 17:00:55 #1 store] 
Database 'C:\Users\Joseba\Desktop\Workspace\IS1\Bets21\src\main\resources\bets.temp' is opened by 8092@DESKTOP-C3VT0J7

[2022-03-09 17:00:55 #2 type.registry] 
New type domain.Question

[2022-03-09 17:00:55 #3 type] 
Type domain.Question is not enhanced.

[2022-03-09 17:00:55 #4 type.registry] 
New type java.util.Vector<java.lang.String>

[2022-03-09 17:00:55 #5 type.registry] 
New type domain.Event

[2022-03-09 17:00:55 #6 type] 
Type domain.Event is not enhanced.

[2022-03-09 17:00:55 #7 type.registry] 
New type java.util.Vector<domain.Question>

[2022-03-09 17:00:55 #8 type.registry] 
New type domain.User

[2022-03-09 17:00:55 #9 type] 
Type domain.User is not enhanced.

[2022-03-09 17:00:55 #10 type.registry] 
New type java.util.Vector<java.lang.Object>

------------------------------------------------------------------------------------------------------------------------

[2022-03-09 17:05:40 #1 store] 
Database 'C:\Users\Joseba\Desktop\Workspace\IS1\Bets21\src\main\resources\bets.temp' is opened by 4848@DESKTOP-C3VT0J7

[2022-03-09 17:05:40 #2 type.registry] 
New type domain.Question

[2022-03-09 17:05:40 #3 type] 
Type domain.Question is not enhanced.

[2022-03-09 17:05:40 #4 type.registry] 
New type java.util.Vector<java.lang.String>

[2022-03-09 17:05:40 #5 type.registry] 
New type domain.Event

[2022-03-09 17:05:40 #6 type] 
Type domain.Event is not enhanced.

[2022-03-09 17:05:40 #7 type.registry] 
New type java.util.Vector<domain.Question>

[2022-03-09 17:05:40 #8 type.registry] 
New type domain.User

[2022-03-09 17:05:40 #9 type] 
Type domain.User is not enhanced.

[2022-03-09 17:05:40 #10 type.registry] 
New type java.util.Vector<java.lang.Object>

------------------------------------------------------------------------------------------------------------------------

[2022-03-09 17:08:50 #1 store] 
Database 'C:\Users\Joseba\Desktop\Workspace\IS1\Bets21\src\main\resources\bets.temp' is opened by 3196@DESKTOP-C3VT0J7

[2022-03-09 17:08:50 #2 type.registry] 
New type domain.Question

[2022-03-09 17:08:50 #3 type] 
Type domain.Question is not enhanced.

[2022-03-09 17:08:50 #4 type.registry] 
New type java.util.Vector<java.lang.String>

[2022-03-09 17:08:50 #5 type.registry] 
New type domain.Event

[2022-03-09 17:08:50 #6 type] 
Type domain.Event is not enhanced.

[2022-03-09 17:08:50 #7 type.registry] 
New type java.util.Vector<domain.Question>

[2022-03-09 17:08:50 #8 type.registry] 
New type domain.User

[2022-03-09 17:08:50 #9 type] 
Type domain.User is not enhanced.

[2022-03-09 17:08:50 #10 type.registry] 
New type java.util.Vector<java.lang.Object>

------------------------------------------------------------------------------------------------------------------------

[2022-03-09 17:10:47 #1 store] 
Database 'C:\Users\Joseba\Desktop\Workspace\IS1\Bets21\src\main\resources\bets.temp' is opened by 12488@DESKTOP-C3VT0J7

[2022-03-09 17:10:47 #2 type.registry] 
New type domain.Question

[2022-03-09 17:10:47 #3 type] 
Type domain.Question is not enhanced.

[2022-03-09 17:10:47 #4 type.registry] 
New type java.util.Vector<java.lang.String>

[2022-03-09 17:10:47 #5 type.registry] 
New type domain.Event

[2022-03-09 17:10:47 #6 type] 
Type domain.Event is not enhanced.

[2022-03-09 17:10:47 #7 type.registry] 
New type java.util.Vector<domain.Question>

[2022-03-09 17:10:47 #8 type.registry] 
New type domain.User

[2022-03-09 17:10:47 #9 type] 
Type domain.User is not enhanced.

[2022-03-09 17:10:47 #10 type.registry] 
New type java.util.Vector<java.lang.Object>

------------------------------------------------------------------------------------------------------------------------

[2022-03-09 17:11:32 #1 store] 
Database 'C:\Users\Joseba\Desktop\Workspace\IS1\Bets21\src\main\resources\bets.temp' is opened by 15828@DESKTOP-C3VT0J7

[2022-03-09 17:11:32 #2 type.registry] 
New type domain.Question

[2022-03-09 17:11:32 #3 type] 
Type domain.Question is not enhanced.

[2022-03-09 17:11:32 #4 type.registry] 
New type java.util.Vector<java.lang.String>

[2022-03-09 17:11:32 #5 type.registry] 
New type domain.Event

[2022-03-09 17:11:32 #6 type] 
Type domain.Event is not enhanced.

[2022-03-09 17:11:32 #7 type.registry] 
New type java.util.Vector<domain.Question>

[2022-03-09 17:11:32 #8 type.registry] 
New type domain.User

[2022-03-09 17:11:32 #9 type] 
Type domain.User is not enhanced.

[2022-03-09 17:11:32 #10 type.registry] 
New type java.util.Vector<java.lang.Object>

------------------------------------------------------------------------------------------------------------------------

[2022-03-09 17:12:44 #1 store] 
Database 'C:\Users\Joseba\Desktop\Workspace\IS1\Bets21\src\main\resources\bets.temp' is opened by 13176@DESKTOP-C3VT0J7

[2022-03-09 17:12:44 #2 type.registry] 
New type domain.Question

[2022-03-09 17:12:44 #3 type] 
Type domain.Question is not enhanced.

[2022-03-09 17:12:44 #4 type.registry] 
New type java.util.Vector<java.lang.String>

[2022-03-09 17:12:44 #5 type.registry] 
New type domain.Event

[2022-03-09 17:12:44 #6 type] 
Type domain.Event is not enhanced.

[2022-03-09 17:12:44 #7 type.registry] 
New type java.util.Vector<domain.Question>

[2022-03-09 17:12:44 #8 type.registry] 
New type domain.User

[2022-03-09 17:12:44 #9 type] 
Type domain.User is not enhanced.

[2022-03-09 17:12:44 #10 type.registry] 
New type java.util.Vector<java.lang.Object>

------------------------------------------------------------------------------------------------------------------------

[2022-03-09 17:13:56 #1 store] 
Database 'C:\Users\Joseba\Desktop\Workspace\IS1\Bets21\src\main\resources\bets.temp' is opened by 15416@DESKTOP-C3VT0J7

[2022-03-09 17:13:56 #2 type.registry] 
New type domain.Question

[2022-03-09 17:13:56 #3 type] 
Type domain.Question is not enhanced.

[2022-03-09 17:13:56 #4 type.registry] 
New type java.util.Vector<java.lang.String>

[2022-03-09 17:13:56 #5 type.registry] 
New type domain.Event

[2022-03-09 17:13:56 #6 type] 
Type domain.Event is not enhanced.

[2022-03-09 17:13:56 #7 type.registry] 
New type java.util.Vector<domain.Question>

[2022-03-09 17:13:56 #8 type.registry] 
New type domain.User

[2022-03-09 17:13:56 #9 type] 
Type domain.User is not enhanced.

[2022-03-09 17:13:56 #10 type.registry] 
New type java.util.Vector<java.lang.Object>

------------------------------------------------------------------------------------------------------------------------

[2022-03-09 17:24:36 #1 store] 
Database 'C:\Users\Joseba\Desktop\Workspace\IS1\Bets21\src\main\resources\bets.temp' is opened by 12920@DESKTOP-C3VT0J7

[2022-03-09 17:24:36 #2 type.registry] 
New type domain.Question

[2022-03-09 17:24:36 #3 type] 
Type domain.Question is not enhanced.

[2022-03-09 17:24:36 #4 type.registry] 
New type java.util.Vector<java.lang.String>

[2022-03-09 17:24:36 #5 type.registry] 
New type domain.Event

[2022-03-09 17:24:36 #6 type] 
Type domain.Event is not enhanced.

[2022-03-09 17:24:36 #7 type.registry] 
New type java.util.Vector<domain.Question>

[2022-03-09 17:24:36 #8 type.registry] 
New type domain.User

[2022-03-09 17:24:36 #9 type] 
Type domain.User is not enhanced.

[2022-03-09 17:24:36 #10 type.registry] 
New type java.util.Vector<java.lang.Object>

------------------------------------------------------------------------------------------------------------------------

[2022-03-09 17:25:42 #1 store] 
Database 'C:\Users\Joseba\Desktop\Workspace\IS1\Bets21\src\main\resources\bets.temp' is opened by 16252@DESKTOP-C3VT0J7

[2022-03-09 17:25:42 #2 type.registry] 
New type domain.Question

[2022-03-09 17:25:42 #3 type] 
Type domain.Question is not enhanced.

[2022-03-09 17:25:42 #4 type.registry] 
New type java.util.Vector<java.lang.String>

[2022-03-09 17:25:42 #5 type.registry] 
New type domain.Event

[2022-03-09 17:25:42 #6 type] 
Type domain.Event is not enhanced.

[2022-03-09 17:25:42 #7 type.registry] 
New type java.util.Vector<domain.Question>

[2022-03-09 17:25:42 #8 type.registry] 
New type domain.User

[2022-03-09 17:25:42 #9 type] 
Type domain.User is not enhanced.

[2022-03-09 17:25:42 #10 type.registry] 
New type java.util.Vector<java.lang.Object>

------------------------------------------------------------------------------------------------------------------------

[2022-03-09 17:27:00 #1 store] 
Database 'C:\Users\Joseba\Desktop\Workspace\IS1\Bets21\src\main\resources\bets.temp' is opened by 9088@DESKTOP-C3VT0J7

[2022-03-09 17:27:00 #2 type.registry] 
New type domain.Question

[2022-03-09 17:27:00 #3 type] 
Type domain.Question is not enhanced.

[2022-03-09 17:27:00 #4 type.registry] 
New type java.util.Vector<java.lang.String>

[2022-03-09 17:27:00 #5 type.registry] 
New type domain.Event

[2022-03-09 17:27:00 #6 type] 
Type domain.Event is not enhanced.

[2022-03-09 17:27:00 #7 type.registry] 
New type java.util.Vector<domain.Question>

[2022-03-09 17:27:00 #8 type.registry] 
New type domain.User

[2022-03-09 17:27:00 #9 type] 
Type domain.User is not enhanced.

[2022-03-09 17:27:00 #10 type.registry] 
New type java.util.Vector<java.lang.Object>

------------------------------------------------------------------------------------------------------------------------

[2022-03-09 18:05:42 #1 store] 
Database 'C:\Users\Joseba\Desktop\Workspace\IS1\Bets21\src\main\resources\bets.temp' is opened by 9404@DESKTOP-C3VT0J7

[2022-03-09 18:05:42 #2 type.registry] 
New type domain.Question

[2022-03-09 18:05:42 #3 type] 
Type domain.Question is not enhanced.

[2022-03-09 18:05:42 #4 type.registry] 
New type java.util.Vector<java.lang.String>

[2022-03-09 18:05:42 #5 type.registry] 
New type domain.Event

[2022-03-09 18:05:42 #6 type] 
Type domain.Event is not enhanced.

[2022-03-09 18:05:42 #7 type.registry] 
New type java.util.Vector<domain.Question>

[2022-03-09 18:05:42 #8 type.registry] 
New type domain.User

[2022-03-09 18:05:42 #9 type] 
Type domain.User is not enhanced.

[2022-03-09 18:05:42 #10 type.registry] 
New type java.util.Vector<java.lang.Object>

------------------------------------------------------------------------------------------------------------------------

[2022-03-09 18:08:01 #1 store] 
Database 'C:\Users\Joseba\Desktop\Workspace\IS1\Bets21\src\main\resources\bets.temp' is opened by 11588@DESKTOP-C3VT0J7

[2022-03-09 18:08:02 #2 type.registry] 
New type domain.Question

[2022-03-09 18:08:02 #3 type] 
Type domain.Question is not enhanced.

[2022-03-09 18:08:02 #4 type.registry] 
New type java.util.Vector<java.lang.String>

[2022-03-09 18:08:02 #5 type.registry] 
New type domain.Event

[2022-03-09 18:08:02 #6 type] 
Type domain.Event is not enhanced.

[2022-03-09 18:08:02 #7 type.registry] 
New type java.util.Vector<domain.Question>

[2022-03-09 18:08:02 #8 type.registry] 
New type domain.User

[2022-03-09 18:08:02 #9 type] 
Type domain.User is not enhanced.

[2022-03-09 18:08:02 #10 type.registry] 
New type java.util.Vector<java.lang.Object>

------------------------------------------------------------------------------------------------------------------------

[2022-03-09 18:12:45 #1 store] 
Database 'C:\Users\Joseba\Desktop\Workspace\IS1\Bets21\src\main\resources\bets.temp' is opened by 8828@DESKTOP-C3VT0J7

[2022-03-09 18:12:45 #2 type.registry] 
New type domain.Question

[2022-03-09 18:12:45 #3 type] 
Type domain.Question is not enhanced.

[2022-03-09 18:12:45 #4 type.registry] 
New type java.util.Vector<java.lang.String>

[2022-03-09 18:12:45 #5 type.registry] 
New type domain.Event

[2022-03-09 18:12:45 #6 type] 
Type domain.Event is not enhanced.

[2022-03-09 18:12:45 #7 type.registry] 
New type java.util.Vector<domain.Question>

[2022-03-09 18:12:45 #8 type.registry] 
New type domain.User

[2022-03-09 18:12:45 #9 type] 
Type domain.User is not enhanced.

[2022-03-09 18:12:45 #10 type.registry] 
New type java.util.Vector<java.lang.Object>

------------------------------------------------------------------------------------------------------------------------

[2022-03-09 18:18:01 #1 store] 
Database 'C:\Users\Joseba\Desktop\Workspace\IS1\Bets21\src\main\resources\bets.temp' is opened by 2524@DESKTOP-C3VT0J7

[2022-03-09 18:18:01 #2 type.registry] 
New type domain.Question

[2022-03-09 18:18:01 #3 type] 
Type domain.Question is not enhanced.

[2022-03-09 18:18:01 #4 type.registry] 
New type java.util.Vector<java.lang.String>

[2022-03-09 18:18:01 #5 type.registry] 
New type domain.Event

[2022-03-09 18:18:01 #6 type] 
Type domain.Event is not enhanced.

[2022-03-09 18:18:01 #7 type.registry] 
New type java.util.Vector<domain.Question>

[2022-03-09 18:18:01 #8 type.registry] 
New type domain.User

[2022-03-09 18:18:01 #9 type] 
Type domain.User is not enhanced.

[2022-03-09 18:18:01 #10 type.registry] 
New type java.util.Vector<java.lang.Object>

------------------------------------------------------------------------------------------------------------------------

[2022-03-09 18:20:15 #1 store] 
Database 'C:\Users\Joseba\Desktop\Workspace\IS1\Bets21\src\main\resources\bets.temp' is opened by 912@DESKTOP-C3VT0J7

[2022-03-09 18:20:15 #2 type.registry] 
New type domain.Question

[2022-03-09 18:20:15 #3 type] 
Type domain.Question is not enhanced.

[2022-03-09 18:20:15 #4 type.registry] 
New type java.util.Vector<java.lang.String>

[2022-03-09 18:20:15 #5 type.registry] 
New type domain.Event

[2022-03-09 18:20:15 #6 type] 
Type domain.Event is not enhanced.

[2022-03-09 18:20:15 #7 type.registry] 
New type java.util.Vector<domain.Question>

[2022-03-09 18:20:15 #8 type.registry] 
New type domain.User

[2022-03-09 18:20:15 #9 type] 
Type domain.User is not enhanced.

[2022-03-09 18:20:15 #10 type.registry] 
New type java.util.Vector<java.lang.Object>

------------------------------------------------------------------------------------------------------------------------

[2022-03-09 18:26:40 #1 store] 
Database 'C:\Users\Joseba\Desktop\Workspace\IS1\Bets21\src\main\resources\bets.temp' is opened by 1252@DESKTOP-C3VT0J7

[2022-03-09 18:26:40 #2 type.registry] 
New type domain.Question

[2022-03-09 18:26:40 #3 type] 
Type domain.Question is not enhanced.

[2022-03-09 18:26:40 #4 type.registry] 
New type java.util.Vector<java.lang.String>

[2022-03-09 18:26:40 #5 type.registry] 
New type domain.Event

[2022-03-09 18:26:40 #6 type] 
Type domain.Event is not enhanced.

[2022-03-09 18:26:40 #7 type.registry] 
New type java.util.Vector<domain.Question>

[2022-03-09 18:26:40 #8 type.registry] 
New type domain.User

[2022-03-09 18:26:40 #9 type] 
Type domain.User is not enhanced.

[2022-03-09 18:26:40 #10 type.registry] 
New type java.util.Vector<java.lang.Object>

------------------------------------------------------------------------------------------------------------------------

[2022-03-09 18:36:55 #1 store] 
Database 'C:\Users\Joseba\Desktop\Workspace\IS1\Bets21\src\main\resources\bets.temp' is opened by 8280@DESKTOP-C3VT0J7

[2022-03-09 18:36:56 #2 type.registry] 
New type domain.Question

[2022-03-09 18:36:56 #3 type] 
Type domain.Question is not enhanced.

[2022-03-09 18:36:56 #4 type.registry] 
New type java.util.Vector<java.lang.String>

[2022-03-09 18:36:56 #5 type.registry] 
New type domain.Event

[2022-03-09 18:36:56 #6 type] 
Type domain.Event is not enhanced.

[2022-03-09 18:36:56 #7 type.registry] 
New type java.util.Vector<domain.Question>

[2022-03-09 18:36:56 #8 type.registry] 
New type domain.User

[2022-03-09 18:36:56 #9 type] 
Type domain.User is not enhanced.

[2022-03-09 18:36:56 #10 type.registry] 
New type java.util.Vector<java.lang.Object>

------------------------------------------------------------------------------------------------------------------------

[2022-03-09 18:46:29 #1 store] 
Database 'C:\Users\Joseba\Desktop\Workspace\IS1\Bets21\src\main\resources\bets.temp' is opened by 15076@DESKTOP-C3VT0J7

[2022-03-09 18:46:29 #2 type.registry] 
New type domain.Question

[2022-03-09 18:46:29 #3 type] 
Type domain.Question is not enhanced.

[2022-03-09 18:46:29 #4 type.registry] 
New type java.util.Vector<java.lang.String>

[2022-03-09 18:46:29 #5 type.registry] 
New type domain.Event

[2022-03-09 18:46:29 #6 type] 
Type domain.Event is not enhanced.

[2022-03-09 18:46:29 #7 type.registry] 
New type java.util.Vector<domain.Question>

[2022-03-09 18:46:29 #8 type.registry] 
New type domain.User

[2022-03-09 18:46:29 #9 type] 
Type domain.User is not enhanced.

[2022-03-09 18:46:29 #10 type.registry] 
New type java.util.Vector<java.lang.Object>

------------------------------------------------------------------------------------------------------------------------

[2022-03-09 19:08:46 #1 store] 
Database 'C:\Users\Joseba\Desktop\Workspace\IS1\Bets21\src\main\resources\bets.temp' is opened by 3508@DESKTOP-C3VT0J7

[2022-03-09 19:08:46 #2 type.registry] 
New type domain.Question

[2022-03-09 19:08:46 #3 type] 
Type domain.Question is not enhanced.

[2022-03-09 19:08:46 #4 type.registry] 
New type java.util.Vector<java.lang.String>

[2022-03-09 19:08:46 #5 type.registry] 
New type domain.Event

[2022-03-09 19:08:46 #6 type] 
Type domain.Event is not enhanced.

[2022-03-09 19:08:46 #7 type.registry] 
New type java.util.Vector<domain.Question>

[2022-03-09 19:08:46 #8 type.registry] 
New type domain.User

[2022-03-09 19:08:46 #9 type] 
Type domain.User is not enhanced.

[2022-03-09 19:08:46 #10 type.registry] 
New type java.util.Vector<java.lang.Object>

------------------------------------------------------------------------------------------------------------------------

[2022-03-09 19:19:38 #1 store] 
Database 'C:\Users\Joseba\Desktop\Workspace\IS1\Bets21\src\main\resources\bets.temp' is opened by 7732@DESKTOP-C3VT0J7

[2022-03-09 19:19:38 #2 type.registry] 
New type domain.Question

[2022-03-09 19:19:38 #3 type] 
Type domain.Question is not enhanced.

[2022-03-09 19:19:38 #4 type.registry] 
New type java.util.Vector<java.lang.String>

[2022-03-09 19:19:38 #5 type.registry] 
New type domain.Event

[2022-03-09 19:19:38 #6 type] 
Type domain.Event is not enhanced.

[2022-03-09 19:19:38 #7 type.registry] 
New type java.util.Vector<domain.Question>

[2022-03-09 19:19:38 #8 type.registry] 
New type domain.User

[2022-03-09 19:19:38 #9 type] 
Type domain.User is not enhanced.

[2022-03-09 19:19:38 #10 type.registry] 
New type java.util.Vector<java.lang.Object>

------------------------------------------------------------------------------------------------------------------------

[2022-03-09 19:21:24 #1 store] 
Database 'C:\Users\Joseba\Desktop\Workspace\IS1\Bets21\src\main\resources\bets.temp' is opened by 16556@DESKTOP-C3VT0J7

[2022-03-09 19:21:24 #2 type.registry] 
New type domain.Question

[2022-03-09 19:21:24 #3 type] 
Type domain.Question is not enhanced.

[2022-03-09 19:21:24 #4 type.registry] 
New type java.util.Vector<java.lang.String>

[2022-03-09 19:21:24 #5 type.registry] 
New type domain.Event

[2022-03-09 19:21:24 #6 type] 
Type domain.Event is not enhanced.

[2022-03-09 19:21:24 #7 type.registry] 
New type java.util.Vector<domain.Question>

[2022-03-09 19:21:24 #8 type.registry] 
New type domain.User

[2022-03-09 19:21:24 #9 type] 
Type domain.User is not enhanced.

[2022-03-09 19:21:24 #10 type.registry] 
New type java.util.Vector<java.lang.Object>

------------------------------------------------------------------------------------------------------------------------

[2022-03-09 19:22:54 #1 store] 
Database 'C:\Users\Joseba\Desktop\Workspace\IS1\Bets21\src\main\resources\bets.temp' is opened by 9772@DESKTOP-C3VT0J7

[2022-03-09 19:22:54 #2 type.registry] 
New type domain.Question

[2022-03-09 19:22:54 #3 type] 
Type domain.Question is not enhanced.

[2022-03-09 19:22:54 #4 type.registry] 
New type java.util.Vector<java.lang.String>

[2022-03-09 19:22:54 #5 type.registry] 
New type domain.Event

[2022-03-09 19:22:54 #6 type] 
Type domain.Event is not enhanced.

[2022-03-09 19:22:54 #7 type.registry] 
New type java.util.Vector<domain.Question>

[2022-03-09 19:22:54 #8 type.registry] 
New type domain.User

[2022-03-09 19:22:54 #9 type] 
Type domain.User is not enhanced.

[2022-03-09 19:22:54 #10 type.registry] 
New type java.util.Vector<java.lang.Object>

------------------------------------------------------------------------------------------------------------------------

[2022-03-09 19:28:23 #1 store] 
Database 'C:\Users\Joseba\Desktop\Workspace\IS1\Bets21\src\main\resources\bets.temp' is opened by 10968@DESKTOP-C3VT0J7

[2022-03-09 19:28:24 #2 type.registry] 
New type domain.Question

[2022-03-09 19:28:24 #3 type] 
Type domain.Question is not enhanced.

[2022-03-09 19:28:24 #4 type.registry] 
New type java.util.Vector<java.lang.String>

[2022-03-09 19:28:24 #5 type.registry] 
New type domain.Event

[2022-03-09 19:28:24 #6 type] 
Type domain.Event is not enhanced.

[2022-03-09 19:28:24 #7 type.registry] 
New type java.util.Vector<domain.Question>

[2022-03-09 19:28:24 #8 type.registry] 
New type domain.User

[2022-03-09 19:28:24 #9 type] 
Type domain.User is not enhanced.

[2022-03-09 19:28:24 #10 type.registry] 
New type java.util.Vector<java.lang.Object>

------------------------------------------------------------------------------------------------------------------------

[2022-03-09 19:29:39 #1 store] 
Database 'C:\Users\Joseba\Desktop\Workspace\IS1\Bets21\src\main\resources\bets.temp' is opened by 924@DESKTOP-C3VT0J7

[2022-03-09 19:29:40 #2 type.registry] 
New type domain.Question

[2022-03-09 19:29:40 #3 type] 
Type domain.Question is not enhanced.

[2022-03-09 19:29:40 #4 type.registry] 
New type java.util.Vector<java.lang.String>

[2022-03-09 19:29:40 #5 type.registry] 
New type domain.Event

[2022-03-09 19:29:40 #6 type] 
Type domain.Event is not enhanced.

[2022-03-09 19:29:40 #7 type.registry] 
New type java.util.Vector<domain.Question>

[2022-03-09 19:29:40 #8 type.registry] 
New type domain.User

[2022-03-09 19:29:40 #9 type] 
Type domain.User is not enhanced.

[2022-03-09 19:29:40 #10 type.registry] 
New type java.util.Vector<java.lang.Object>

------------------------------------------------------------------------------------------------------------------------

[2022-03-09 19:30:44 #1 store] 
Database 'C:\Users\Joseba\Desktop\Workspace\IS1\Bets21\src\main\resources\bets.temp' is opened by 10196@DESKTOP-C3VT0J7

[2022-03-09 19:30:44 #2 type.registry] 
New type domain.Question

[2022-03-09 19:30:44 #3 type] 
Type domain.Question is not enhanced.

[2022-03-09 19:30:44 #4 type.registry] 
New type java.util.Vector<java.lang.String>

[2022-03-09 19:30:44 #5 type.registry] 
New type domain.Event

[2022-03-09 19:30:44 #6 type] 
Type domain.Event is not enhanced.

[2022-03-09 19:30:44 #7 type.registry] 
New type java.util.Vector<domain.Question>

[2022-03-09 19:30:44 #8 type.registry] 
New type domain.User

[2022-03-09 19:30:44 #9 type] 
Type domain.User is not enhanced.

[2022-03-09 19:30:44 #10 type.registry] 
New type java.util.Vector<java.lang.Object>

------------------------------------------------------------------------------------------------------------------------

[2022-03-09 19:44:38 #1 store] 
Database 'C:\Users\Joseba\Desktop\Workspace\IS1\Bets21\src\main\resources\bets.temp' is opened by 15600@DESKTOP-C3VT0J7

[2022-03-09 19:44:38 #2 type.registry] 
New type domain.Question

[2022-03-09 19:44:38 #3 type] 
Type domain.Question is not enhanced.

[2022-03-09 19:44:38 #4 type.registry] 
New type java.util.Vector<java.lang.String>

[2022-03-09 19:44:38 #5 type.registry] 
New type domain.Event

[2022-03-09 19:44:38 #6 type] 
Type domain.Event is not enhanced.

[2022-03-09 19:44:38 #7 type.registry] 
New type java.util.Vector<domain.Question>

[2022-03-09 19:44:38 #8 type.registry] 
New type domain.User

[2022-03-09 19:44:38 #9 type] 
Type domain.User is not enhanced.

[2022-03-09 19:44:38 #10 type.registry] 
New type java.util.Vector<java.lang.Object>

------------------------------------------------------------------------------------------------------------------------

[2022-03-09 20:49:20 #1 store] 
Database 'C:\Users\Joseba\Desktop\Workspace\IS1\Bets21\src\main\resources\bets.temp' is opened by 15792@DESKTOP-C3VT0J7

[2022-03-09 20:49:21 #2 type.registry] 
New type domain.Question

[2022-03-09 20:49:21 #3 type] 
Type domain.Question is not enhanced.

[2022-03-09 20:49:21 #4 type.registry] 
New type java.util.Vector<java.lang.String>

[2022-03-09 20:49:21 #5 type.registry] 
New type domain.Event

[2022-03-09 20:49:21 #6 type] 
Type domain.Event is not enhanced.

[2022-03-09 20:49:21 #7 type.registry] 
New type java.util.Vector<domain.Question>

[2022-03-09 20:49:21 #8 type.registry] 
New type domain.User

[2022-03-09 20:49:21 #9 type] 
Type domain.User is not enhanced.

[2022-03-09 20:49:21 #10 type.registry] 
New type java.util.Vector<java.lang.Object>

------------------------------------------------------------------------------------------------------------------------

[2022-03-09 20:49:48 #1 store] 
Database 'C:\Users\Joseba\Desktop\Workspace\IS1\Bets21\src\main\resources\bets.temp' is opened by 11324@DESKTOP-C3VT0J7

[2022-03-09 20:49:48 #2 type.registry] 
New type domain.Question

[2022-03-09 20:49:48 #3 type] 
Type domain.Question is not enhanced.

[2022-03-09 20:49:48 #4 type.registry] 
New type java.util.Vector<java.lang.String>

[2022-03-09 20:49:48 #5 type.registry] 
New type domain.Event

[2022-03-09 20:49:48 #6 type] 
Type domain.Event is not enhanced.

[2022-03-09 20:49:48 #7 type.registry] 
New type java.util.Vector<domain.Question>

[2022-03-09 20:49:48 #8 type.registry] 
New type domain.User

[2022-03-09 20:49:48 #9 type] 
Type domain.User is not enhanced.

[2022-03-09 20:49:48 #10 type.registry] 
New type java.util.Vector<java.lang.Object>

------------------------------------------------------------------------------------------------------------------------

[2022-03-09 20:56:11 #1 store] 
Database 'C:\Users\Joseba\Desktop\Workspace\IS1\Bets21\src\main\resources\bets.temp' is opened by 7700@DESKTOP-C3VT0J7

[2022-03-09 20:56:12 #2 type.registry] 
New type domain.Question

[2022-03-09 20:56:12 #3 type] 
Type domain.Question is not enhanced.

[2022-03-09 20:56:12 #4 type.registry] 
New type java.util.Vector<java.lang.String>

[2022-03-09 20:56:12 #5 type.registry] 
New type domain.Event

[2022-03-09 20:56:12 #6 type] 
Type domain.Event is not enhanced.

[2022-03-09 20:56:12 #7 type.registry] 
New type java.util.Vector<domain.Question>

[2022-03-09 20:56:12 #8 type.registry] 
New type domain.User

[2022-03-09 20:56:12 #9 type] 
Type domain.User is not enhanced.

[2022-03-09 20:56:12 #10 type.registry] 
New type java.util.Vector<java.lang.Object>

------------------------------------------------------------------------------------------------------------------------

[2022-03-09 20:57:17 #1 store] 
Database 'C:\Users\Joseba\Desktop\Workspace\IS1\Bets21\src\main\resources\bets.temp' is opened by 11200@DESKTOP-C3VT0J7

[2022-03-09 20:57:17 #2 type.registry] 
New type domain.Question

[2022-03-09 20:57:17 #3 type] 
Type domain.Question is not enhanced.

[2022-03-09 20:57:17 #4 type.registry] 
New type java.util.Vector<java.lang.String>

[2022-03-09 20:57:17 #5 type.registry] 
New type domain.Event

[2022-03-09 20:57:17 #6 type] 
Type domain.Event is not enhanced.

[2022-03-09 20:57:17 #7 type.registry] 
New type java.util.Vector<domain.Question>

[2022-03-09 20:57:17 #8 type.registry] 
New type domain.User

[2022-03-09 20:57:17 #9 type] 
Type domain.User is not enhanced.

[2022-03-09 20:57:17 #10 type.registry] 
New type java.util.Vector<java.lang.Object>

------------------------------------------------------------------------------------------------------------------------

[2022-03-09 20:57:28 #1 store] 
Database 'C:\Users\Joseba\Desktop\Workspace\IS1\Bets21\src\main\resources\bets.temp' is opened by 7576@DESKTOP-C3VT0J7

[2022-03-09 20:57:28 #2 type.registry] 
New type domain.Question

[2022-03-09 20:57:28 #3 type] 
Type domain.Question is not enhanced.

[2022-03-09 20:57:28 #4 type.registry] 
New type java.util.Vector<java.lang.String>

[2022-03-09 20:57:29 #5 type.registry] 
New type domain.Event

[2022-03-09 20:57:29 #6 type] 
Type domain.Event is not enhanced.

[2022-03-09 20:57:29 #7 type.registry] 
New type java.util.Vector<domain.Question>

[2022-03-09 20:57:29 #8 type.registry] 
New type domain.User

[2022-03-09 20:57:29 #9 type] 
Type domain.User is not enhanced.

[2022-03-09 20:57:29 #10 type.registry] 
New type java.util.Vector<java.lang.Object>

------------------------------------------------------------------------------------------------------------------------

[2022-03-09 21:00:18 #1 store] 
Database 'C:\Users\Joseba\Desktop\Workspace\IS1\Bets21\src\main\resources\bets.temp' is opened by 10032@DESKTOP-C3VT0J7

[2022-03-09 21:00:18 #2 type.registry] 
New type domain.Question

[2022-03-09 21:00:18 #3 type] 
Type domain.Question is not enhanced.

[2022-03-09 21:00:18 #4 type.registry] 
New type java.util.Vector<java.lang.String>

[2022-03-09 21:00:18 #5 type.registry] 
New type domain.Event

[2022-03-09 21:00:18 #6 type] 
Type domain.Event is not enhanced.

[2022-03-09 21:00:18 #7 type.registry] 
New type java.util.Vector<domain.Question>

[2022-03-09 21:00:18 #8 type.registry] 
New type domain.User

[2022-03-09 21:00:18 #9 type] 
Type domain.User is not enhanced.

[2022-03-09 21:00:18 #10 type.registry] 
New type java.util.Vector<java.lang.Object>

------------------------------------------------------------------------------------------------------------------------

[2022-03-09 21:00:22 #1 store] 
Database 'C:\Users\Joseba\Desktop\Workspace\IS1\Bets21\src\main\resources\bets.temp' is opened by 5828@DESKTOP-C3VT0J7

[2022-03-09 21:00:23 #2 type.registry] 
New type domain.Question

[2022-03-09 21:00:23 #3 type] 
Type domain.Question is not enhanced.

[2022-03-09 21:00:23 #4 type.registry] 
New type java.util.Vector<java.lang.String>

[2022-03-09 21:00:23 #5 type.registry] 
New type domain.Event

[2022-03-09 21:00:23 #6 type] 
Type domain.Event is not enhanced.

[2022-03-09 21:00:23 #7 type.registry] 
New type java.util.Vector<domain.Question>

[2022-03-09 21:00:23 #8 type.registry] 
New type domain.User

[2022-03-09 21:00:23 #9 type] 
Type domain.User is not enhanced.

[2022-03-09 21:00:23 #10 type.registry] 
New type java.util.Vector<java.lang.Object>

------------------------------------------------------------------------------------------------------------------------

[2022-03-09 21:04:07 #1 store] 
Database 'C:\Users\Joseba\Desktop\Workspace\IS1\Bets21\src\main\resources\bets.temp' is opened by 4816@DESKTOP-C3VT0J7

[2022-03-09 21:04:07 #2 type.registry] 
New type domain.Question

[2022-03-09 21:04:07 #3 type] 
Type domain.Question is not enhanced.

[2022-03-09 21:04:07 #4 type.registry] 
New type java.util.Vector<java.lang.String>

[2022-03-09 21:04:07 #5 type.registry] 
New type domain.Event

[2022-03-09 21:04:07 #6 type] 
Type domain.Event is not enhanced.

[2022-03-09 21:04:07 #7 type.registry] 
New type java.util.Vector<domain.Question>

[2022-03-09 21:04:07 #8 type.registry] 
New type domain.User

[2022-03-09 21:04:07 #9 type] 
Type domain.User is not enhanced.

[2022-03-09 21:04:07 #10 type.registry] 
New type java.util.Vector<java.lang.Object>

------------------------------------------------------------------------------------------------------------------------

[2022-03-09 21:04:12 #1 store] 
Database 'C:\Users\Joseba\Desktop\Workspace\IS1\Bets21\src\main\resources\bets.temp' is opened by 3364@DESKTOP-C3VT0J7

[2022-03-09 21:04:12 #2 type.registry] 
New type domain.Question

[2022-03-09 21:04:12 #3 type] 
Type domain.Question is not enhanced.

[2022-03-09 21:04:12 #4 type.registry] 
New type java.util.Vector<java.lang.String>

[2022-03-09 21:04:12 #5 type.registry] 
New type domain.Event

[2022-03-09 21:04:12 #6 type] 
Type domain.Event is not enhanced.

[2022-03-09 21:04:12 #7 type.registry] 
New type java.util.Vector<domain.Question>

[2022-03-09 21:04:12 #8 type.registry] 
New type domain.User

[2022-03-09 21:04:12 #9 type] 
Type domain.User is not enhanced.

[2022-03-09 21:04:12 #10 type.registry] 
New type java.util.Vector<java.lang.Object>

------------------------------------------------------------------------------------------------------------------------

[2022-03-09 21:07:36 #1 store] 
Database 'C:\Users\Joseba\Desktop\Workspace\IS1\Bets21\src\main\resources\bets.temp' is opened by 15384@DESKTOP-C3VT0J7

[2022-03-09 21:07:37 #2 type.registry] 
New type domain.Question

[2022-03-09 21:07:37 #3 type] 
Type domain.Question is not enhanced.

[2022-03-09 21:07:37 #4 type.registry] 
New type java.util.Vector<java.lang.String>

[2022-03-09 21:07:37 #5 type.registry] 
New type domain.Event

[2022-03-09 21:07:37 #6 type] 
Type domain.Event is not enhanced.

[2022-03-09 21:07:37 #7 type.registry] 
New type java.util.Vector<domain.Question>

[2022-03-09 21:07:37 #8 type.registry] 
New type domain.User

[2022-03-09 21:07:37 #9 type] 
Type domain.User is not enhanced.

[2022-03-09 21:07:37 #10 type.registry] 
New type java.util.Vector<java.lang.Object>

------------------------------------------------------------------------------------------------------------------------

[2022-03-09 21:10:17 #1 store] 
Database 'C:\Users\Joseba\Desktop\Workspace\IS1\Bets21\src\main\resources\bets.temp' is opened by 5400@DESKTOP-C3VT0J7

[2022-03-09 21:10:18 #2 type.registry] 
New type domain.Question

[2022-03-09 21:10:18 #3 type] 
Type domain.Question is not enhanced.

[2022-03-09 21:10:18 #4 type.registry] 
New type java.util.Vector<java.lang.String>

[2022-03-09 21:10:18 #5 type.registry] 
New type domain.Event

[2022-03-09 21:10:18 #6 type] 
Type domain.Event is not enhanced.

[2022-03-09 21:10:18 #7 type.registry] 
New type java.util.Vector<domain.Question>

[2022-03-09 21:10:18 #8 type.registry] 
New type domain.User

[2022-03-09 21:10:18 #9 type] 
Type domain.User is not enhanced.

[2022-03-09 21:10:18 #10 type.registry] 
New type java.util.Vector<java.lang.Object>

------------------------------------------------------------------------------------------------------------------------

[2022-03-09 21:12:24 #1 store] 
Database 'C:\Users\Joseba\Desktop\Workspace\IS1\Bets21\src\main\resources\bets.temp' is opened by 11148@DESKTOP-C3VT0J7

[2022-03-09 21:12:24 #2 type.registry] 
New type domain.Question

[2022-03-09 21:12:24 #3 type] 
Type domain.Question is not enhanced.

[2022-03-09 21:12:24 #4 type.registry] 
New type java.util.Vector<java.lang.String>

[2022-03-09 21:12:24 #5 type.registry] 
New type domain.Event

[2022-03-09 21:12:24 #6 type] 
Type domain.Event is not enhanced.

[2022-03-09 21:12:24 #7 type.registry] 
New type java.util.Vector<domain.Question>

[2022-03-09 21:12:24 #8 type.registry] 
New type domain.User

[2022-03-09 21:12:24 #9 type] 
Type domain.User is not enhanced.

[2022-03-09 21:12:24 #10 type.registry] 
New type java.util.Vector<java.lang.Object>

------------------------------------------------------------------------------------------------------------------------

[2022-03-09 21:12:29 #1 store] 
Database 'C:\Users\Joseba\Desktop\Workspace\IS1\Bets21\src\main\resources\bets.temp' is opened by 14416@DESKTOP-C3VT0J7

[2022-03-09 21:12:29 #2 type.registry] 
New type domain.Question

[2022-03-09 21:12:29 #3 type] 
Type domain.Question is not enhanced.

[2022-03-09 21:12:29 #4 type.registry] 
New type java.util.Vector<java.lang.String>

[2022-03-09 21:12:29 #5 type.registry] 
New type domain.Event

[2022-03-09 21:12:29 #6 type] 
Type domain.Event is not enhanced.

[2022-03-09 21:12:29 #7 type.registry] 
New type java.util.Vector<domain.Question>

[2022-03-09 21:12:29 #8 type.registry] 
New type domain.User

[2022-03-09 21:12:29 #9 type] 
Type domain.User is not enhanced.

[2022-03-09 21:12:29 #10 type.registry] 
New type java.util.Vector<java.lang.Object>

------------------------------------------------------------------------------------------------------------------------

[2022-03-09 21:17:19 #1 store] 
Database 'C:\Users\Joseba\Desktop\Workspace\IS1\Bets21\src\main\resources\bets.temp' is opened by 3816@DESKTOP-C3VT0J7

[2022-03-09 21:17:19 #2 type.registry] 
New type domain.Question

[2022-03-09 21:17:19 #3 type] 
Type domain.Question is not enhanced.

[2022-03-09 21:17:19 #4 type.registry] 
New type java.util.Vector<java.lang.String>

[2022-03-09 21:17:19 #5 type.registry] 
New type domain.Event

[2022-03-09 21:17:19 #6 type] 
Type domain.Event is not enhanced.

[2022-03-09 21:17:19 #7 type.registry] 
New type java.util.Vector<domain.Question>

[2022-03-09 21:17:19 #8 type.registry] 
New type domain.User

[2022-03-09 21:17:19 #9 type] 
Type domain.User is not enhanced.

[2022-03-09 21:17:19 #10 type.registry] 
New type java.util.Vector<java.lang.Object>

------------------------------------------------------------------------------------------------------------------------

[2022-03-09 21:19:33 #1 store] 
Database 'C:\Users\Joseba\Desktop\Workspace\IS1\Bets21\src\main\resources\bets.temp' is opened by 10228@DESKTOP-C3VT0J7

[2022-03-09 21:19:33 #2 type.registry] 
New type domain.Question

[2022-03-09 21:19:33 #3 type] 
Type domain.Question is not enhanced.

[2022-03-09 21:19:33 #4 type.registry] 
New type java.util.Vector<java.lang.String>

[2022-03-09 21:19:33 #5 type.registry] 
New type domain.Event

[2022-03-09 21:19:33 #6 type] 
Type domain.Event is not enhanced.

[2022-03-09 21:19:33 #7 type.registry] 
New type java.util.Vector<domain.Question>

[2022-03-09 21:19:33 #8 type.registry] 
New type domain.User

[2022-03-09 21:19:33 #9 type] 
Type domain.User is not enhanced.

[2022-03-09 21:19:33 #10 type.registry] 
New type java.util.Vector<java.lang.Object>

------------------------------------------------------------------------------------------------------------------------

[2022-03-09 21:21:31 #1 store] 
Database 'C:\Users\Joseba\Desktop\Workspace\IS1\Bets21\src\main\resources\bets.temp' is opened by 15740@DESKTOP-C3VT0J7

[2022-03-09 21:21:32 #2 type.registry] 
New type domain.Question

[2022-03-09 21:21:32 #3 type] 
Type domain.Question is not enhanced.

[2022-03-09 21:21:32 #4 type.registry] 
New type java.util.Vector<java.lang.String>

[2022-03-09 21:21:32 #5 type.registry] 
New type domain.Event

[2022-03-09 21:21:32 #6 type] 
Type domain.Event is not enhanced.

[2022-03-09 21:21:32 #7 type.registry] 
New type java.util.Vector<domain.Question>

[2022-03-09 21:21:32 #8 type.registry] 
New type domain.User

[2022-03-09 21:21:32 #9 type] 
Type domain.User is not enhanced.

[2022-03-09 21:21:32 #10 type.registry] 
New type java.util.Vector<java.lang.Object>

------------------------------------------------------------------------------------------------------------------------

[2022-03-09 21:23:34 #1 store] 
Database 'C:\Users\Joseba\Desktop\Workspace\IS1\Bets21\src\main\resources\bets.temp' is opened by 3444@DESKTOP-C3VT0J7

[2022-03-09 21:23:34 #2 type.registry] 
New type domain.Question

[2022-03-09 21:23:34 #3 type] 
Type domain.Question is not enhanced.

[2022-03-09 21:23:34 #4 type.registry] 
New type java.util.Vector<java.lang.String>

[2022-03-09 21:23:34 #5 type.registry] 
New type domain.Event

[2022-03-09 21:23:34 #6 type] 
Type domain.Event is not enhanced.

[2022-03-09 21:23:34 #7 type.registry] 
New type java.util.Vector<domain.Question>

[2022-03-09 21:23:34 #8 type.registry] 
New type domain.User

[2022-03-09 21:23:34 #9 type] 
Type domain.User is not enhanced.

[2022-03-09 21:23:34 #10 type.registry] 
New type java.util.Vector<java.lang.Object>

------------------------------------------------------------------------------------------------------------------------

[2022-03-09 21:23:38 #1 store] 
Database 'C:\Users\Joseba\Desktop\Workspace\IS1\Bets21\src\main\resources\bets.temp' is opened by 15900@DESKTOP-C3VT0J7

[2022-03-09 21:23:38 #2 type.registry] 
New type domain.Question

[2022-03-09 21:23:38 #3 type] 
Type domain.Question is not enhanced.

[2022-03-09 21:23:38 #4 type.registry] 
New type java.util.Vector<java.lang.String>

[2022-03-09 21:23:38 #5 type.registry] 
New type domain.Event

[2022-03-09 21:23:38 #6 type] 
Type domain.Event is not enhanced.

[2022-03-09 21:23:38 #7 type.registry] 
New type java.util.Vector<domain.Question>

[2022-03-09 21:23:38 #8 type.registry] 
New type domain.User

[2022-03-09 21:23:38 #9 type] 
Type domain.User is not enhanced.

[2022-03-09 21:23:38 #10 type.registry] 
New type java.util.Vector<java.lang.Object>

------------------------------------------------------------------------------------------------------------------------

[2022-03-09 21:30:25 #1 store] 
Database 'C:\Users\Joseba\Desktop\Workspace\IS1\Bets21\src\main\resources\bets.temp' is opened by 16912@DESKTOP-C3VT0J7

[2022-03-09 21:30:25 #2 type.registry] 
New type domain.Question

[2022-03-09 21:30:25 #3 type] 
Type domain.Question is not enhanced.

[2022-03-09 21:30:25 #4 type.registry] 
New type java.util.Vector<java.lang.String>

[2022-03-09 21:30:25 #5 type.registry] 
New type domain.Event

[2022-03-09 21:30:25 #6 type] 
Type domain.Event is not enhanced.

[2022-03-09 21:30:25 #7 type.registry] 
New type java.util.Vector<domain.Question>

[2022-03-09 21:30:25 #8 type.registry] 
New type domain.User

[2022-03-09 21:30:25 #9 type] 
Type domain.User is not enhanced.

[2022-03-09 21:30:26 #10 type.registry] 
New type java.util.Vector<java.lang.Object>

------------------------------------------------------------------------------------------------------------------------

[2022-03-09 21:37:20 #1 store] 
Database 'C:\Users\Joseba\Desktop\Workspace\IS1\Bets21\src\main\resources\bets.temp' is opened by 856@DESKTOP-C3VT0J7

[2022-03-09 21:37:20 #2 type.registry] 
New type domain.Question

[2022-03-09 21:37:20 #3 type] 
Type domain.Question is not enhanced.

[2022-03-09 21:37:20 #4 type.registry] 
New type java.util.Vector<java.lang.String>

[2022-03-09 21:37:20 #5 type.registry] 
New type domain.Event

[2022-03-09 21:37:20 #6 type] 
Type domain.Event is not enhanced.

[2022-03-09 21:37:20 #7 type.registry] 
New type java.util.Vector<domain.Question>

[2022-03-09 21:37:20 #8 type.registry] 
New type domain.User

[2022-03-09 21:37:20 #9 type] 
Type domain.User is not enhanced.

[2022-03-09 21:37:20 #10 type.registry] 
New type java.util.Vector<java.lang.Object>

------------------------------------------------------------------------------------------------------------------------

[2022-03-09 21:39:27 #1 store] 
Database 'C:\Users\Joseba\Desktop\Workspace\IS1\Bets21\src\main\resources\bets.temp' is opened by 10400@DESKTOP-C3VT0J7

[2022-03-09 21:39:27 #2 type.registry] 
New type domain.Question

[2022-03-09 21:39:27 #3 type] 
Type domain.Question is not enhanced.

[2022-03-09 21:39:27 #4 type.registry] 
New type java.util.Vector<java.lang.String>

[2022-03-09 21:39:27 #5 type.registry] 
New type domain.Event

[2022-03-09 21:39:27 #6 type] 
Type domain.Event is not enhanced.

[2022-03-09 21:39:27 #7 type.registry] 
New type java.util.Vector<domain.Question>

[2022-03-09 21:39:27 #8 type.registry] 
New type domain.User

[2022-03-09 21:39:27 #9 type] 
Type domain.User is not enhanced.

[2022-03-09 21:39:27 #10 type.registry] 
New type java.util.Vector<java.lang.Object>

------------------------------------------------------------------------------------------------------------------------

[2022-03-09 21:40:57 #1 store] 
Database 'C:\Users\Joseba\Desktop\Workspace\IS1\Bets21\src\main\resources\bets.temp' is opened by 1584@DESKTOP-C3VT0J7

[2022-03-09 21:40:57 #2 type.registry] 
New type domain.Question

[2022-03-09 21:40:57 #3 type] 
Type domain.Question is not enhanced.

[2022-03-09 21:40:57 #4 type.registry] 
New type java.util.Vector<java.lang.String>

[2022-03-09 21:40:57 #5 type.registry] 
New type domain.Event

[2022-03-09 21:40:57 #6 type] 
Type domain.Event is not enhanced.

[2022-03-09 21:40:57 #7 type.registry] 
New type java.util.Vector<domain.Question>

[2022-03-09 21:40:57 #8 type.registry] 
New type domain.User

[2022-03-09 21:40:57 #9 type] 
Type domain.User is not enhanced.

[2022-03-09 21:40:57 #10 type.registry] 
New type java.util.Vector<java.lang.Object>

------------------------------------------------------------------------------------------------------------------------

[2022-03-09 22:08:35 #1 store] 
Database 'C:\Users\Joseba\Desktop\Workspace\IS1\Bets21\src\main\resources\bets.temp' is opened by 7980@DESKTOP-C3VT0J7

[2022-03-09 22:08:36 #2 type.registry] 
New type domain.Question

[2022-03-09 22:08:36 #3 type] 
Type domain.Question is not enhanced.

[2022-03-09 22:08:36 #4 type.registry] 
New type java.util.Vector<java.lang.String>

[2022-03-09 22:08:36 #5 type.registry] 
New type domain.Event

[2022-03-09 22:08:36 #6 type] 
Type domain.Event is not enhanced.

[2022-03-09 22:08:36 #7 type.registry] 
New type java.util.Vector<domain.Question>

[2022-03-09 22:08:36 #8 type.registry] 
New type domain.User

[2022-03-09 22:08:36 #9 type] 
Type domain.User is not enhanced.

[2022-03-09 22:08:36 #10 type.registry] 
New type java.util.Vector<java.lang.Object>

------------------------------------------------------------------------------------------------------------------------

[2022-03-09 22:09:57 #1 store] 
Database 'C:\Users\Joseba\Desktop\Workspace\IS1\Bets21\src\main\resources\bets.temp' is opened by 12076@DESKTOP-C3VT0J7

[2022-03-09 22:09:57 #2 type.registry] 
New type domain.Question

[2022-03-09 22:09:57 #3 type] 
Type domain.Question is not enhanced.

[2022-03-09 22:09:57 #4 type.registry] 
New type java.util.Vector<java.lang.String>

[2022-03-09 22:09:57 #5 type.registry] 
New type domain.Event

[2022-03-09 22:09:57 #6 type] 
Type domain.Event is not enhanced.

[2022-03-09 22:09:57 #7 type.registry] 
New type java.util.Vector<domain.Question>

[2022-03-09 22:09:57 #8 type.registry] 
New type domain.User

[2022-03-09 22:09:57 #9 type] 
Type domain.User is not enhanced.

[2022-03-09 22:09:57 #10 type.registry] 
New type java.util.Vector<java.lang.Object>

------------------------------------------------------------------------------------------------------------------------

[2022-03-09 22:10:13 #1 store] 
Database 'C:\Users\Joseba\Desktop\Workspace\IS1\Bets21\src\main\resources\bets.temp' is opened by 11032@DESKTOP-C3VT0J7

[2022-03-09 22:10:13 #2 type.registry] 
New type domain.Question

[2022-03-09 22:10:13 #3 type] 
Type domain.Question is not enhanced.

[2022-03-09 22:10:13 #4 type.registry] 
New type java.util.Vector<java.lang.String>

[2022-03-09 22:10:13 #5 type.registry] 
New type domain.Event

[2022-03-09 22:10:13 #6 type] 
Type domain.Event is not enhanced.

[2022-03-09 22:10:13 #7 type.registry] 
New type java.util.Vector<domain.Question>

[2022-03-09 22:10:13 #8 type.registry] 
New type domain.User

[2022-03-09 22:10:13 #9 type] 
Type domain.User is not enhanced.

[2022-03-09 22:10:13 #10 type.registry] 
New type java.util.Vector<java.lang.Object>

------------------------------------------------------------------------------------------------------------------------

[2022-03-09 22:13:02 #1 store] 
Database 'C:\Users\Joseba\Desktop\Workspace\IS1\Bets21\src\main\resources\bets.temp' is opened by 13760@DESKTOP-C3VT0J7

[2022-03-09 22:13:02 #2 type.registry] 
New type domain.Question

[2022-03-09 22:13:02 #3 type] 
Type domain.Question is not enhanced.

[2022-03-09 22:13:02 #4 type.registry] 
New type java.util.Vector<java.lang.String>

[2022-03-09 22:13:02 #5 type.registry] 
New type domain.Event

[2022-03-09 22:13:02 #6 type] 
Type domain.Event is not enhanced.

[2022-03-09 22:13:02 #7 type.registry] 
New type java.util.Vector<domain.Question>

[2022-03-09 22:13:02 #8 type.registry] 
New type domain.User

[2022-03-09 22:13:02 #9 type] 
Type domain.User is not enhanced.

[2022-03-09 22:13:02 #10 type.registry] 
New type java.util.Vector<java.lang.Object>

------------------------------------------------------------------------------------------------------------------------

[2022-03-09 22:19:08 #1 store] 
Database 'C:\Users\Joseba\Desktop\Workspace\IS1\Bets21\src\main\resources\bets.temp' is opened by 11172@DESKTOP-C3VT0J7

[2022-03-09 22:19:08 #2 type.registry] 
New type domain.Question

[2022-03-09 22:19:08 #3 type] 
Type domain.Question is not enhanced.

[2022-03-09 22:19:08 #4 type.registry] 
New type java.util.Vector<java.lang.String>

[2022-03-09 22:19:08 #5 type.registry] 
New type domain.Event

[2022-03-09 22:19:08 #6 type] 
Type domain.Event is not enhanced.

[2022-03-09 22:19:08 #7 type.registry] 
New type java.util.Vector<domain.Question>

[2022-03-09 22:19:08 #8 type.registry] 
New type domain.User

[2022-03-09 22:19:08 #9 type] 
Type domain.User is not enhanced.

[2022-03-09 22:19:08 #10 type.registry] 
New type java.util.Vector<java.lang.Object>

------------------------------------------------------------------------------------------------------------------------

[2022-03-09 22:21:04 #1 store] 
Database 'C:\Users\Joseba\Desktop\Workspace\IS1\Bets21\src\main\resources\bets.temp' is opened by 3392@DESKTOP-C3VT0J7

[2022-03-09 22:21:04 #2 type.registry] 
New type domain.Question

[2022-03-09 22:21:04 #3 type] 
Type domain.Question is not enhanced.

[2022-03-09 22:21:04 #4 type.registry] 
New type java.util.Vector<java.lang.String>

[2022-03-09 22:21:04 #5 type.registry] 
New type domain.Event

[2022-03-09 22:21:04 #6 type] 
Type domain.Event is not enhanced.

[2022-03-09 22:21:04 #7 type.registry] 
New type java.util.Vector<domain.Question>

[2022-03-09 22:21:04 #8 type.registry] 
New type domain.User

[2022-03-09 22:21:04 #9 type] 
Type domain.User is not enhanced.

[2022-03-09 22:21:04 #10 type.registry] 
New type java.util.Vector<java.lang.Object>

------------------------------------------------------------------------------------------------------------------------

[2022-03-09 22:28:40 #1 store] 
Database 'C:\Users\Joseba\Desktop\Workspace\IS1\Bets21\src\main\resources\bets.temp' is opened by 16612@DESKTOP-C3VT0J7

[2022-03-09 22:28:40 #2 type.registry] 
New type domain.Question

[2022-03-09 22:28:40 #3 type] 
Type domain.Question is not enhanced.

[2022-03-09 22:28:40 #4 type.registry] 
New type java.util.Vector<java.lang.String>

[2022-03-09 22:28:40 #5 type.registry] 
New type domain.Event

[2022-03-09 22:28:40 #6 type] 
Type domain.Event is not enhanced.

[2022-03-09 22:28:40 #7 type.registry] 
New type java.util.Vector<domain.Question>

[2022-03-09 22:28:40 #8 type.registry] 
New type domain.User

[2022-03-09 22:28:40 #9 type] 
Type domain.User is not enhanced.

[2022-03-09 22:28:40 #10 type.registry] 
New type java.util.Vector<java.lang.Object>

------------------------------------------------------------------------------------------------------------------------

[2022-03-09 22:40:05 #1 store] 
Database 'C:\Users\Joseba\Desktop\Workspace\IS1\Bets21\src\main\resources\bets.temp' is opened by 13196@DESKTOP-C3VT0J7

[2022-03-09 22:40:05 #2 type.registry] 
New type domain.Question

[2022-03-09 22:40:05 #3 type] 
Type domain.Question is not enhanced.

[2022-03-09 22:40:05 #4 type.registry] 
New type java.util.Vector<java.lang.String>

[2022-03-09 22:40:05 #5 type.registry] 
New type domain.Event

[2022-03-09 22:40:05 #6 type] 
Type domain.Event is not enhanced.

[2022-03-09 22:40:05 #7 type.registry] 
New type java.util.Vector<domain.Question>

[2022-03-09 22:40:05 #8 type.registry] 
New type domain.User

[2022-03-09 22:40:05 #9 type] 
Type domain.User is not enhanced.

[2022-03-09 22:40:05 #10 type.registry] 
New type java.util.Vector<java.lang.Object>

------------------------------------------------------------------------------------------------------------------------

[2022-03-09 22:45:06 #1 store] 
Database 'C:\Users\Joseba\Desktop\Workspace\IS1\Bets21\src\main\resources\bets.temp' is opened by 12176@DESKTOP-C3VT0J7

[2022-03-09 22:45:07 #2 type.registry] 
New type domain.Question

[2022-03-09 22:45:07 #3 type] 
Type domain.Question is not enhanced.

[2022-03-09 22:45:07 #4 type.registry] 
New type java.util.Vector<java.lang.String>

[2022-03-09 22:45:07 #5 type.registry] 
New type domain.Event

[2022-03-09 22:45:07 #6 type] 
Type domain.Event is not enhanced.

[2022-03-09 22:45:07 #7 type.registry] 
New type java.util.Vector<domain.Question>

[2022-03-09 22:45:07 #8 type.registry] 
New type domain.User

[2022-03-09 22:45:07 #9 type] 
Type domain.User is not enhanced.

[2022-03-09 22:45:07 #10 type.registry] 
New type java.util.Vector<java.lang.Object>

