------------------------------------------------------------------------------------------------------------------------

[2022-03-16 09:35:14 #1 store] 
Database 'C:\Users\Joseba\Desktop\Workspace\IS1\Bets21\src\main\resources\bets.temp' has been recovered (tr. 8-8)

[2022-03-16 09:35:14 #2 store] 
Database 'C:\Users\Joseba\Desktop\Workspace\IS1\Bets21\src\main\resources\bets.temp' is opened by 2820@DESKTOP-C3VT0J7

[2022-03-16 09:35:15 #3 type] 
Type domain.Question is not enhanced.

[2022-03-16 09:35:15 #4 type] 
Type domain.Pronosticos is not enhanced.

[2022-03-16 09:35:15 #5 type] 
Type domain.Event is not enhanced.

[2022-03-16 09:35:15 #6 type] 
Type domain.User is not enhanced.

------------------------------------------------------------------------------------------------------------------------

[2022-03-16 09:41:00 #1 store] 
Database 'C:\Users\Joseba\Desktop\Workspace\IS1\Bets21\src\main\resources\bets.temp' is opened by 8584@DESKTOP-C3VT0J7

[2022-03-16 09:41:00 #2 type] 
Type domain.Question is not enhanced.

[2022-03-16 09:41:00 #3 type] 
Type domain.Pronosticos is not enhanced.

[2022-03-16 09:41:00 #4 type] 
Type domain.Event is not enhanced.

[2022-03-16 09:41:00 #5 type] 
Type domain.User is not enhanced.

------------------------------------------------------------------------------------------------------------------------

[2022-03-16 09:47:30 #1 store] 
Database 'C:\Users\Joseba\Desktop\Workspace\IS1\Bets21\src\main\resources\bets.temp' is opened by 11776@DESKTOP-C3VT0J7

[2022-03-16 09:47:31 #2 type] 
Type domain.Question is not enhanced.

[2022-03-16 09:47:31 #3 type] 
Type domain.Pronosticos is not enhanced.

[2022-03-16 09:47:31 #4 type] 
Type domain.Event is not enhanced.

[2022-03-16 09:47:31 #5 type] 
Type domain.User is not enhanced.

------------------------------------------------------------------------------------------------------------------------

[2022-03-16 09:53:19 #1 store] 
Database 'C:\Users\Joseba\Desktop\Workspace\IS1\Bets21\src\main\resources\bets.temp' has been recovered (tr. 9-9)

[2022-03-16 09:53:19 #2 store] 
Database 'C:\Users\Joseba\Desktop\Workspace\IS1\Bets21\src\main\resources\bets.temp' is opened by 9716@DESKTOP-C3VT0J7

[2022-03-16 09:53:19 #3 type] 
Type domain.Question is not enhanced.

[2022-03-16 09:53:19 #4 type] 
Type domain.Pronosticos is not enhanced.

[2022-03-16 09:53:19 #5 type] 
Type domain.Event is not enhanced.

[2022-03-16 09:53:19 #6 type] 
Type domain.User is not enhanced.

------------------------------------------------------------------------------------------------------------------------

[2022-03-16 09:53:26 #1 store] 
Database 'C:\Users\Joseba\Desktop\Workspace\IS1\Bets21\src\main\resources\bets.temp' is opened by 1316@DESKTOP-C3VT0J7

[2022-03-16 09:53:26 #2 type] 
Type domain.Question is not enhanced.

[2022-03-16 09:53:26 #3 type] 
Type domain.Pronosticos is not enhanced.

[2022-03-16 09:53:26 #4 type] 
Type domain.Event is not enhanced.

[2022-03-16 09:53:26 #5 type] 
Type domain.User is not enhanced.

------------------------------------------------------------------------------------------------------------------------

[2022-03-16 09:54:13 #1 store] 
Database 'C:\Users\Joseba\Desktop\Workspace\IS1\Bets21\src\main\resources\bets.temp' is opened by 4180@DESKTOP-C3VT0J7

[2022-03-16 09:54:13 #2 type] 
Type domain.Question is not enhanced.

[2022-03-16 09:54:14 #3 type] 
Type domain.Pronosticos is not enhanced.

[2022-03-16 09:54:14 #4 type] 
Type domain.Event is not enhanced.

[2022-03-16 09:54:14 #5 type] 
Type domain.User is not enhanced.

------------------------------------------------------------------------------------------------------------------------

[2022-03-16 09:55:17 #1 store] 
Database 'C:\Users\Joseba\Desktop\Workspace\IS1\Bets21\src\main\resources\bets.temp' is opened by 1932@DESKTOP-C3VT0J7

[2022-03-16 09:55:17 #2 type] 
Type domain.Question is not enhanced.

[2022-03-16 09:55:17 #3 type] 
Type domain.Pronosticos is not enhanced.

[2022-03-16 09:55:17 #4 type] 
Type domain.Event is not enhanced.

[2022-03-16 09:55:17 #5 type] 
Type domain.User is not enhanced.

