------------------------------------------------------------------------------------------------------------------------

[2022-04-03 17:38:43 #1 store] 
Database 'C:\Users\Joseba\Desktop\Workspace\IS1.1\Bets21\src\main\resources\bets.temp' is opened by 2916@DESKTOP-C3VT0J7

[2022-04-03 17:38:59 #2 type.registry] 
New type domain.User

[2022-04-03 17:38:59 #3 type] 
Type domain.User is not enhanced.

[2022-04-03 17:38:59 #4 type.registry] 
New type domain.Tarjeta

[2022-04-03 17:38:59 #5 type] 
Type domain.Tarjeta is not enhanced.

------------------------------------------------------------------------------------------------------------------------

[2022-04-03 17:40:31 #1 store] 
Database 'C:\Users\Joseba\Desktop\Workspace\IS1.1\Bets21\src\main\resources\bets.temp' is opened by 3928@DESKTOP-C3VT0J7

[2022-04-03 17:40:31 #2 type.registry] 
New type domain.Question

[2022-04-03 17:40:31 #3 type] 
Type domain.Question is not enhanced.

[2022-04-03 17:40:31 #4 type.registry] 
New type domain.Pronosticos

[2022-04-03 17:40:31 #5 type.registry] 
New type domain.Event

[2022-04-03 17:40:31 #6 type] 
Type domain.Pronosticos is not enhanced.

[2022-04-03 17:40:31 #7 type.registry] 
New type java.util.Vector<java.lang.String>

[2022-04-03 17:40:31 #8 type] 
Type domain.Event is not enhanced.

[2022-04-03 17:40:31 #9 type.registry] 
New type java.util.Vector<domain.Question>

[2022-04-03 17:40:31 #10 type.registry] 
New type domain.User

[2022-04-03 17:40:31 #11 type] 
Type domain.User is not enhanced.

[2022-04-03 17:40:31 #12 type.registry] 
New type domain.Tarjeta

[2022-04-03 17:40:31 #13 type] 
Type domain.Tarjeta is not enhanced.

[2022-04-03 17:40:31 #14 type.registry] 
New type java.util.Vector<java.lang.Object>

------------------------------------------------------------------------------------------------------------------------

[2022-04-03 18:09:53 #1 store] 
Database 'C:\Users\Joseba\Desktop\Workspace\IS1.1\Bets21\src\main\resources\bets.temp' has been recovered (tr. 1-6)

[2022-04-03 18:09:53 #2 store] 
Database 'C:\Users\Joseba\Desktop\Workspace\IS1.1\Bets21\src\main\resources\bets.temp' is opened by 15940@DESKTOP-C3VT0J7

[2022-04-03 18:09:54 #3 type] 
Type domain.Question is not enhanced.

[2022-04-03 18:09:54 #4 type] 
Type domain.Pronosticos is not enhanced.

[2022-04-03 18:09:54 #5 type] 
Type domain.Event is not enhanced.

[2022-04-03 18:09:54 #6 type] 
Type domain.User is not enhanced.

[2022-04-03 18:09:54 #7 type] 
Type domain.Tarjeta is not enhanced.

------------------------------------------------------------------------------------------------------------------------

[2022-04-03 18:10:50 #1 store] 
Database 'C:\Users\Joseba\Desktop\Workspace\IS1.1\Bets21\src\main\resources\bets.temp' has been recovered (tr. 7-7)

[2022-04-03 18:10:50 #2 store] 
Database 'C:\Users\Joseba\Desktop\Workspace\IS1.1\Bets21\src\main\resources\bets.temp' is opened by 11604@DESKTOP-C3VT0J7

[2022-04-03 18:10:50 #3 type] 
Type domain.Question is not enhanced.

[2022-04-03 18:10:50 #4 type] 
Type domain.Pronosticos is not enhanced.

[2022-04-03 18:10:50 #5 type] 
Type domain.Event is not enhanced.

[2022-04-03 18:10:50 #6 type] 
Type domain.User is not enhanced.

[2022-04-03 18:10:50 #7 type] 
Type domain.Tarjeta is not enhanced.

------------------------------------------------------------------------------------------------------------------------

[2022-04-03 19:41:02 #1 store] 
Database 'C:\Users\Joseba\Desktop\Workspace\IS1.1\Bets21\src\main\resources\bets.temp' is opened by 14616@DESKTOP-C3VT0J7

[2022-04-03 19:41:02 #2 type.registry] 
New type domain.Question

[2022-04-03 19:41:02 #3 type] 
Type domain.Question is not enhanced.

[2022-04-03 19:41:02 #4 type.registry] 
New type domain.Pronosticos

[2022-04-03 19:41:02 #5 type.registry] 
New type domain.Event

[2022-04-03 19:41:02 #6 type] 
Type domain.Pronosticos is not enhanced.

[2022-04-03 19:41:02 #7 type.registry] 
New type java.util.Vector<java.lang.String>

[2022-04-03 19:41:02 #8 type] 
Type domain.Event is not enhanced.

[2022-04-03 19:41:02 #9 type.registry] 
New type java.util.Vector<domain.Question>

[2022-04-03 19:41:02 #10 type.registry] 
New type domain.User

[2022-04-03 19:41:02 #11 type] 
Type domain.User is not enhanced.

[2022-04-03 19:41:02 #12 type.registry] 
New type domain.Tarjeta

[2022-04-03 19:41:02 #13 type] 
Type domain.Tarjeta is not enhanced.

[2022-04-03 19:41:02 #14 type.registry] 
New type java.util.Vector<java.lang.Object>

------------------------------------------------------------------------------------------------------------------------

[2022-04-03 19:50:25 #1 store] 
Database 'C:\Users\Joseba\Desktop\Workspace\IS1.1\Bets21\src\main\resources\bets.temp' is opened by 10164@DESKTOP-C3VT0J7

[2022-04-03 19:50:25 #2 type.registry] 
New type domain.Question

[2022-04-03 19:50:25 #3 type] 
Type domain.Question is not enhanced.

[2022-04-03 19:50:25 #4 type.registry] 
New type domain.Pronosticos

[2022-04-03 19:50:25 #5 type.registry] 
New type domain.Event

[2022-04-03 19:50:25 #6 type] 
Type domain.Pronosticos is not enhanced.

[2022-04-03 19:50:25 #7 type.registry] 
New type java.util.Vector<java.lang.String>

[2022-04-03 19:50:25 #8 type] 
Type domain.Event is not enhanced.

[2022-04-03 19:50:25 #9 type.registry] 
New type java.util.Vector<domain.Question>

[2022-04-03 19:50:25 #10 type.registry] 
New type domain.User

[2022-04-03 19:50:25 #11 type] 
Type domain.User is not enhanced.

[2022-04-03 19:50:25 #12 type.registry] 
New type domain.Tarjeta

[2022-04-03 19:50:25 #13 type] 
Type domain.Tarjeta is not enhanced.

[2022-04-03 19:50:25 #14 type.registry] 
New type java.util.Vector<java.lang.Object>

------------------------------------------------------------------------------------------------------------------------

[2022-04-03 19:51:48 #1 store] 
Database 'C:\Users\Joseba\Desktop\Workspace\IS1.1\Bets21\src\main\resources\bets.temp' has been recovered (tr. 1-7)

[2022-04-03 19:51:48 #2 store] 
Database 'C:\Users\Joseba\Desktop\Workspace\IS1.1\Bets21\src\main\resources\bets.temp' is opened by 11076@DESKTOP-C3VT0J7

[2022-04-03 19:51:49 #3 type] 
Type domain.Question is not enhanced.

[2022-04-03 19:51:49 #4 type] 
Type domain.Pronosticos is not enhanced.

[2022-04-03 19:51:49 #5 type] 
Type domain.Event is not enhanced.

[2022-04-03 19:51:49 #6 type] 
Type domain.User is not enhanced.

[2022-04-03 19:51:49 #7 type] 
Type domain.Tarjeta is not enhanced.

------------------------------------------------------------------------------------------------------------------------

[2022-04-03 19:54:41 #1 store] 
Database 'C:\Users\Joseba\Desktop\Workspace\IS1.1\Bets21\src\main\resources\bets.temp' is opened by 920@DESKTOP-C3VT0J7

[2022-04-03 19:54:41 #2 type] 
Type domain.Question is not enhanced.

[2022-04-03 19:54:41 #3 type] 
Type domain.Pronosticos is not enhanced.

[2022-04-03 19:54:41 #4 type] 
Type domain.Event is not enhanced.

[2022-04-03 19:54:41 #5 type] 
Type domain.User is not enhanced.

[2022-04-03 19:54:41 #6 type] 
Type domain.Tarjeta is not enhanced.

------------------------------------------------------------------------------------------------------------------------

[2022-04-03 19:56:20 #1 store] 
Database 'C:\Users\Joseba\Desktop\Workspace\IS1.1\Bets21\src\main\resources\bets.temp' is opened by 9436@DESKTOP-C3VT0J7

[2022-04-03 19:56:20 #2 type] 
Type domain.Question is not enhanced.

[2022-04-03 19:56:20 #3 type] 
Type domain.Pronosticos is not enhanced.

[2022-04-03 19:56:20 #4 type] 
Type domain.Event is not enhanced.

[2022-04-03 19:56:20 #5 type] 
Type domain.User is not enhanced.

[2022-04-03 19:56:20 #6 type] 
Type domain.Tarjeta is not enhanced.

[2022-04-03 19:57:58 #7 type.registry] 
New type domain.Apuesta

[2022-04-03 19:57:58 #8 type] 
Type domain.Apuesta is not enhanced.

------------------------------------------------------------------------------------------------------------------------

[2022-04-03 20:09:06 #1 store] 
Database 'C:\Users\Joseba\Desktop\Workspace\IS1.1\Bets21\src\main\resources\bets.temp' has been recovered (tr. 8-11)

[2022-04-03 20:09:06 #2 store] 
Database 'C:\Users\Joseba\Desktop\Workspace\IS1.1\Bets21\src\main\resources\bets.temp' is opened by 13672@DESKTOP-C3VT0J7

[2022-04-03 20:09:06 #3 type] 
Type domain.Question is not enhanced.

[2022-04-03 20:09:06 #4 type] 
Type domain.Pronosticos is not enhanced.

[2022-04-03 20:09:06 #5 type] 
Type domain.Event is not enhanced.

[2022-04-03 20:09:06 #6 type] 
Type domain.User is not enhanced.

[2022-04-03 20:09:06 #7 type] 
Type domain.Tarjeta is not enhanced.

[2022-04-03 20:09:06 #8 type] 
Type domain.Apuesta is not enhanced.

------------------------------------------------------------------------------------------------------------------------

[2022-04-03 20:12:21 #1 store] 
Database 'C:\Users\Joseba\Desktop\Workspace\IS1.1\Bets21\src\main\resources\bets.temp' has been recovered (tr. 12-12)

[2022-04-03 20:12:21 #2 store] 
Database 'C:\Users\Joseba\Desktop\Workspace\IS1.1\Bets21\src\main\resources\bets.temp' is opened by 1456@DESKTOP-C3VT0J7

[2022-04-03 20:12:21 #3 type] 
Type domain.Question is not enhanced.

[2022-04-03 20:12:21 #4 type] 
Type domain.Pronosticos is not enhanced.

[2022-04-03 20:12:21 #5 type] 
Type domain.Event is not enhanced.

[2022-04-03 20:12:21 #6 type] 
Type domain.User is not enhanced.

[2022-04-03 20:12:21 #7 type] 
Type domain.Tarjeta is not enhanced.

[2022-04-03 20:12:21 #8 type] 
Type domain.Apuesta is not enhanced.

------------------------------------------------------------------------------------------------------------------------

[2022-04-03 20:14:13 #1 store] 
Database 'C:\Users\Joseba\Desktop\Workspace\IS1.1\Bets21\src\main\resources\bets.temp' is opened by 12160@DESKTOP-C3VT0J7

[2022-04-03 20:14:13 #2 type] 
Type domain.Question is not enhanced.

[2022-04-03 20:14:13 #3 type] 
Type domain.Pronosticos is not enhanced.

[2022-04-03 20:14:13 #4 type] 
Type domain.Event is not enhanced.

[2022-04-03 20:14:13 #5 type] 
Type domain.User is not enhanced.

[2022-04-03 20:14:13 #6 type] 
Type domain.Tarjeta is not enhanced.

[2022-04-03 20:14:13 #7 type] 
Type domain.Apuesta is not enhanced.

------------------------------------------------------------------------------------------------------------------------

[2022-04-03 20:18:36 #1 store] 
Database 'C:\Users\Joseba\Desktop\Workspace\IS1.1\Bets21\src\main\resources\bets.temp' is opened by 11848@DESKTOP-C3VT0J7

[2022-04-03 20:18:36 #2 type] 
Type domain.Question is not enhanced.

[2022-04-03 20:18:36 #3 type] 
Type domain.Pronosticos is not enhanced.

[2022-04-03 20:18:36 #4 type] 
Type domain.Event is not enhanced.

[2022-04-03 20:18:36 #5 type] 
Type domain.User is not enhanced.

[2022-04-03 20:18:36 #6 type] 
Type domain.Tarjeta is not enhanced.

[2022-04-03 20:18:36 #7 type] 
Type domain.Apuesta is not enhanced.

------------------------------------------------------------------------------------------------------------------------

[2022-04-03 20:18:41 #1 store] 
Database 'C:\Users\Joseba\Desktop\Workspace\IS1.1\Bets21\src\main\resources\bets.temp' is opened by 6888@DESKTOP-C3VT0J7

[2022-04-03 20:18:41 #2 type] 
Type domain.Question is not enhanced.

[2022-04-03 20:18:41 #3 type] 
Type domain.Pronosticos is not enhanced.

[2022-04-03 20:18:41 #4 type] 
Type domain.Event is not enhanced.

[2022-04-03 20:18:41 #5 type] 
Type domain.User is not enhanced.

[2022-04-03 20:18:41 #6 type] 
Type domain.Tarjeta is not enhanced.

[2022-04-03 20:18:41 #7 type] 
Type domain.Apuesta is not enhanced.

------------------------------------------------------------------------------------------------------------------------

[2022-04-03 20:23:16 #1 store] 
Database 'C:\Users\Joseba\Desktop\Workspace\IS1.1\Bets21\src\main\resources\bets.temp' has been recovered (tr. 13-15)

[2022-04-03 20:23:16 #2 store] 
Database 'C:\Users\Joseba\Desktop\Workspace\IS1.1\Bets21\src\main\resources\bets.temp' is opened by 1984@DESKTOP-C3VT0J7

[2022-04-03 20:23:16 #3 type] 
Type domain.Question is not enhanced.

[2022-04-03 20:23:16 #4 type] 
Type domain.Pronosticos is not enhanced.

[2022-04-03 20:23:16 #5 type] 
Type domain.Event is not enhanced.

[2022-04-03 20:23:16 #6 type] 
Type domain.User is not enhanced.

[2022-04-03 20:23:16 #7 type] 
Type domain.Tarjeta is not enhanced.

[2022-04-03 20:23:16 #8 type] 
Type domain.Apuesta is not enhanced.

------------------------------------------------------------------------------------------------------------------------

[2022-04-03 22:02:21 #1 store] 
Database 'C:\Users\Joseba\Desktop\Workspace\IS1.1\Bets21\src\main\resources\bets.temp' has been recovered (tr. 16-17)

[2022-04-03 22:02:21 #2 store] 
Database 'C:\Users\Joseba\Desktop\Workspace\IS1.1\Bets21\src\main\resources\bets.temp' is opened by 15500@DESKTOP-C3VT0J7

[2022-04-03 22:02:22 #3 type] 
Type domain.Question is not enhanced.

[2022-04-03 22:02:22 #4 type.registry] 
New type java.util.Vector<domain.Apuesta>

[2022-04-03 22:02:22 #5 type] 
Type domain.Pronosticos is not enhanced.

[2022-04-03 22:02:22 #6 type] 
Type domain.Event is not enhanced.

[2022-04-03 22:02:22 #7 type] 
Type domain.User is not enhanced.

[2022-04-03 22:02:22 #8 type] 
Type domain.Tarjeta is not enhanced.

[2022-04-03 22:02:22 #9 type] 
Type domain.Apuesta is not enhanced.

------------------------------------------------------------------------------------------------------------------------

[2022-04-03 22:03:52 #1 store] 
Database 'C:\Users\Joseba\Desktop\Workspace\IS1.1\Bets21\src\main\resources\bets.temp' has been recovered (tr. 18-18)

[2022-04-03 22:03:52 #2 store] 
Database 'C:\Users\Joseba\Desktop\Workspace\IS1.1\Bets21\src\main\resources\bets.temp' is opened by 17212@DESKTOP-C3VT0J7

[2022-04-03 22:03:52 #3 type] 
Type domain.Question is not enhanced.

[2022-04-03 22:03:52 #4 type] 
Type domain.Pronosticos is not enhanced.

[2022-04-03 22:03:52 #5 type] 
Type domain.Event is not enhanced.

[2022-04-03 22:03:52 #6 type] 
Type domain.User is not enhanced.

[2022-04-03 22:03:52 #7 type] 
Type domain.Tarjeta is not enhanced.

[2022-04-03 22:03:52 #8 type] 
Type domain.Apuesta is not enhanced.

------------------------------------------------------------------------------------------------------------------------

[2022-04-03 22:04:08 #1 store] 
Database 'C:\Users\Joseba\Desktop\Workspace\IS1.1\Bets21\src\main\resources\bets.temp' is opened by 264@DESKTOP-C3VT0J7

[2022-04-03 22:04:09 #2 type.registry] 
New type domain.Question

[2022-04-03 22:04:09 #3 type] 
Type domain.Question is not enhanced.

[2022-04-03 22:04:09 #4 type.registry] 
New type domain.Apuesta

[2022-04-03 22:04:09 #5 type.registry] 
New type java.util.Vector<domain.Apuesta>

[2022-04-03 22:04:09 #6 type.registry] 
New type domain.Pronosticos

[2022-04-03 22:04:09 #7 type.registry] 
New type domain.Event

[2022-04-03 22:04:09 #8 type] 
Type domain.Apuesta is not enhanced.

[2022-04-03 22:04:09 #9 type] 
Type domain.Pronosticos is not enhanced.

[2022-04-03 22:04:09 #10 type.registry] 
New type java.util.Vector<java.lang.String>

[2022-04-03 22:04:09 #11 type] 
Type domain.Event is not enhanced.

[2022-04-03 22:04:09 #12 type.registry] 
New type java.util.Vector<domain.Question>

[2022-04-03 22:04:09 #13 type.registry] 
New type domain.User

[2022-04-03 22:04:09 #14 type] 
Type domain.User is not enhanced.

[2022-04-03 22:04:09 #15 type.registry] 
New type domain.Tarjeta

[2022-04-03 22:04:09 #16 type] 
Type domain.Tarjeta is not enhanced.

[2022-04-03 22:04:09 #17 type.registry] 
New type java.util.Vector<java.lang.Object>

------------------------------------------------------------------------------------------------------------------------

[2022-04-03 22:08:21 #1 store] 
Database 'C:\Users\Joseba\Desktop\Workspace\IS1.1\Bets21\src\main\resources\bets.temp' has been recovered (tr. 1-9)

[2022-04-03 22:08:21 #2 store] 
Database 'C:\Users\Joseba\Desktop\Workspace\IS1.1\Bets21\src\main\resources\bets.temp' is opened by 13244@DESKTOP-C3VT0J7

[2022-04-03 22:08:22 #3 type] 
Type domain.Question is not enhanced.

[2022-04-03 22:08:22 #4 type] 
Type domain.Apuesta is not enhanced.

[2022-04-03 22:08:22 #5 type] 
Type domain.Pronosticos is not enhanced.

[2022-04-03 22:08:22 #6 type] 
Type domain.Event is not enhanced.

[2022-04-03 22:08:22 #7 type] 
Type domain.User is not enhanced.

[2022-04-03 22:08:22 #8 type] 
Type domain.Tarjeta is not enhanced.

------------------------------------------------------------------------------------------------------------------------

[2022-04-03 22:12:09 #1 store] 
Database 'C:\Users\Joseba\Desktop\Workspace\IS1.1\Bets21\src\main\resources\bets.temp' has been recovered (tr. 10-10)

[2022-04-03 22:12:09 #2 store] 
Database 'C:\Users\Joseba\Desktop\Workspace\IS1.1\Bets21\src\main\resources\bets.temp' is opened by 5172@DESKTOP-C3VT0J7

[2022-04-03 22:12:09 #3 type] 
Type domain.Question is not enhanced.

[2022-04-03 22:12:09 #4 type] 
Type domain.Apuesta is not enhanced.

[2022-04-03 22:12:09 #5 type] 
Type domain.Pronosticos is not enhanced.

[2022-04-03 22:12:09 #6 type] 
Type domain.Event is not enhanced.

[2022-04-03 22:12:09 #7 type] 
Type domain.User is not enhanced.

[2022-04-03 22:12:09 #8 type] 
Type domain.Tarjeta is not enhanced.

------------------------------------------------------------------------------------------------------------------------

[2022-04-03 22:15:38 #1 store] 
Database 'C:\Users\Joseba\Desktop\Workspace\IS1.1\Bets21\src\main\resources\bets.temp' has been recovered (tr. 11-12)

[2022-04-03 22:15:38 #2 store] 
Database 'C:\Users\Joseba\Desktop\Workspace\IS1.1\Bets21\src\main\resources\bets.temp' is opened by 1136@DESKTOP-C3VT0J7

[2022-04-03 22:15:38 #3 type] 
Type domain.Question is not enhanced.

[2022-04-03 22:15:38 #4 type] 
Type domain.Apuesta is not enhanced.

[2022-04-03 22:15:38 #5 type] 
Type domain.Pronosticos is not enhanced.

[2022-04-03 22:15:38 #6 type] 
Type domain.Event is not enhanced.

[2022-04-03 22:15:38 #7 type] 
Type domain.User is not enhanced.

[2022-04-03 22:15:38 #8 type] 
Type domain.Tarjeta is not enhanced.

------------------------------------------------------------------------------------------------------------------------

[2022-04-03 22:20:41 #1 store] 
Database 'C:\Users\Joseba\Desktop\Workspace\IS1.1\Bets21\src\main\resources\bets.temp' is opened by 8752@DESKTOP-C3VT0J7

[2022-04-03 22:20:41 #2 type] 
Type domain.Question is not enhanced.

[2022-04-03 22:20:41 #3 type] 
Type domain.Apuesta is not enhanced.

[2022-04-03 22:20:41 #4 type] 
Type domain.Pronosticos is not enhanced.

[2022-04-03 22:20:41 #5 type] 
Type domain.Event is not enhanced.

[2022-04-03 22:20:41 #6 type] 
Type domain.User is not enhanced.

[2022-04-03 22:20:41 #7 type] 
Type domain.Tarjeta is not enhanced.

------------------------------------------------------------------------------------------------------------------------

[2022-04-03 22:43:18 #1 store] 
Database 'C:\Users\Joseba\Desktop\Workspace\IS1.1\Bets21\src\main\resources\bets.temp' is opened by 4900@DESKTOP-C3VT0J7

[2022-04-03 22:43:19 #2 type] 
Type domain.Question is not enhanced.

[2022-04-03 22:43:19 #3 type] 
Type domain.Apuesta is not enhanced.

[2022-04-03 22:43:19 #4 type] 
Type domain.Pronosticos is not enhanced.

[2022-04-03 22:43:19 #5 type] 
Type domain.Event is not enhanced.

[2022-04-03 22:43:19 #6 type] 
Type domain.User is not enhanced.

[2022-04-03 22:43:19 #7 type] 
Type domain.Tarjeta is not enhanced.

------------------------------------------------------------------------------------------------------------------------

[2022-04-03 22:51:58 #1 store] 
Database 'C:\Users\Joseba\Desktop\Workspace\IS1.1\Bets21\src\main\resources\bets.temp' is opened by 5112@DESKTOP-C3VT0J7

[2022-04-03 22:51:58 #2 type] 
Type domain.Question is not enhanced.

[2022-04-03 22:51:58 #3 type] 
Type domain.Apuesta is not enhanced.

[2022-04-03 22:51:58 #4 type] 
Type domain.Pronosticos is not enhanced.

[2022-04-03 22:51:58 #5 type] 
Type domain.Event is not enhanced.

[2022-04-03 22:51:58 #6 type] 
Type domain.User is not enhanced.

[2022-04-03 22:51:58 #7 type] 
Type domain.Tarjeta is not enhanced.

------------------------------------------------------------------------------------------------------------------------

[2022-04-03 22:53:19 #1 store] 
Database 'C:\Users\Joseba\Desktop\Workspace\IS1.1\Bets21\src\main\resources\bets.temp' is opened by 12804@DESKTOP-C3VT0J7

[2022-04-03 22:53:20 #2 type] 
Type domain.Question is not enhanced.

[2022-04-03 22:53:20 #3 type] 
Type domain.Apuesta is not enhanced.

[2022-04-03 22:53:20 #4 type] 
Type domain.Pronosticos is not enhanced.

[2022-04-03 22:53:20 #5 type] 
Type domain.Event is not enhanced.

[2022-04-03 22:53:20 #6 type] 
Type domain.User is not enhanced.

[2022-04-03 22:53:20 #7 type] 
Type domain.Tarjeta is not enhanced.

------------------------------------------------------------------------------------------------------------------------

[2022-04-03 22:54:16 #1 store] 
Database 'C:\Users\Joseba\Desktop\Workspace\IS1.1\Bets21\src\main\resources\bets.temp' is opened by 6888@DESKTOP-C3VT0J7

[2022-04-03 22:54:17 #2 type] 
Type domain.Question is not enhanced.

[2022-04-03 22:54:17 #3 type] 
Type domain.Apuesta is not enhanced.

[2022-04-03 22:54:17 #4 type] 
Type domain.Pronosticos is not enhanced.

[2022-04-03 22:54:17 #5 type] 
Type domain.Event is not enhanced.

[2022-04-03 22:54:17 #6 type] 
Type domain.User is not enhanced.

[2022-04-03 22:54:17 #7 type] 
Type domain.Tarjeta is not enhanced.

------------------------------------------------------------------------------------------------------------------------

[2022-04-03 22:55:35 #1 store] 
Database 'C:\Users\Joseba\Desktop\Workspace\IS1.1\Bets21\src\main\resources\bets.temp' is opened by 7596@DESKTOP-C3VT0J7

[2022-04-03 22:55:35 #2 type] 
Type domain.Question is not enhanced.

[2022-04-03 22:55:35 #3 type] 
Type domain.Apuesta is not enhanced.

[2022-04-03 22:55:35 #4 type] 
Type domain.Pronosticos is not enhanced.

[2022-04-03 22:55:35 #5 type] 
Type domain.Event is not enhanced.

[2022-04-03 22:55:35 #6 type] 
Type domain.User is not enhanced.

[2022-04-03 22:55:35 #7 type] 
Type domain.Tarjeta is not enhanced.

------------------------------------------------------------------------------------------------------------------------

[2022-04-03 22:58:16 #1 store] 
Database 'C:\Users\Joseba\Desktop\Workspace\IS1.1\Bets21\src\main\resources\bets.temp' has been recovered (tr. 13-14)

[2022-04-03 22:58:16 #2 store] 
Database 'C:\Users\Joseba\Desktop\Workspace\IS1.1\Bets21\src\main\resources\bets.temp' is opened by 17288@DESKTOP-C3VT0J7

[2022-04-03 22:58:16 #3 type] 
Type domain.Question is not enhanced.

[2022-04-03 22:58:16 #4 type] 
Type domain.Apuesta is not enhanced.

[2022-04-03 22:58:16 #5 type] 
Type domain.Pronosticos is not enhanced.

[2022-04-03 22:58:16 #6 type] 
Type domain.Event is not enhanced.

[2022-04-03 22:58:16 #7 type] 
Type domain.User is not enhanced.

[2022-04-03 22:58:16 #8 type] 
Type domain.Tarjeta is not enhanced.

------------------------------------------------------------------------------------------------------------------------

[2022-04-03 22:59:55 #1 store] 
Database 'C:\Users\Joseba\Desktop\Workspace\IS1.1\Bets21\src\main\resources\bets.temp' is opened by 14796@DESKTOP-C3VT0J7

[2022-04-03 22:59:55 #2 type] 
Type domain.Question is not enhanced.

[2022-04-03 22:59:55 #3 type] 
Type domain.Apuesta is not enhanced.

[2022-04-03 22:59:55 #4 type] 
Type domain.Pronosticos is not enhanced.

[2022-04-03 22:59:55 #5 type] 
Type domain.Event is not enhanced.

[2022-04-03 22:59:55 #6 type] 
Type domain.User is not enhanced.

[2022-04-03 22:59:55 #7 type] 
Type domain.Tarjeta is not enhanced.

------------------------------------------------------------------------------------------------------------------------

[2022-04-03 23:02:13 #1 store] 
Database 'C:\Users\Joseba\Desktop\Workspace\IS1.1\Bets21\src\main\resources\bets.temp' has been recovered (tr. 15-18)

[2022-04-03 23:02:13 #2 store] 
Database 'C:\Users\Joseba\Desktop\Workspace\IS1.1\Bets21\src\main\resources\bets.temp' is opened by 16784@DESKTOP-C3VT0J7

[2022-04-03 23:02:13 #3 type] 
Type domain.Question is not enhanced.

[2022-04-03 23:02:13 #4 type] 
Type domain.Apuesta is not enhanced.

[2022-04-03 23:02:13 #5 type] 
Type domain.Pronosticos is not enhanced.

[2022-04-03 23:02:13 #6 type] 
Type domain.Event is not enhanced.

[2022-04-03 23:02:13 #7 type] 
Type domain.User is not enhanced.

[2022-04-03 23:02:13 #8 type] 
Type domain.Tarjeta is not enhanced.

------------------------------------------------------------------------------------------------------------------------

[2022-04-03 23:09:54 #1 store] 
Database 'C:\Users\Joseba\Desktop\Workspace\IS1.1\Bets21\src\main\resources\bets.temp' has been recovered (tr. 19-19)

[2022-04-03 23:09:54 #2 store] 
Database 'C:\Users\Joseba\Desktop\Workspace\IS1.1\Bets21\src\main\resources\bets.temp' is opened by 2988@DESKTOP-C3VT0J7

[2022-04-03 23:09:54 #3 type] 
Type domain.Question is not enhanced.

[2022-04-03 23:09:54 #4 type] 
Type domain.Apuesta is not enhanced.

[2022-04-03 23:09:54 #5 type] 
Type domain.Pronosticos is not enhanced.

[2022-04-03 23:09:54 #6 type] 
Type domain.Event is not enhanced.

[2022-04-03 23:09:54 #7 type] 
Type domain.User is not enhanced.

[2022-04-03 23:09:54 #8 type] 
Type domain.Tarjeta is not enhanced.

------------------------------------------------------------------------------------------------------------------------

[2022-04-03 23:19:48 #1 store] 
Database 'C:\Users\Joseba\Desktop\Workspace\IS1.1\Bets21\src\main\resources\bets.temp' has been recovered (tr. 20-23)

[2022-04-03 23:19:48 #2 store] 
Database 'C:\Users\Joseba\Desktop\Workspace\IS1.1\Bets21\src\main\resources\bets.temp' is opened by 1272@DESKTOP-C3VT0J7

[2022-04-03 23:19:49 #3 type] 
Type domain.Question is not enhanced.

[2022-04-03 23:19:49 #4 type] 
Type domain.Apuesta is not enhanced.

[2022-04-03 23:19:49 #5 type] 
Type domain.Pronosticos is not enhanced.

[2022-04-03 23:19:49 #6 type] 
Type domain.Event is not enhanced.

[2022-04-03 23:19:49 #7 type] 
Type domain.User is not enhanced.

[2022-04-03 23:19:49 #8 type] 
Type domain.Tarjeta is not enhanced.

------------------------------------------------------------------------------------------------------------------------

[2022-04-03 23:21:57 #1 store] 
Database 'C:\Users\Joseba\Desktop\Workspace\IS1.1\Bets21\src\main\resources\bets.temp' is opened by 9220@DESKTOP-C3VT0J7

[2022-04-03 23:21:57 #2 type] 
Type domain.Question is not enhanced.

[2022-04-03 23:21:57 #3 type] 
Type domain.Apuesta is not enhanced.

[2022-04-03 23:21:57 #4 type] 
Type domain.Pronosticos is not enhanced.

[2022-04-03 23:21:57 #5 type] 
Type domain.Event is not enhanced.

[2022-04-03 23:21:57 #6 type] 
Type domain.User is not enhanced.

[2022-04-03 23:21:57 #7 type] 
Type domain.Tarjeta is not enhanced.

------------------------------------------------------------------------------------------------------------------------

[2022-04-03 23:28:01 #1 store] 
Database 'C:\Users\Joseba\Desktop\Workspace\IS1.1\Bets21\src\main\resources\bets.temp' has been recovered (tr. 24-25)

[2022-04-03 23:28:01 #2 store] 
Database 'C:\Users\Joseba\Desktop\Workspace\IS1.1\Bets21\src\main\resources\bets.temp' is opened by 3824@DESKTOP-C3VT0J7

[2022-04-03 23:28:01 #3 type] 
Type domain.Question is not enhanced.

[2022-04-03 23:28:01 #4 type] 
Type domain.Apuesta is not enhanced.

[2022-04-03 23:28:01 #5 type] 
Type domain.Pronosticos is not enhanced.

[2022-04-03 23:28:01 #6 type] 
Type domain.Event is not enhanced.

[2022-04-03 23:28:01 #7 type] 
Type domain.User is not enhanced.

[2022-04-03 23:28:01 #8 type] 
Type domain.Tarjeta is not enhanced.

------------------------------------------------------------------------------------------------------------------------

[2022-04-03 23:29:12 #1 store] 
Database 'C:\Users\Joseba\Desktop\Workspace\IS1.1\Bets21\src\main\resources\bets.temp' has been recovered (tr. 26-29)

[2022-04-03 23:29:12 #2 store] 
Database 'C:\Users\Joseba\Desktop\Workspace\IS1.1\Bets21\src\main\resources\bets.temp' is opened by 16708@DESKTOP-C3VT0J7

[2022-04-03 23:29:12 #3 type] 
Type domain.Question is not enhanced.

[2022-04-03 23:29:12 #4 type] 
Type domain.Apuesta is not enhanced.

[2022-04-03 23:29:12 #5 type] 
Type domain.Pronosticos is not enhanced.

[2022-04-03 23:29:12 #6 type] 
Type domain.Event is not enhanced.

[2022-04-03 23:29:12 #7 type] 
Type domain.User is not enhanced.

[2022-04-03 23:29:12 #8 type] 
Type domain.Tarjeta is not enhanced.

