------------------------------------------------------------------------------------------------------------------------

[2022-04-04 12:30:12 #1 store] 
Database 'C:\Users\Joseba\Desktop\Workspace\IS1.1\Bets21\src\main\resources\bets.temp' is opened by 13436@DESKTOP-C3VT0J7

[2022-04-04 12:30:13 #2 type] 
Type domain.Question is not enhanced.

[2022-04-04 12:30:13 #3 type] 
Type domain.Apuesta is not enhanced.

[2022-04-04 12:30:13 #4 type] 
Type domain.Pronosticos is not enhanced.

[2022-04-04 12:30:13 #5 type] 
Type domain.Event is not enhanced.

[2022-04-04 12:30:13 #6 type] 
Type domain.User is not enhanced.

[2022-04-04 12:30:13 #7 type] 
Type domain.Tarjeta is not enhanced.

------------------------------------------------------------------------------------------------------------------------

[2022-04-04 12:36:14 #1 store] 
Database 'C:\Users\Joseba\Desktop\Workspace\IS1.1\Bets21\src\main\resources\bets.temp' has been recovered (tr. 30-31)

[2022-04-04 12:36:14 #2 store] 
Database 'C:\Users\Joseba\Desktop\Workspace\IS1.1\Bets21\src\main\resources\bets.temp' is opened by 17400@DESKTOP-C3VT0J7

[2022-04-04 12:36:15 #3 type] 
Type domain.Question is not enhanced.

[2022-04-04 12:36:15 #4 type] 
Type domain.Apuesta is not enhanced.

[2022-04-04 12:36:15 #5 type] 
Type domain.Pronosticos is not enhanced.

[2022-04-04 12:36:15 #6 type] 
Type domain.Event is not enhanced.

[2022-04-04 12:36:15 #7 type] 
Type domain.User is not enhanced.

[2022-04-04 12:36:15 #8 type] 
Type domain.Tarjeta is not enhanced.

------------------------------------------------------------------------------------------------------------------------

[2022-04-04 12:39:45 #1 store] 
Database 'C:\Users\Joseba\Desktop\Workspace\IS1.1\Bets21\src\main\resources\bets.temp' has been recovered (tr. 32-32)

[2022-04-04 12:39:46 #2 store] 
Database 'C:\Users\Joseba\Desktop\Workspace\IS1.1\Bets21\src\main\resources\bets.temp' is opened by 14216@DESKTOP-C3VT0J7

[2022-04-04 12:39:46 #3 type] 
Type domain.Question is not enhanced.

[2022-04-04 12:39:46 #4 type] 
Type domain.Apuesta is not enhanced.

[2022-04-04 12:39:46 #5 type] 
Type domain.Pronosticos is not enhanced.

[2022-04-04 12:39:46 #6 type] 
Type domain.Event is not enhanced.

[2022-04-04 12:39:46 #7 type] 
Type domain.User is not enhanced.

[2022-04-04 12:39:46 #8 type] 
Type domain.Tarjeta is not enhanced.

------------------------------------------------------------------------------------------------------------------------

[2022-04-04 12:52:55 #1 store] 
Database 'C:\Users\Joseba\Desktop\Workspace\IS1.1\Bets21\src\main\resources\bets.temp' is opened by 3040@DESKTOP-C3VT0J7

[2022-04-04 12:52:55 #2 type] 
Type domain.Question is not enhanced.

[2022-04-04 12:52:55 #3 type] 
Type domain.Apuesta is not enhanced.

[2022-04-04 12:52:55 #4 type] 
Type domain.Pronosticos is not enhanced.

[2022-04-04 12:52:55 #5 type] 
Type domain.Event is not enhanced.

[2022-04-04 12:52:55 #6 type] 
Type domain.User is not enhanced.

[2022-04-04 12:52:55 #7 type] 
Type domain.Tarjeta is not enhanced.

------------------------------------------------------------------------------------------------------------------------

[2022-04-04 12:54:20 #1 store] 
Database 'C:\Users\Joseba\Desktop\Workspace\IS1.1\Bets21\src\main\resources\bets.temp' is opened by 9600@DESKTOP-C3VT0J7

[2022-04-04 12:54:20 #2 type] 
Type domain.Question is not enhanced.

[2022-04-04 12:54:20 #3 type] 
Type domain.Apuesta is not enhanced.

[2022-04-04 12:54:20 #4 type] 
Type domain.Pronosticos is not enhanced.

[2022-04-04 12:54:20 #5 type] 
Type domain.Event is not enhanced.

[2022-04-04 12:54:20 #6 type] 
Type domain.User is not enhanced.

[2022-04-04 12:54:20 #7 type] 
Type domain.Tarjeta is not enhanced.

------------------------------------------------------------------------------------------------------------------------

[2022-04-04 12:57:27 #1 store] 
Database 'C:\Users\Joseba\Desktop\Workspace\IS1.1\Bets21\src\main\resources\bets.temp' is opened by 6604@DESKTOP-C3VT0J7

[2022-04-04 12:57:27 #2 type] 
Type domain.Question is not enhanced.

[2022-04-04 12:57:27 #3 type] 
Type domain.Apuesta is not enhanced.

[2022-04-04 12:57:27 #4 type] 
Type domain.Pronosticos is not enhanced.

[2022-04-04 12:57:27 #5 type] 
Type domain.Event is not enhanced.

[2022-04-04 12:57:27 #6 type] 
Type domain.User is not enhanced.

[2022-04-04 12:57:27 #7 type] 
Type domain.Tarjeta is not enhanced.

------------------------------------------------------------------------------------------------------------------------

[2022-04-04 13:11:04 #1 store] 
Database 'C:\Users\Joseba\Desktop\Workspace\IS1.1\Bets21\src\main\resources\bets.temp' is opened by 7320@DESKTOP-C3VT0J7

[2022-04-04 13:11:04 #2 type] 
Type domain.Question is not enhanced.

[2022-04-04 13:11:04 #3 type] 
Type domain.Apuesta is not enhanced.

[2022-04-04 13:11:04 #4 type] 
Type domain.Pronosticos is not enhanced.

[2022-04-04 13:11:04 #5 type] 
Type domain.Event is not enhanced.

[2022-04-04 13:11:04 #6 type] 
Type domain.User is not enhanced.

[2022-04-04 13:11:04 #7 type] 
Type domain.Tarjeta is not enhanced.

------------------------------------------------------------------------------------------------------------------------

[2022-04-04 13:16:12 #1 store] 
Database 'C:\Users\Joseba\Desktop\Workspace\IS1.1\Bets21\src\main\resources\bets.temp' has been recovered (tr. 33-34)

[2022-04-04 13:16:12 #2 store] 
Database 'C:\Users\Joseba\Desktop\Workspace\IS1.1\Bets21\src\main\resources\bets.temp' is opened by 10828@DESKTOP-C3VT0J7

[2022-04-04 13:16:12 #3 type] 
Type domain.Question is not enhanced.

[2022-04-04 13:16:12 #4 type] 
Type domain.Apuesta is not enhanced.

[2022-04-04 13:16:12 #5 type] 
Type domain.Pronosticos is not enhanced.

[2022-04-04 13:16:12 #6 type] 
Type domain.Event is not enhanced.

[2022-04-04 13:16:12 #7 type] 
Type domain.User is not enhanced.

[2022-04-04 13:16:12 #8 type] 
Type domain.Tarjeta is not enhanced.

------------------------------------------------------------------------------------------------------------------------

[2022-04-04 13:40:45 #1 store] 
Database 'C:\Users\Joseba\Desktop\Workspace\IS1.1\Bets21\src\main\resources\bets.temp' is opened by 1748@DESKTOP-C3VT0J7

[2022-04-04 13:40:45 #2 type] 
Type domain.Question is not enhanced.

[2022-04-04 13:40:45 #3 type] 
Type domain.Apuesta is not enhanced.

[2022-04-04 13:40:45 #4 type] 
Type domain.Pronosticos is not enhanced.

[2022-04-04 13:40:45 #5 type] 
Type domain.Event is not enhanced.

[2022-04-04 13:40:45 #6 type] 
Type domain.User is not enhanced.

[2022-04-04 13:40:45 #7 type] 
Type domain.Tarjeta is not enhanced.

------------------------------------------------------------------------------------------------------------------------

[2022-04-04 13:41:33 #1 store] 
Database 'C:\Users\Joseba\Desktop\Workspace\IS1.1\Bets21\src\main\resources\bets.temp' is opened by 17300@DESKTOP-C3VT0J7

[2022-04-04 13:41:33 #2 type.registry] 
New type domain.Question

[2022-04-04 13:41:33 #3 type] 
Type domain.Question is not enhanced.

[2022-04-04 13:41:33 #4 type.registry] 
New type domain.Apuesta

[2022-04-04 13:41:33 #5 type.registry] 
New type java.util.Vector<domain.Apuesta>

[2022-04-04 13:41:33 #6 type.registry] 
New type domain.Pronosticos

[2022-04-04 13:41:33 #7 type.registry] 
New type domain.Event

[2022-04-04 13:41:33 #8 type] 
Type domain.Apuesta is not enhanced.

[2022-04-04 13:41:33 #9 type] 
Type domain.Pronosticos is not enhanced.

[2022-04-04 13:41:33 #10 type.registry] 
New type java.util.Vector<java.lang.String>

[2022-04-04 13:41:33 #11 type] 
Type domain.Event is not enhanced.

[2022-04-04 13:41:33 #12 type.registry] 
New type java.util.Vector<domain.Question>

[2022-04-04 13:41:33 #13 type.registry] 
New type domain.User

[2022-04-04 13:41:33 #14 type] 
Type domain.User is not enhanced.

[2022-04-04 13:41:33 #15 type.registry] 
New type domain.Tarjeta

[2022-04-04 13:41:33 #16 type] 
Type domain.Tarjeta is not enhanced.

[2022-04-04 13:41:33 #17 type.registry] 
New type java.util.Vector<java.lang.Object>

------------------------------------------------------------------------------------------------------------------------

[2022-04-04 13:43:08 #1 store] 
Database 'C:\Users\Joseba\Desktop\Workspace\IS1.1\Bets21\src\main\resources\bets.temp' is opened by 10476@DESKTOP-C3VT0J7

[2022-04-04 13:43:08 #2 type.registry] 
New type domain.Question

[2022-04-04 13:43:08 #3 type] 
Type domain.Question is not enhanced.

[2022-04-04 13:43:08 #4 type.registry] 
New type domain.Apuesta

[2022-04-04 13:43:08 #5 type.registry] 
New type java.util.Vector<domain.Apuesta>

[2022-04-04 13:43:08 #6 type.registry] 
New type domain.Pronosticos

[2022-04-04 13:43:08 #7 type.registry] 
New type domain.Event

[2022-04-04 13:43:08 #8 type] 
Type domain.Apuesta is not enhanced.

[2022-04-04 13:43:08 #9 type] 
Type domain.Pronosticos is not enhanced.

[2022-04-04 13:43:08 #10 type.registry] 
New type java.util.Vector<java.lang.String>

[2022-04-04 13:43:08 #11 type] 
Type domain.Event is not enhanced.

[2022-04-04 13:43:08 #12 type.registry] 
New type java.util.Vector<domain.Question>

[2022-04-04 13:43:08 #13 type.registry] 
New type domain.User

[2022-04-04 13:43:08 #14 type] 
Type domain.User is not enhanced.

[2022-04-04 13:43:08 #15 type.registry] 
New type domain.Tarjeta

[2022-04-04 13:43:08 #16 type] 
Type domain.Tarjeta is not enhanced.

[2022-04-04 13:43:08 #17 type.registry] 
New type java.util.Vector<java.lang.Object>

