------------------------------------------------------------------------------------------------------------------------

[2022-04-05 10:56:46 #1 store] 
Database 'C:\Users\Joseba\Desktop\Workspace\IS1.1\Bets21\src\main\resources\bets.temp' is opened by 2796@DESKTOP-C3VT0J7

[2022-04-05 10:56:47 #2 type.registry] 
New type domain.Question

[2022-04-05 10:56:47 #3 type] 
Type domain.Question is not enhanced.

[2022-04-05 10:56:47 #4 type.registry] 
New type domain.Apuesta

[2022-04-05 10:56:47 #5 type.registry] 
New type java.util.Vector<domain.Apuesta>

[2022-04-05 10:56:47 #6 type.registry] 
New type domain.Pronosticos

[2022-04-05 10:56:47 #7 type.registry] 
New type domain.Event

[2022-04-05 10:56:47 #8 type] 
Type domain.Apuesta is not enhanced.

[2022-04-05 10:56:47 #9 type] 
Type domain.Pronosticos is not enhanced.

[2022-04-05 10:56:47 #10 type.registry] 
New type java.util.Vector<java.lang.String>

[2022-04-05 10:56:47 #11 type] 
Type domain.Event is not enhanced.

[2022-04-05 10:56:47 #12 type.registry] 
New type java.util.Vector<domain.Question>

[2022-04-05 10:56:47 #13 type.registry] 
New type domain.User

[2022-04-05 10:56:47 #14 type] 
Type domain.User is not enhanced.

[2022-04-05 10:56:47 #15 type.registry] 
New type domain.Tarjeta

[2022-04-05 10:56:47 #16 type] 
Type domain.Tarjeta is not enhanced.

[2022-04-05 10:56:47 #17 type.registry] 
New type java.util.Vector<java.lang.Object>

------------------------------------------------------------------------------------------------------------------------

[2022-04-05 10:58:42 #1 store] 
Database 'C:\Users\Joseba\Desktop\Workspace\IS1.1\Bets21\src\main\resources\bets.temp' is opened by 6528@DESKTOP-C3VT0J7

[2022-04-05 10:58:42 #2 type] 
Type domain.Question is not enhanced.

[2022-04-05 10:58:42 #3 type] 
Type domain.Apuesta is not enhanced.

[2022-04-05 10:58:42 #4 type] 
Type domain.Pronosticos is not enhanced.

[2022-04-05 10:58:42 #5 type] 
Type domain.Event is not enhanced.

[2022-04-05 10:58:42 #6 type] 
Type domain.User is not enhanced.

[2022-04-05 10:58:42 #7 type] 
Type domain.Tarjeta is not enhanced.

------------------------------------------------------------------------------------------------------------------------

[2022-04-05 10:59:06 #1 store] 
Database 'C:\Users\Joseba\Desktop\Workspace\IS1.1\Bets21\src\main\resources\bets.temp' is opened by 6784@DESKTOP-C3VT0J7

[2022-04-05 10:59:06 #2 type] 
Type domain.Question is not enhanced.

[2022-04-05 10:59:06 #3 type] 
Type domain.Apuesta is not enhanced.

[2022-04-05 10:59:06 #4 type] 
Type domain.Pronosticos is not enhanced.

[2022-04-05 10:59:06 #5 type] 
Type domain.Event is not enhanced.

[2022-04-05 10:59:06 #6 type] 
Type domain.User is not enhanced.

[2022-04-05 10:59:06 #7 type] 
Type domain.Tarjeta is not enhanced.

------------------------------------------------------------------------------------------------------------------------

[2022-04-05 11:03:50 #1 store] 
Database 'C:\Users\Joseba\Desktop\Workspace\IS1.1\Bets21\src\main\resources\bets.temp' is opened by 9848@DESKTOP-C3VT0J7

[2022-04-05 11:03:51 #2 type] 
Type domain.Question is not enhanced.

[2022-04-05 11:03:51 #3 type] 
Type domain.Apuesta is not enhanced.

[2022-04-05 11:03:51 #4 type] 
Type domain.Pronosticos is not enhanced.

[2022-04-05 11:03:51 #5 type] 
Type domain.Event is not enhanced.

[2022-04-05 11:03:51 #6 type] 
Type domain.User is not enhanced.

[2022-04-05 11:03:51 #7 type] 
Type domain.Tarjeta is not enhanced.

------------------------------------------------------------------------------------------------------------------------

[2022-04-05 11:05:14 #1 store] 
Database 'C:\Users\Joseba\Desktop\Workspace\IS1.1\Bets21\src\main\resources\bets.temp' is opened by 11392@DESKTOP-C3VT0J7

[2022-04-05 11:05:14 #2 type] 
Type domain.Question is not enhanced.

[2022-04-05 11:05:14 #3 type] 
Type domain.Apuesta is not enhanced.

[2022-04-05 11:05:14 #4 type] 
Type domain.Pronosticos is not enhanced.

[2022-04-05 11:05:14 #5 type] 
Type domain.Event is not enhanced.

[2022-04-05 11:05:14 #6 type] 
Type domain.User is not enhanced.

[2022-04-05 11:05:14 #7 type] 
Type domain.Tarjeta is not enhanced.

------------------------------------------------------------------------------------------------------------------------

[2022-04-05 11:05:51 #1 store] 
Database 'C:\Users\Joseba\Desktop\Workspace\IS1.1\Bets21\src\main\resources\bets.temp' is opened by 4100@DESKTOP-C3VT0J7

[2022-04-05 11:05:51 #2 type] 
Type domain.Question is not enhanced.

[2022-04-05 11:05:51 #3 type] 
Type domain.Apuesta is not enhanced.

[2022-04-05 11:05:51 #4 type] 
Type domain.Pronosticos is not enhanced.

[2022-04-05 11:05:51 #5 type] 
Type domain.Event is not enhanced.

[2022-04-05 11:05:51 #6 type] 
Type domain.User is not enhanced.

[2022-04-05 11:05:51 #7 type] 
Type domain.Tarjeta is not enhanced.

------------------------------------------------------------------------------------------------------------------------

[2022-04-05 11:06:01 #1 store] 
Database 'C:\Users\Joseba\Desktop\Workspace\IS1.1\Bets21\src\main\resources\bets.temp' is opened by 5396@DESKTOP-C3VT0J7

[2022-04-05 11:06:01 #2 type] 
Type domain.Question is not enhanced.

[2022-04-05 11:06:01 #3 type] 
Type domain.Apuesta is not enhanced.

[2022-04-05 11:06:01 #4 type] 
Type domain.Pronosticos is not enhanced.

[2022-04-05 11:06:01 #5 type] 
Type domain.Event is not enhanced.

[2022-04-05 11:06:01 #6 type] 
Type domain.User is not enhanced.

[2022-04-05 11:06:01 #7 type] 
Type domain.Tarjeta is not enhanced.

------------------------------------------------------------------------------------------------------------------------

[2022-04-05 11:07:29 #1 store] 
Database 'C:\Users\Joseba\Desktop\Workspace\IS1.1\Bets21\src\main\resources\bets.temp' is opened by 16096@DESKTOP-C3VT0J7

[2022-04-05 11:07:29 #2 type] 
Type domain.Question is not enhanced.

[2022-04-05 11:07:29 #3 type] 
Type domain.Apuesta is not enhanced.

[2022-04-05 11:07:29 #4 type] 
Type domain.Pronosticos is not enhanced.

[2022-04-05 11:07:29 #5 type] 
Type domain.Event is not enhanced.

[2022-04-05 11:07:29 #6 type] 
Type domain.User is not enhanced.

[2022-04-05 11:07:29 #7 type] 
Type domain.Tarjeta is not enhanced.

------------------------------------------------------------------------------------------------------------------------

[2022-04-05 11:08:11 #1 store] 
Database 'C:\Users\Joseba\Desktop\Workspace\IS1.1\Bets21\src\main\resources\bets.temp' is opened by 4372@DESKTOP-C3VT0J7

[2022-04-05 11:08:11 #2 type] 
Type domain.Question is not enhanced.

[2022-04-05 11:08:11 #3 type] 
Type domain.Apuesta is not enhanced.

[2022-04-05 11:08:11 #4 type] 
Type domain.Pronosticos is not enhanced.

[2022-04-05 11:08:11 #5 type] 
Type domain.Event is not enhanced.

[2022-04-05 11:08:11 #6 type] 
Type domain.User is not enhanced.

[2022-04-05 11:08:11 #7 type] 
Type domain.Tarjeta is not enhanced.

