------------------------------------------------------------------------------------------------------------------------

[2022-05-04 14:57:53 #1 store] 
Database 'C:\Users\Joseba\git\repository\Bets21\src\main\resources\bets.temp' is opened by 7608@DESKTOP-C3VT0J7

[2022-05-04 14:57:54 #2 type.registry] 
New type domain.Question

[2022-05-04 14:57:54 #3 type] 
Type domain.Question is not enhanced.

[2022-05-04 14:57:54 #4 type.registry] 
New type domain.Apuesta

[2022-05-04 14:57:54 #5 type.registry] 
New type java.util.Vector<domain.Apuesta>

[2022-05-04 14:57:54 #6 type.registry] 
New type domain.Pronosticos

[2022-05-04 14:57:54 #7 type.registry] 
New type domain.Event

[2022-05-04 14:57:54 #8 type] 
Type domain.Apuesta is not enhanced.

[2022-05-04 14:57:54 #9 type] 
Type domain.Pronosticos is not enhanced.

[2022-05-04 14:57:54 #10 type.registry] 
New type java.util.Vector<java.lang.Float>

[2022-05-04 14:57:54 #11 type.registry] 
New type java.util.Vector<java.lang.String>

[2022-05-04 14:57:54 #12 type] 
Type domain.Event is not enhanced.

[2022-05-04 14:57:54 #13 type.registry] 
New type java.util.Vector<domain.Question>

[2022-05-04 14:57:54 #14 type.registry] 
New type domain.User

[2022-05-04 14:57:54 #15 type] 
Type domain.User is not enhanced.

[2022-05-04 14:57:54 #16 type.registry] 
New type domain.Tarjeta

[2022-05-04 14:57:54 #17 type] 
Type domain.Tarjeta is not enhanced.

[2022-05-04 14:57:54 #18 type.registry] 
New type domain.Transaccion

[2022-05-04 14:57:54 #19 type.registry] 
New type java.util.Vector<domain.Transaccion>

[2022-05-04 14:57:54 #20 type] 
Type domain.Transaccion is not enhanced.

[2022-05-04 14:57:54 #21 type.registry] 
New type java.util.Vector<java.lang.Object>

------------------------------------------------------------------------------------------------------------------------

[2022-05-04 15:02:35 #1 store] 
Database 'C:\Users\Joseba\git\repository\Bets21\src\main\resources\bets.temp' is opened by 11324@DESKTOP-C3VT0J7

[2022-05-04 15:02:35 #2 type.registry] 
New type domain.Question

[2022-05-04 15:02:35 #3 type] 
Type domain.Question is not enhanced.

[2022-05-04 15:02:35 #4 type.registry] 
New type domain.Apuesta

[2022-05-04 15:02:35 #5 type.registry] 
New type java.util.Vector<domain.Apuesta>

[2022-05-04 15:02:35 #6 type.registry] 
New type domain.Pronosticos

[2022-05-04 15:02:35 #7 type.registry] 
New type domain.Event

[2022-05-04 15:02:35 #8 type] 
Type domain.Apuesta is not enhanced.

[2022-05-04 15:02:35 #9 type] 
Type domain.Pronosticos is not enhanced.

[2022-05-04 15:02:35 #10 type.registry] 
New type java.util.Vector<java.lang.Float>

[2022-05-04 15:02:35 #11 type.registry] 
New type java.util.Vector<java.lang.String>

[2022-05-04 15:02:35 #12 type] 
Type domain.Event is not enhanced.

[2022-05-04 15:02:35 #13 type.registry] 
New type java.util.Vector<domain.Question>

[2022-05-04 15:02:35 #14 type.registry] 
New type domain.User

[2022-05-04 15:02:35 #15 type] 
Type domain.User is not enhanced.

[2022-05-04 15:02:35 #16 type.registry] 
New type domain.Tarjeta

[2022-05-04 15:02:35 #17 type] 
Type domain.Tarjeta is not enhanced.

[2022-05-04 15:02:35 #18 type.registry] 
New type domain.Transaccion

[2022-05-04 15:02:35 #19 type.registry] 
New type java.util.Vector<domain.Transaccion>

[2022-05-04 15:02:35 #20 type] 
Type domain.Transaccion is not enhanced.

[2022-05-04 15:02:35 #21 type.registry] 
New type java.util.Vector<java.lang.Object>

------------------------------------------------------------------------------------------------------------------------

[2022-05-04 15:03:44 #1 store] 
Database 'C:\Users\Joseba\git\repository\Bets21\src\main\resources\bets.temp' is opened by 7332@DESKTOP-C3VT0J7

[2022-05-04 15:03:44 #2 type.registry] 
New type domain.Question

[2022-05-04 15:03:44 #3 type] 
Type domain.Question is not enhanced.

[2022-05-04 15:03:44 #4 type.registry] 
New type domain.Apuesta

[2022-05-04 15:03:44 #5 type.registry] 
New type java.util.Vector<domain.Apuesta>

[2022-05-04 15:03:44 #6 type.registry] 
New type domain.Pronosticos

[2022-05-04 15:03:44 #7 type.registry] 
New type domain.Event

[2022-05-04 15:03:44 #8 type] 
Type domain.Apuesta is not enhanced.

[2022-05-04 15:03:44 #9 type] 
Type domain.Pronosticos is not enhanced.

[2022-05-04 15:03:44 #10 type.registry] 
New type java.util.Vector<java.lang.Float>

[2022-05-04 15:03:44 #11 type.registry] 
New type java.util.Vector<java.lang.String>

[2022-05-04 15:03:44 #12 type] 
Type domain.Event is not enhanced.

[2022-05-04 15:03:44 #13 type.registry] 
New type java.util.Vector<domain.Question>

[2022-05-04 15:03:44 #14 type.registry] 
New type domain.User

[2022-05-04 15:03:44 #15 type] 
Type domain.User is not enhanced.

[2022-05-04 15:03:44 #16 type.registry] 
New type domain.Tarjeta

[2022-05-04 15:03:44 #17 type] 
Type domain.Tarjeta is not enhanced.

[2022-05-04 15:03:44 #18 type.registry] 
New type domain.Transaccion

[2022-05-04 15:03:44 #19 type.registry] 
New type java.util.Vector<domain.Transaccion>

[2022-05-04 15:03:44 #20 type] 
Type domain.Transaccion is not enhanced.

[2022-05-04 15:03:44 #21 type.registry] 
New type java.util.Vector<java.lang.Object>

------------------------------------------------------------------------------------------------------------------------

[2022-05-04 15:04:41 #1 store] 
Database 'C:\Users\Joseba\git\repository\Bets21\src\main\resources\bets.temp' is opened by 15656@DESKTOP-C3VT0J7

[2022-05-04 15:04:42 #2 type.registry] 
New type domain.Question

[2022-05-04 15:04:42 #3 type] 
Type domain.Question is not enhanced.

[2022-05-04 15:04:42 #4 type.registry] 
New type domain.Apuesta

[2022-05-04 15:04:42 #5 type.registry] 
New type java.util.Vector<domain.Apuesta>

[2022-05-04 15:04:42 #6 type.registry] 
New type domain.Pronosticos

[2022-05-04 15:04:42 #7 type.registry] 
New type domain.Event

[2022-05-04 15:04:42 #8 type] 
Type domain.Apuesta is not enhanced.

[2022-05-04 15:04:42 #9 type] 
Type domain.Pronosticos is not enhanced.

[2022-05-04 15:04:42 #10 type.registry] 
New type java.util.Vector<java.lang.Float>

[2022-05-04 15:04:42 #11 type.registry] 
New type java.util.Vector<java.lang.String>

[2022-05-04 15:04:42 #12 type] 
Type domain.Event is not enhanced.

[2022-05-04 15:04:42 #13 type.registry] 
New type java.util.Vector<domain.Question>

[2022-05-04 15:04:42 #14 type.registry] 
New type domain.User

[2022-05-04 15:04:42 #15 type] 
Type domain.User is not enhanced.

[2022-05-04 15:04:42 #16 type.registry] 
New type domain.Tarjeta

[2022-05-04 15:04:42 #17 type] 
Type domain.Tarjeta is not enhanced.

[2022-05-04 15:04:42 #18 type.registry] 
New type domain.Transaccion

[2022-05-04 15:04:42 #19 type.registry] 
New type java.util.Vector<domain.Transaccion>

[2022-05-04 15:04:42 #20 type] 
Type domain.Transaccion is not enhanced.

[2022-05-04 15:04:42 #21 type.registry] 
New type java.util.Vector<java.lang.Object>

------------------------------------------------------------------------------------------------------------------------

[2022-05-04 15:07:52 #1 store] 
Database 'C:\Users\Joseba\git\repository\Bets21\src\main\resources\bets.temp' is opened by 6832@DESKTOP-C3VT0J7

[2022-05-04 15:07:53 #2 type.registry] 
New type domain.Question

[2022-05-04 15:07:53 #3 type] 
Type domain.Question is not enhanced.

[2022-05-04 15:07:53 #4 type.registry] 
New type domain.Apuesta

[2022-05-04 15:07:53 #5 type.registry] 
New type java.util.Vector<domain.Apuesta>

[2022-05-04 15:07:53 #6 type.registry] 
New type domain.Pronosticos

[2022-05-04 15:07:53 #7 type.registry] 
New type domain.Event

[2022-05-04 15:07:53 #8 type] 
Type domain.Apuesta is not enhanced.

[2022-05-04 15:07:53 #9 type] 
Type domain.Pronosticos is not enhanced.

[2022-05-04 15:07:53 #10 type.registry] 
New type java.util.Vector<java.lang.Float>

[2022-05-04 15:07:53 #11 type.registry] 
New type java.util.Vector<java.lang.String>

[2022-05-04 15:07:53 #12 type] 
Type domain.Event is not enhanced.

[2022-05-04 15:07:53 #13 type.registry] 
New type java.util.Vector<domain.Question>

[2022-05-04 15:07:53 #14 type.registry] 
New type domain.User

[2022-05-04 15:07:53 #15 type] 
Type domain.User is not enhanced.

[2022-05-04 15:07:53 #16 type.registry] 
New type domain.Tarjeta

[2022-05-04 15:07:53 #17 type] 
Type domain.Tarjeta is not enhanced.

[2022-05-04 15:07:53 #18 type.registry] 
New type domain.Transaccion

[2022-05-04 15:07:53 #19 type.registry] 
New type java.util.Vector<domain.Transaccion>

[2022-05-04 15:07:53 #20 type] 
Type domain.Transaccion is not enhanced.

[2022-05-04 15:07:53 #21 type.registry] 
New type java.util.Vector<java.lang.Object>

------------------------------------------------------------------------------------------------------------------------

[2022-05-04 16:22:00 #1 store] 
Database 'C:\Users\Joseba\git\repository\Bets21\src\main\resources\bets.temp' is opened by 7352@DESKTOP-C3VT0J7

[2022-05-04 16:22:00 #2 type.registry] 
New type domain.Question

[2022-05-04 16:22:00 #3 type] 
Type domain.Question is not enhanced.

[2022-05-04 16:22:00 #4 type.registry] 
New type domain.Apuesta

[2022-05-04 16:22:00 #5 type.registry] 
New type java.util.Vector<domain.Apuesta>

[2022-05-04 16:22:00 #6 type.registry] 
New type domain.Pronosticos

[2022-05-04 16:22:00 #7 type.registry] 
New type domain.Event

[2022-05-04 16:22:00 #8 type] 
Type domain.Apuesta is not enhanced.

[2022-05-04 16:22:00 #9 type] 
Type domain.Pronosticos is not enhanced.

[2022-05-04 16:22:00 #10 type.registry] 
New type java.util.Vector<java.lang.Float>

[2022-05-04 16:22:00 #11 type.registry] 
New type java.util.Vector<java.lang.String>

[2022-05-04 16:22:00 #12 type] 
Type domain.Event is not enhanced.

[2022-05-04 16:22:00 #13 type.registry] 
New type java.util.Vector<domain.Question>

[2022-05-04 16:22:00 #14 type.registry] 
New type domain.User

[2022-05-04 16:22:00 #15 type] 
Type domain.User is not enhanced.

[2022-05-04 16:22:00 #16 type.registry] 
New type domain.Tarjeta

[2022-05-04 16:22:00 #17 type] 
Type domain.Tarjeta is not enhanced.

[2022-05-04 16:22:00 #18 type.registry] 
New type domain.Transaccion

[2022-05-04 16:22:00 #19 type.registry] 
New type java.util.Vector<domain.Transaccion>

[2022-05-04 16:22:00 #20 type] 
Type domain.Transaccion is not enhanced.

[2022-05-04 16:22:00 #21 type.registry] 
New type java.util.Vector<java.lang.Object>

------------------------------------------------------------------------------------------------------------------------

[2022-05-04 16:24:37 #1 store] 
Database 'C:\Users\Joseba\git\repository\Bets21\src\main\resources\bets.temp' is opened by 9476@DESKTOP-C3VT0J7

[2022-05-04 16:24:37 #2 type.registry] 
New type domain.Question

[2022-05-04 16:24:37 #3 type] 
Type domain.Question is not enhanced.

[2022-05-04 16:24:37 #4 type.registry] 
New type domain.Apuesta

[2022-05-04 16:24:37 #5 type.registry] 
New type java.util.Vector<domain.Apuesta>

[2022-05-04 16:24:37 #6 type.registry] 
New type domain.Pronosticos

[2022-05-04 16:24:37 #7 type.registry] 
New type domain.Event

[2022-05-04 16:24:37 #8 type] 
Type domain.Apuesta is not enhanced.

[2022-05-04 16:24:37 #9 type] 
Type domain.Pronosticos is not enhanced.

[2022-05-04 16:24:37 #10 type.registry] 
New type java.util.Vector<java.lang.Float>

[2022-05-04 16:24:37 #11 type.registry] 
New type java.util.Vector<java.lang.String>

[2022-05-04 16:24:37 #12 type] 
Type domain.Event is not enhanced.

[2022-05-04 16:24:37 #13 type.registry] 
New type java.util.Vector<domain.Question>

[2022-05-04 16:24:37 #14 type.registry] 
New type domain.User

[2022-05-04 16:24:37 #15 type] 
Type domain.User is not enhanced.

[2022-05-04 16:24:37 #16 type.registry] 
New type domain.Tarjeta

[2022-05-04 16:24:37 #17 type] 
Type domain.Tarjeta is not enhanced.

[2022-05-04 16:24:37 #18 type.registry] 
New type domain.Transaccion

[2022-05-04 16:24:37 #19 type.registry] 
New type java.util.Vector<domain.Transaccion>

[2022-05-04 16:24:37 #20 type] 
Type domain.Transaccion is not enhanced.

[2022-05-04 16:24:37 #21 type.registry] 
New type java.util.Vector<java.lang.Object>

------------------------------------------------------------------------------------------------------------------------

[2022-05-04 16:27:39 #1 store] 
Database 'C:\Users\Joseba\git\repository\Bets21\src\main\resources\bets.temp' is opened by 16904@DESKTOP-C3VT0J7

[2022-05-04 16:27:39 #2 type.registry] 
New type domain.Question

[2022-05-04 16:27:39 #3 type] 
Type domain.Question is not enhanced.

[2022-05-04 16:27:39 #4 type.registry] 
New type domain.Apuesta

[2022-05-04 16:27:39 #5 type.registry] 
New type java.util.Vector<domain.Apuesta>

[2022-05-04 16:27:39 #6 type.registry] 
New type domain.Pronosticos

[2022-05-04 16:27:39 #7 type.registry] 
New type domain.Event

[2022-05-04 16:27:39 #8 type] 
Type domain.Apuesta is not enhanced.

[2022-05-04 16:27:39 #9 type] 
Type domain.Pronosticos is not enhanced.

[2022-05-04 16:27:39 #10 type.registry] 
New type java.util.Vector<java.lang.Float>

[2022-05-04 16:27:39 #11 type.registry] 
New type java.util.Vector<java.lang.String>

[2022-05-04 16:27:39 #12 type] 
Type domain.Event is not enhanced.

[2022-05-04 16:27:39 #13 type.registry] 
New type java.util.Vector<domain.Question>

[2022-05-04 16:27:39 #14 type.registry] 
New type domain.User

[2022-05-04 16:27:39 #15 type] 
Type domain.User is not enhanced.

[2022-05-04 16:27:39 #16 type.registry] 
New type domain.Tarjeta

[2022-05-04 16:27:39 #17 type] 
Type domain.Tarjeta is not enhanced.

[2022-05-04 16:27:39 #18 type.registry] 
New type domain.Transaccion

[2022-05-04 16:27:39 #19 type.registry] 
New type java.util.Vector<domain.Transaccion>

[2022-05-04 16:27:39 #20 type] 
Type domain.Transaccion is not enhanced.

[2022-05-04 16:27:39 #21 type.registry] 
New type java.util.Vector<java.lang.Object>

------------------------------------------------------------------------------------------------------------------------

[2022-05-04 16:29:01 #1 store] 
Database 'C:\Users\Joseba\git\repository\Bets21\src\main\resources\bets.temp' is opened by 12552@DESKTOP-C3VT0J7

[2022-05-04 16:29:01 #2 type.registry] 
New type domain.Question

[2022-05-04 16:29:01 #3 type] 
Type domain.Question is not enhanced.

[2022-05-04 16:29:01 #4 type.registry] 
New type domain.Apuesta

[2022-05-04 16:29:01 #5 type.registry] 
New type java.util.Vector<domain.Apuesta>

[2022-05-04 16:29:01 #6 type.registry] 
New type domain.Pronosticos

[2022-05-04 16:29:01 #7 type.registry] 
New type domain.Event

[2022-05-04 16:29:01 #8 type] 
Type domain.Apuesta is not enhanced.

[2022-05-04 16:29:01 #9 type] 
Type domain.Pronosticos is not enhanced.

[2022-05-04 16:29:01 #10 type.registry] 
New type java.util.Vector<java.lang.Float>

[2022-05-04 16:29:01 #11 type.registry] 
New type java.util.Vector<java.lang.String>

[2022-05-04 16:29:01 #12 type] 
Type domain.Event is not enhanced.

[2022-05-04 16:29:01 #13 type.registry] 
New type java.util.Vector<domain.Question>

[2022-05-04 16:29:01 #14 type.registry] 
New type domain.User

[2022-05-04 16:29:01 #15 type] 
Type domain.User is not enhanced.

[2022-05-04 16:29:01 #16 type.registry] 
New type domain.Tarjeta

[2022-05-04 16:29:01 #17 type] 
Type domain.Tarjeta is not enhanced.

[2022-05-04 16:29:01 #18 type.registry] 
New type domain.Transaccion

[2022-05-04 16:29:01 #19 type.registry] 
New type java.util.Vector<domain.Transaccion>

[2022-05-04 16:29:01 #20 type] 
Type domain.Transaccion is not enhanced.

[2022-05-04 16:29:01 #21 type.registry] 
New type java.util.Vector<java.lang.Object>

------------------------------------------------------------------------------------------------------------------------

[2022-05-04 16:32:09 #1 store] 
Database 'C:\Users\Joseba\git\repository\Bets21\src\main\resources\bets.temp' is opened by 8464@DESKTOP-C3VT0J7

[2022-05-04 16:32:09 #2 type.registry] 
New type domain.Question

[2022-05-04 16:32:09 #3 type] 
Type domain.Question is not enhanced.

[2022-05-04 16:32:09 #4 type.registry] 
New type domain.Apuesta

[2022-05-04 16:32:09 #5 type.registry] 
New type java.util.Vector<domain.Apuesta>

[2022-05-04 16:32:09 #6 type.registry] 
New type domain.Pronosticos

[2022-05-04 16:32:09 #7 type.registry] 
New type domain.Event

[2022-05-04 16:32:09 #8 type] 
Type domain.Apuesta is not enhanced.

[2022-05-04 16:32:09 #9 type] 
Type domain.Pronosticos is not enhanced.

[2022-05-04 16:32:09 #10 type.registry] 
New type java.util.Vector<java.lang.Float>

[2022-05-04 16:32:09 #11 type.registry] 
New type java.util.Vector<java.lang.String>

[2022-05-04 16:32:09 #12 type] 
Type domain.Event is not enhanced.

[2022-05-04 16:32:09 #13 type.registry] 
New type java.util.Vector<domain.Question>

[2022-05-04 16:32:09 #14 type.registry] 
New type domain.User

[2022-05-04 16:32:09 #15 type] 
Type domain.User is not enhanced.

[2022-05-04 16:32:09 #16 type.registry] 
New type domain.Tarjeta

[2022-05-04 16:32:09 #17 type] 
Type domain.Tarjeta is not enhanced.

[2022-05-04 16:32:09 #18 type.registry] 
New type domain.Transaccion

[2022-05-04 16:32:09 #19 type.registry] 
New type java.util.Vector<domain.Transaccion>

[2022-05-04 16:32:09 #20 type] 
Type domain.Transaccion is not enhanced.

[2022-05-04 16:32:09 #21 type.registry] 
New type java.util.Vector<java.lang.Object>

------------------------------------------------------------------------------------------------------------------------

[2022-05-04 16:36:45 #1 store] 
Database 'C:\Users\Joseba\git\repository\Bets21\src\main\resources\bets.temp' is opened by 3956@DESKTOP-C3VT0J7

[2022-05-04 16:36:45 #2 type.registry] 
New type domain.Question

[2022-05-04 16:36:45 #3 type] 
Type domain.Question is not enhanced.

[2022-05-04 16:36:45 #4 type.registry] 
New type domain.Apuesta

[2022-05-04 16:36:45 #5 type.registry] 
New type java.util.Vector<domain.Apuesta>

[2022-05-04 16:36:45 #6 type.registry] 
New type domain.Pronosticos

[2022-05-04 16:36:45 #7 type.registry] 
New type domain.Event

[2022-05-04 16:36:45 #8 type] 
Type domain.Apuesta is not enhanced.

[2022-05-04 16:36:45 #9 type] 
Type domain.Pronosticos is not enhanced.

[2022-05-04 16:36:45 #10 type.registry] 
New type java.util.Vector<java.lang.Float>

[2022-05-04 16:36:45 #11 type.registry] 
New type java.util.Vector<java.lang.String>

[2022-05-04 16:36:45 #12 type] 
Type domain.Event is not enhanced.

[2022-05-04 16:36:45 #13 type.registry] 
New type java.util.Vector<domain.Question>

[2022-05-04 16:36:45 #14 type.registry] 
New type domain.User

[2022-05-04 16:36:45 #15 type] 
Type domain.User is not enhanced.

[2022-05-04 16:36:45 #16 type.registry] 
New type domain.Tarjeta

[2022-05-04 16:36:45 #17 type] 
Type domain.Tarjeta is not enhanced.

[2022-05-04 16:36:45 #18 type.registry] 
New type domain.Transaccion

[2022-05-04 16:36:45 #19 type.registry] 
New type java.util.Vector<domain.Transaccion>

[2022-05-04 16:36:45 #20 type] 
Type domain.Transaccion is not enhanced.

[2022-05-04 16:36:45 #21 type.registry] 
New type java.util.Vector<java.lang.Object>

------------------------------------------------------------------------------------------------------------------------

[2022-05-04 17:01:14 #1 store] 
Database 'C:\Users\Joseba\git\repository\Bets21\src\main\resources\bets.temp' is opened by 5780@DESKTOP-C3VT0J7

[2022-05-04 17:01:14 #2 type.registry] 
New type domain.Question

[2022-05-04 17:01:14 #3 type] 
Type domain.Question is not enhanced.

[2022-05-04 17:01:14 #4 type.registry] 
New type domain.Apuesta

[2022-05-04 17:01:14 #5 type.registry] 
New type java.util.Vector<domain.Apuesta>

[2022-05-04 17:01:14 #6 type.registry] 
New type domain.Pronosticos

[2022-05-04 17:01:14 #7 type.registry] 
New type domain.Event

[2022-05-04 17:01:14 #8 type] 
Type domain.Apuesta is not enhanced.

[2022-05-04 17:01:14 #9 type] 
Type domain.Pronosticos is not enhanced.

[2022-05-04 17:01:14 #10 type.registry] 
New type java.util.Vector<java.lang.Float>

[2022-05-04 17:01:14 #11 type.registry] 
New type java.util.Vector<java.lang.String>

[2022-05-04 17:01:14 #12 type] 
Type domain.Event is not enhanced.

[2022-05-04 17:01:14 #13 type.registry] 
New type java.util.Vector<domain.Question>

[2022-05-04 17:01:14 #14 type.registry] 
New type domain.User

[2022-05-04 17:01:14 #15 type] 
Type domain.User is not enhanced.

[2022-05-04 17:01:14 #16 type.registry] 
New type domain.Tarjeta

[2022-05-04 17:01:14 #17 type] 
Type domain.Tarjeta is not enhanced.

[2022-05-04 17:01:14 #18 type.registry] 
New type domain.Transaccion

[2022-05-04 17:01:14 #19 type.registry] 
New type java.util.Vector<domain.Transaccion>

[2022-05-04 17:01:14 #20 type] 
Type domain.Transaccion is not enhanced.

[2022-05-04 17:01:14 #21 type.registry] 
New type java.util.Vector<java.lang.Object>

