------------------------------------------------------------------------------------------------------------------------

[2022-03-25 17:57:24 #1 store] 
Database 'C:\Users\Joseba\Desktop\Workspace\IS1\Bets21\src\main\resources\bets.temp' is opened by 4560@DESKTOP-C3VT0J7

[2022-03-25 17:57:25 #2 type] 
Type domain.Question is not enhanced.

[2022-03-25 17:57:25 #3 type] 
Type domain.Pronosticos is not enhanced.

[2022-03-25 17:57:25 #4 type] 
Type domain.Event is not enhanced.

[2022-03-25 17:57:25 #5 type] 
Type domain.User is not enhanced.

[2022-03-25 17:57:25 #6 type.registry] 
New type domain.Tarjeta

[2022-03-25 17:57:25 #7 type] 
Type domain.Tarjeta is not enhanced.

------------------------------------------------------------------------------------------------------------------------

[2022-03-25 18:07:42 #1 store] 
Database 'C:\Users\Joseba\Desktop\Workspace\IS1\Bets21\src\main\resources\bets.temp' has been recovered (tr. 10-10)

[2022-03-25 18:07:43 #2 store] 
Database 'C:\Users\Joseba\Desktop\Workspace\IS1\Bets21\src\main\resources\bets.temp' is opened by 4740@DESKTOP-C3VT0J7

[2022-03-25 18:07:43 #3 type] 
Type domain.Question is not enhanced.

[2022-03-25 18:07:43 #4 type] 
Type domain.Pronosticos is not enhanced.

[2022-03-25 18:07:43 #5 type] 
Type domain.Event is not enhanced.

[2022-03-25 18:07:43 #6 type] 
Type domain.User is not enhanced.

[2022-03-25 18:07:43 #7 type] 
Type domain.Tarjeta is not enhanced.

------------------------------------------------------------------------------------------------------------------------

[2022-03-25 18:25:24 #1 store] 
Database 'C:\Users\Joseba\Desktop\Workspace\IS1\Bets21\src\main\resources\bets.temp' is opened by 3716@DESKTOP-C3VT0J7

[2022-03-25 18:25:24 #2 type] 
Type domain.Question is not enhanced.

[2022-03-25 18:25:24 #3 type] 
Type domain.Pronosticos is not enhanced.

[2022-03-25 18:25:24 #4 type] 
Type domain.Event is not enhanced.

[2022-03-25 18:25:24 #5 type] 
Type domain.User is not enhanced.

[2022-03-25 18:25:24 #6 type] 
Type domain.Tarjeta is not enhanced.

------------------------------------------------------------------------------------------------------------------------

[2022-03-25 18:26:20 #1 store] 
Database 'C:\Users\Joseba\Desktop\Workspace\IS1\Bets21\src\main\resources\bets.temp' is opened by 12608@DESKTOP-C3VT0J7

[2022-03-25 18:26:21 #2 type] 
Type domain.Question is not enhanced.

[2022-03-25 18:26:21 #3 type] 
Type domain.Pronosticos is not enhanced.

[2022-03-25 18:26:21 #4 type] 
Type domain.Event is not enhanced.

[2022-03-25 18:26:21 #5 type] 
Type domain.User is not enhanced.

[2022-03-25 18:26:21 #6 type] 
Type domain.Tarjeta is not enhanced.

------------------------------------------------------------------------------------------------------------------------

[2022-03-25 20:52:20 #1 store] 
Database 'C:\Users\Joseba\Desktop\Workspace\IS1\Bets21\src\main\resources\bets.temp' has been recovered (tr. 11-11)

[2022-03-25 20:52:20 #2 store] 
Database 'C:\Users\Joseba\Desktop\Workspace\IS1\Bets21\src\main\resources\bets.temp' is opened by 6960@DESKTOP-C3VT0J7

[2022-03-25 20:52:20 #3 type] 
Type domain.Question is not enhanced.

[2022-03-25 20:52:20 #4 type] 
Type domain.Pronosticos is not enhanced.

[2022-03-25 20:52:20 #5 type] 
Type domain.Event is not enhanced.

[2022-03-25 20:52:20 #6 type] 
Type domain.User is not enhanced.

[2022-03-25 20:52:20 #7 type] 
Type domain.Tarjeta is not enhanced.

------------------------------------------------------------------------------------------------------------------------

[2022-03-25 20:55:44 #1 store] 
Database 'C:\Users\Joseba\Desktop\Workspace\IS1\Bets21\src\main\resources\bets.temp' has been recovered (tr. 12-12)

[2022-03-25 20:55:44 #2 store] 
Database 'C:\Users\Joseba\Desktop\Workspace\IS1\Bets21\src\main\resources\bets.temp' is opened by 8976@DESKTOP-C3VT0J7

[2022-03-25 20:55:44 #3 type] 
Type domain.Question is not enhanced.

[2022-03-25 20:55:44 #4 type] 
Type domain.Pronosticos is not enhanced.

[2022-03-25 20:55:44 #5 type] 
Type domain.Event is not enhanced.

[2022-03-25 20:55:44 #6 type] 
Type domain.User is not enhanced.

[2022-03-25 20:55:44 #7 type] 
Type domain.Tarjeta is not enhanced.

------------------------------------------------------------------------------------------------------------------------

[2022-03-25 21:00:21 #1 store] 
Database 'C:\Users\Joseba\Desktop\Workspace\IS1\Bets21\src\main\resources\bets.temp' is opened by 940@DESKTOP-C3VT0J7

[2022-03-25 21:00:21 #2 type] 
Type domain.Question is not enhanced.

[2022-03-25 21:00:21 #3 type] 
Type domain.Pronosticos is not enhanced.

[2022-03-25 21:00:21 #4 type] 
Type domain.Event is not enhanced.

[2022-03-25 21:00:21 #5 type] 
Type domain.User is not enhanced.

[2022-03-25 21:00:21 #6 type] 
Type domain.Tarjeta is not enhanced.

------------------------------------------------------------------------------------------------------------------------

[2022-03-25 21:02:11 #1 store] 
Database 'C:\Users\Joseba\Desktop\Workspace\IS1\Bets21\src\main\resources\bets.temp' is opened by 4172@DESKTOP-C3VT0J7

[2022-03-25 21:02:11 #2 type] 
Type domain.Question is not enhanced.

[2022-03-25 21:02:11 #3 type] 
Type domain.Pronosticos is not enhanced.

[2022-03-25 21:02:11 #4 type] 
Type domain.Event is not enhanced.

[2022-03-25 21:02:11 #5 type] 
Type domain.User is not enhanced.

[2022-03-25 21:02:11 #6 type] 
Type domain.Tarjeta is not enhanced.

------------------------------------------------------------------------------------------------------------------------

[2022-03-25 21:06:23 #1 store] 
Database 'C:\Users\Joseba\Desktop\Workspace\IS1\Bets21\src\main\resources\bets.temp' is opened by 13144@DESKTOP-C3VT0J7

[2022-03-25 21:06:23 #2 type] 
Type domain.Question is not enhanced.

[2022-03-25 21:06:23 #3 type] 
Type domain.Pronosticos is not enhanced.

[2022-03-25 21:06:23 #4 type] 
Type domain.Event is not enhanced.

[2022-03-25 21:06:23 #5 type] 
Type domain.User is not enhanced.

[2022-03-25 21:06:23 #6 type] 
Type domain.Tarjeta is not enhanced.

------------------------------------------------------------------------------------------------------------------------

[2022-03-25 21:22:26 #1 store] 
Database 'C:\Users\Joseba\Desktop\Workspace\IS1\Bets21\src\main\resources\bets.temp' is opened by 9132@DESKTOP-C3VT0J7

[2022-03-25 21:22:26 #2 type] 
Type domain.Question is not enhanced.

[2022-03-25 21:22:26 #3 type] 
Type domain.Pronosticos is not enhanced.

[2022-03-25 21:22:26 #4 type] 
Type domain.Event is not enhanced.

[2022-03-25 21:22:26 #5 type] 
Type domain.User is not enhanced.

[2022-03-25 21:22:26 #6 type] 
Type domain.Tarjeta is not enhanced.

------------------------------------------------------------------------------------------------------------------------

[2022-03-25 21:27:41 #1 store] 
Database 'C:\Users\Joseba\Desktop\Workspace\IS1\Bets21\src\main\resources\bets.temp' has been recovered (tr. 13-14)

[2022-03-25 21:27:41 #2 store] 
Database 'C:\Users\Joseba\Desktop\Workspace\IS1\Bets21\src\main\resources\bets.temp' is opened by 14128@DESKTOP-C3VT0J7

[2022-03-25 21:27:41 #3 type] 
Type domain.Question is not enhanced.

[2022-03-25 21:27:41 #4 type] 
Type domain.Pronosticos is not enhanced.

[2022-03-25 21:27:41 #5 type] 
Type domain.Event is not enhanced.

[2022-03-25 21:27:41 #6 type] 
Type domain.User is not enhanced.

[2022-03-25 21:27:41 #7 type] 
Type domain.Tarjeta is not enhanced.

------------------------------------------------------------------------------------------------------------------------

[2022-03-25 21:45:07 #1 store] 
Database 'C:\Users\Joseba\Desktop\Workspace\IS1\Bets21\src\main\resources\bets.temp' is opened by 12720@DESKTOP-C3VT0J7

[2022-03-25 21:45:07 #2 type] 
Type domain.Question is not enhanced.

[2022-03-25 21:45:07 #3 type] 
Type domain.Pronosticos is not enhanced.

[2022-03-25 21:45:07 #4 type] 
Type domain.Event is not enhanced.

[2022-03-25 21:45:07 #5 type] 
Type domain.User is not enhanced.

[2022-03-25 21:45:07 #6 type] 
Type domain.Tarjeta is not enhanced.

------------------------------------------------------------------------------------------------------------------------

[2022-03-25 21:45:30 #1 store] 
Database 'C:\Users\Joseba\Desktop\Workspace\IS1\Bets21\src\main\resources\bets.temp' is opened by 5516@DESKTOP-C3VT0J7

[2022-03-25 21:45:30 #2 type] 
Type domain.Question is not enhanced.

[2022-03-25 21:45:30 #3 type] 
Type domain.Pronosticos is not enhanced.

[2022-03-25 21:45:30 #4 type] 
Type domain.Event is not enhanced.

[2022-03-25 21:45:30 #5 type] 
Type domain.User is not enhanced.

[2022-03-25 21:45:30 #6 type] 
Type domain.Tarjeta is not enhanced.

------------------------------------------------------------------------------------------------------------------------

[2022-03-25 21:51:44 #1 store] 
Database 'C:\Users\Joseba\Desktop\Workspace\IS1\Bets21\src\main\resources\bets.temp' is opened by 14784@DESKTOP-C3VT0J7

[2022-03-25 21:51:45 #2 type] 
Type domain.Question is not enhanced.

[2022-03-25 21:51:45 #3 type] 
Type domain.Pronosticos is not enhanced.

[2022-03-25 21:51:45 #4 type] 
Type domain.Event is not enhanced.

[2022-03-25 21:51:45 #5 type] 
Type domain.User is not enhanced.

[2022-03-25 21:51:45 #6 type] 
Type domain.Tarjeta is not enhanced.

------------------------------------------------------------------------------------------------------------------------

[2022-03-25 21:51:51 #1 store] 
Database 'C:\Users\Joseba\Desktop\Workspace\IS1\Bets21\src\main\resources\bets.temp' is opened by 8096@DESKTOP-C3VT0J7

[2022-03-25 21:51:52 #2 type] 
Type domain.Question is not enhanced.

[2022-03-25 21:51:52 #3 type] 
Type domain.Pronosticos is not enhanced.

[2022-03-25 21:51:52 #4 type] 
Type domain.Event is not enhanced.

[2022-03-25 21:51:52 #5 type] 
Type domain.User is not enhanced.

[2022-03-25 21:51:52 #6 type] 
Type domain.Tarjeta is not enhanced.

------------------------------------------------------------------------------------------------------------------------

[2022-03-25 21:53:55 #1 store] 
Database 'C:\Users\Joseba\Desktop\Workspace\IS1\Bets21\src\main\resources\bets.temp' is opened by 15588@DESKTOP-C3VT0J7

[2022-03-25 21:53:55 #2 type] 
Type domain.Question is not enhanced.

[2022-03-25 21:53:55 #3 type] 
Type domain.Pronosticos is not enhanced.

[2022-03-25 21:53:55 #4 type] 
Type domain.Event is not enhanced.

[2022-03-25 21:53:55 #5 type] 
Type domain.User is not enhanced.

[2022-03-25 21:53:55 #6 type] 
Type domain.Tarjeta is not enhanced.

------------------------------------------------------------------------------------------------------------------------

[2022-03-25 21:54:08 #1 store] 
Database 'C:\Users\Joseba\Desktop\Workspace\IS1\Bets21\src\main\resources\bets.temp' is opened by 14500@DESKTOP-C3VT0J7

[2022-03-25 21:54:08 #2 type] 
Type domain.Question is not enhanced.

[2022-03-25 21:54:08 #3 type] 
Type domain.Pronosticos is not enhanced.

[2022-03-25 21:54:08 #4 type] 
Type domain.Event is not enhanced.

[2022-03-25 21:54:08 #5 type] 
Type domain.User is not enhanced.

[2022-03-25 21:54:08 #6 type] 
Type domain.Tarjeta is not enhanced.

------------------------------------------------------------------------------------------------------------------------

[2022-03-25 21:57:01 #1 store] 
Database 'C:\Users\Joseba\Desktop\Workspace\IS1\Bets21\src\main\resources\bets.temp' is opened by 14928@DESKTOP-C3VT0J7

[2022-03-25 21:57:01 #2 type] 
Type domain.Question is not enhanced.

[2022-03-25 21:57:01 #3 type] 
Type domain.Pronosticos is not enhanced.

[2022-03-25 21:57:01 #4 type] 
Type domain.Event is not enhanced.

[2022-03-25 21:57:01 #5 type] 
Type domain.User is not enhanced.

[2022-03-25 21:57:01 #6 type] 
Type domain.Tarjeta is not enhanced.

------------------------------------------------------------------------------------------------------------------------

[2022-03-25 22:01:58 #1 store] 
Database 'C:\Users\Joseba\Desktop\Workspace\IS1\Bets21\src\main\resources\bets.temp' is opened by 5840@DESKTOP-C3VT0J7

[2022-03-25 22:01:58 #2 type] 
Type domain.Question is not enhanced.

[2022-03-25 22:01:58 #3 type] 
Type domain.Pronosticos is not enhanced.

[2022-03-25 22:01:58 #4 type] 
Type domain.Event is not enhanced.

[2022-03-25 22:01:58 #5 type] 
Type domain.User is not enhanced.

[2022-03-25 22:01:58 #6 type] 
Type domain.Tarjeta is not enhanced.

------------------------------------------------------------------------------------------------------------------------

[2022-03-25 22:05:22 #1 store] 
Database 'C:\Users\Joseba\Desktop\Workspace\IS1\Bets21\src\main\resources\bets.temp' is opened by 16760@DESKTOP-C3VT0J7

[2022-03-25 22:05:22 #2 type.registry] 
New type domain.Question

[2022-03-25 22:05:22 #3 type] 
Type domain.Question is not enhanced.

[2022-03-25 22:05:22 #4 type.registry] 
New type domain.Pronosticos

[2022-03-25 22:05:22 #5 type.registry] 
New type domain.Event

[2022-03-25 22:05:22 #6 type] 
Type domain.Pronosticos is not enhanced.

[2022-03-25 22:05:22 #7 type.registry] 
New type java.util.Vector<java.lang.String>

[2022-03-25 22:05:22 #8 type] 
Type domain.Event is not enhanced.

[2022-03-25 22:05:22 #9 type.registry] 
New type java.util.Vector<domain.Question>

[2022-03-25 22:05:22 #10 type.registry] 
New type domain.User

[2022-03-25 22:05:22 #11 type] 
Type domain.User is not enhanced.

[2022-03-25 22:05:22 #12 type.registry] 
New type domain.Tarjeta

[2022-03-25 22:05:22 #13 type] 
Type domain.Tarjeta is not enhanced.

[2022-03-25 22:05:22 #14 type.registry] 
New type java.util.Vector<java.lang.Object>

------------------------------------------------------------------------------------------------------------------------

[2022-03-25 22:05:36 #1 store] 
Database 'C:\Users\Joseba\Desktop\Workspace\IS1\Bets21\src\main\resources\bets.temp' has been recovered (tr. 1-6)

[2022-03-25 22:05:36 #2 store] 
Database 'C:\Users\Joseba\Desktop\Workspace\IS1\Bets21\src\main\resources\bets.temp' is opened by 9652@DESKTOP-C3VT0J7

[2022-03-25 22:05:36 #3 type] 
Type domain.Question is not enhanced.

[2022-03-25 22:05:36 #4 type] 
Type domain.Pronosticos is not enhanced.

[2022-03-25 22:05:36 #5 type] 
Type domain.Event is not enhanced.

[2022-03-25 22:05:36 #6 type] 
Type domain.User is not enhanced.

[2022-03-25 22:05:36 #7 type] 
Type domain.Tarjeta is not enhanced.

------------------------------------------------------------------------------------------------------------------------

[2022-03-25 22:28:13 #1 store] 
Database 'C:\Users\Joseba\Desktop\Workspace\IS1\Bets21\src\main\resources\bets.temp' is opened by 912@DESKTOP-C3VT0J7

[2022-03-25 22:28:13 #2 type] 
Type domain.Question is not enhanced.

[2022-03-25 22:28:13 #3 type] 
Type domain.Pronosticos is not enhanced.

[2022-03-25 22:28:13 #4 type] 
Type domain.Event is not enhanced.

[2022-03-25 22:28:13 #5 type] 
Type domain.User is not enhanced.

[2022-03-25 22:28:13 #6 type] 
Type domain.Tarjeta is not enhanced.

------------------------------------------------------------------------------------------------------------------------

[2022-03-25 22:29:16 #1 store] 
Database 'C:\Users\Joseba\Desktop\Workspace\IS1\Bets21\src\main\resources\bets.temp' is opened by 12476@DESKTOP-C3VT0J7

[2022-03-25 22:29:16 #2 type] 
Type domain.Question is not enhanced.

[2022-03-25 22:29:16 #3 type] 
Type domain.Pronosticos is not enhanced.

[2022-03-25 22:29:16 #4 type] 
Type domain.Event is not enhanced.

[2022-03-25 22:29:16 #5 type] 
Type domain.User is not enhanced.

[2022-03-25 22:29:16 #6 type] 
Type domain.Tarjeta is not enhanced.

------------------------------------------------------------------------------------------------------------------------

[2022-03-25 22:32:04 #1 store] 
Database 'C:\Users\Joseba\Desktop\Workspace\IS1\Bets21\src\main\resources\bets.temp' is opened by 8776@DESKTOP-C3VT0J7

[2022-03-25 22:32:04 #2 type] 
Type domain.Question is not enhanced.

[2022-03-25 22:32:04 #3 type] 
Type domain.Pronosticos is not enhanced.

[2022-03-25 22:32:04 #4 type] 
Type domain.Event is not enhanced.

[2022-03-25 22:32:04 #5 type] 
Type domain.User is not enhanced.

[2022-03-25 22:32:04 #6 type] 
Type domain.Tarjeta is not enhanced.

------------------------------------------------------------------------------------------------------------------------

[2022-03-25 22:37:56 #1 store] 
Database 'C:\Users\Joseba\Desktop\Workspace\IS1\Bets21\src\main\resources\bets.temp' has been recovered (tr. 7-7)

[2022-03-25 22:37:56 #2 store] 
Database 'C:\Users\Joseba\Desktop\Workspace\IS1\Bets21\src\main\resources\bets.temp' is opened by 10668@DESKTOP-C3VT0J7

[2022-03-25 22:37:56 #3 type] 
Type domain.Question is not enhanced.

[2022-03-25 22:37:56 #4 type] 
Type domain.Pronosticos is not enhanced.

[2022-03-25 22:37:56 #5 type] 
Type domain.Event is not enhanced.

[2022-03-25 22:37:56 #6 type] 
Type domain.User is not enhanced.

[2022-03-25 22:37:56 #7 type] 
Type domain.Tarjeta is not enhanced.

------------------------------------------------------------------------------------------------------------------------

[2022-03-25 22:40:03 #1 store] 
Database 'C:\Users\Joseba\Desktop\Workspace\IS1\Bets21\src\main\resources\bets.temp' is opened by 11660@DESKTOP-C3VT0J7

[2022-03-25 22:40:03 #2 type] 
Type domain.Question is not enhanced.

[2022-03-25 22:40:03 #3 type] 
Type domain.Pronosticos is not enhanced.

[2022-03-25 22:40:03 #4 type] 
Type domain.Event is not enhanced.

[2022-03-25 22:40:03 #5 type] 
Type domain.User is not enhanced.

[2022-03-25 22:40:03 #6 type] 
Type domain.Tarjeta is not enhanced.

------------------------------------------------------------------------------------------------------------------------

[2022-03-25 22:41:43 #1 store] 
Database 'C:\Users\Joseba\Desktop\Workspace\IS1\Bets21\src\main\resources\bets.temp' is opened by 7492@DESKTOP-C3VT0J7

[2022-03-25 22:41:43 #2 type] 
Type domain.Question is not enhanced.

[2022-03-25 22:41:43 #3 type] 
Type domain.Pronosticos is not enhanced.

[2022-03-25 22:41:43 #4 type] 
Type domain.Event is not enhanced.

[2022-03-25 22:41:43 #5 type] 
Type domain.User is not enhanced.

[2022-03-25 22:41:43 #6 type] 
Type domain.Tarjeta is not enhanced.

------------------------------------------------------------------------------------------------------------------------

[2022-03-25 22:47:37 #1 store] 
Database 'C:\Users\Joseba\Desktop\Workspace\IS1\Bets21\src\main\resources\bets.temp' has been recovered (tr. 8-8)

[2022-03-25 22:47:37 #2 store] 
Database 'C:\Users\Joseba\Desktop\Workspace\IS1\Bets21\src\main\resources\bets.temp' is opened by 2984@DESKTOP-C3VT0J7

[2022-03-25 22:47:37 #3 type] 
Type domain.Question is not enhanced.

[2022-03-25 22:47:37 #4 type] 
Type domain.Pronosticos is not enhanced.

[2022-03-25 22:47:37 #5 type] 
Type domain.Event is not enhanced.

[2022-03-25 22:47:37 #6 type] 
Type domain.User is not enhanced.

[2022-03-25 22:47:37 #7 type] 
Type domain.Tarjeta is not enhanced.

------------------------------------------------------------------------------------------------------------------------

[2022-03-25 22:50:03 #1 store] 
Database 'C:\Users\Joseba\Desktop\Workspace\IS1\Bets21\src\main\resources\bets.temp' is opened by 17320@DESKTOP-C3VT0J7

[2022-03-25 22:50:03 #2 type] 
Type domain.Question is not enhanced.

[2022-03-25 22:50:03 #3 type] 
Type domain.Pronosticos is not enhanced.

[2022-03-25 22:50:03 #4 type] 
Type domain.Event is not enhanced.

[2022-03-25 22:50:03 #5 type] 
Type domain.User is not enhanced.

[2022-03-25 22:50:03 #6 type] 
Type domain.Tarjeta is not enhanced.

------------------------------------------------------------------------------------------------------------------------

[2022-03-25 22:51:22 #1 store] 
Database 'C:\Users\Joseba\Desktop\Workspace\IS1\Bets21\src\main\resources\bets.temp' is opened by 13452@DESKTOP-C3VT0J7

[2022-03-25 22:51:23 #2 type.registry] 
New type domain.Question

[2022-03-25 22:51:23 #3 type] 
Type domain.Question is not enhanced.

[2022-03-25 22:51:23 #4 type.registry] 
New type domain.Pronosticos

[2022-03-25 22:51:23 #5 type.registry] 
New type domain.Event

[2022-03-25 22:51:23 #6 type] 
Type domain.Pronosticos is not enhanced.

[2022-03-25 22:51:23 #7 type.registry] 
New type java.util.Vector<java.lang.String>

[2022-03-25 22:51:23 #8 type] 
Type domain.Event is not enhanced.

[2022-03-25 22:51:23 #9 type.registry] 
New type java.util.Vector<domain.Question>

[2022-03-25 22:51:23 #10 type.registry] 
New type domain.User

[2022-03-25 22:51:23 #11 type] 
Type domain.User is not enhanced.

[2022-03-25 22:51:23 #12 type.registry] 
New type domain.Tarjeta

[2022-03-25 22:51:23 #13 type] 
Type domain.Tarjeta is not enhanced.

[2022-03-25 22:51:23 #14 type.registry] 
New type java.util.Vector<java.lang.Object>

------------------------------------------------------------------------------------------------------------------------

[2022-03-25 22:51:35 #1 store] 
Database 'C:\Users\Joseba\Desktop\Workspace\IS1\Bets21\src\main\resources\bets.temp' has been recovered (tr. 1-6)

[2022-03-25 22:51:35 #2 store] 
Database 'C:\Users\Joseba\Desktop\Workspace\IS1\Bets21\src\main\resources\bets.temp' is opened by 4748@DESKTOP-C3VT0J7

[2022-03-25 22:51:36 #3 type] 
Type domain.Question is not enhanced.

[2022-03-25 22:51:36 #4 type] 
Type domain.Pronosticos is not enhanced.

[2022-03-25 22:51:36 #5 type] 
Type domain.Event is not enhanced.

[2022-03-25 22:51:36 #6 type] 
Type domain.User is not enhanced.

[2022-03-25 22:51:36 #7 type] 
Type domain.Tarjeta is not enhanced.

------------------------------------------------------------------------------------------------------------------------

[2022-03-25 22:56:06 #1 store] 
Database 'C:\Users\Joseba\Desktop\Workspace\IS1\Bets21\src\main\resources\bets.temp' is opened by 17092@DESKTOP-C3VT0J7

[2022-03-25 22:56:06 #2 type] 
Type domain.Question is not enhanced.

[2022-03-25 22:56:06 #3 type] 
Type domain.Pronosticos is not enhanced.

[2022-03-25 22:56:06 #4 type] 
Type domain.Event is not enhanced.

[2022-03-25 22:56:06 #5 type] 
Type domain.User is not enhanced.

[2022-03-25 22:56:06 #6 type] 
Type domain.Tarjeta is not enhanced.

------------------------------------------------------------------------------------------------------------------------

[2022-03-25 22:57:26 #1 store] 
Database 'C:\Users\Joseba\Desktop\Workspace\IS1\Bets21\src\main\resources\bets.temp' is opened by 14836@DESKTOP-C3VT0J7

[2022-03-25 22:57:26 #2 type] 
Type domain.Question is not enhanced.

[2022-03-25 22:57:26 #3 type] 
Type domain.Pronosticos is not enhanced.

[2022-03-25 22:57:26 #4 type] 
Type domain.Event is not enhanced.

[2022-03-25 22:57:26 #5 type] 
Type domain.User is not enhanced.

[2022-03-25 22:57:26 #6 type] 
Type domain.Tarjeta is not enhanced.

------------------------------------------------------------------------------------------------------------------------

[2022-03-25 22:59:20 #1 store] 
Database 'C:\Users\Joseba\Desktop\Workspace\IS1\Bets21\src\main\resources\bets.temp' is opened by 8748@DESKTOP-C3VT0J7

[2022-03-25 22:59:20 #2 type] 
Type domain.Question is not enhanced.

[2022-03-25 22:59:20 #3 type] 
Type domain.Pronosticos is not enhanced.

[2022-03-25 22:59:20 #4 type] 
Type domain.Event is not enhanced.

[2022-03-25 22:59:20 #5 type] 
Type domain.User is not enhanced.

[2022-03-25 22:59:20 #6 type] 
Type domain.Tarjeta is not enhanced.

------------------------------------------------------------------------------------------------------------------------

[2022-03-25 23:01:11 #1 store] 
Database 'C:\Users\Joseba\Desktop\Workspace\IS1\Bets21\src\main\resources\bets.temp' is opened by 2516@DESKTOP-C3VT0J7

[2022-03-25 23:01:11 #2 type] 
Type domain.Question is not enhanced.

[2022-03-25 23:01:11 #3 type] 
Type domain.Pronosticos is not enhanced.

[2022-03-25 23:01:11 #4 type] 
Type domain.Event is not enhanced.

[2022-03-25 23:01:11 #5 type] 
Type domain.User is not enhanced.

[2022-03-25 23:01:11 #6 type] 
Type domain.Tarjeta is not enhanced.

------------------------------------------------------------------------------------------------------------------------

[2022-03-25 23:15:22 #1 store] 
Database 'C:\Users\Joseba\Desktop\Workspace\IS1\Bets21\src\main\resources\bets.temp' is opened by 15696@DESKTOP-C3VT0J7

[2022-03-25 23:15:22 #2 type] 
Type domain.Question is not enhanced.

[2022-03-25 23:15:22 #3 type] 
Type domain.Pronosticos is not enhanced.

[2022-03-25 23:15:22 #4 type] 
Type domain.Event is not enhanced.

[2022-03-25 23:15:22 #5 type] 
Type domain.User is not enhanced.

[2022-03-25 23:15:22 #6 type] 
Type domain.Tarjeta is not enhanced.

------------------------------------------------------------------------------------------------------------------------

[2022-03-25 23:17:31 #1 store] 
Database 'C:\Users\Joseba\Desktop\Workspace\IS1\Bets21\src\main\resources\bets.temp' has been recovered (tr. 7-7)

[2022-03-25 23:17:32 #2 store] 
Database 'C:\Users\Joseba\Desktop\Workspace\IS1\Bets21\src\main\resources\bets.temp' is opened by 17212@DESKTOP-C3VT0J7

[2022-03-25 23:17:32 #3 type] 
Type domain.Question is not enhanced.

[2022-03-25 23:17:32 #4 type] 
Type domain.Pronosticos is not enhanced.

[2022-03-25 23:17:32 #5 type] 
Type domain.Event is not enhanced.

[2022-03-25 23:17:32 #6 type] 
Type domain.User is not enhanced.

[2022-03-25 23:17:32 #7 type] 
Type domain.Tarjeta is not enhanced.

------------------------------------------------------------------------------------------------------------------------

[2022-03-25 23:32:25 #1 store] 
Database 'C:\Users\Joseba\Desktop\Workspace\IS1\Bets21\src\main\resources\bets.temp' is opened by 3968@DESKTOP-C3VT0J7

[2022-03-25 23:32:25 #2 type] 
Type domain.Question is not enhanced.

[2022-03-25 23:32:25 #3 type] 
Type domain.Pronosticos is not enhanced.

[2022-03-25 23:32:25 #4 type] 
Type domain.Event is not enhanced.

[2022-03-25 23:32:25 #5 type] 
Type domain.User is not enhanced.

[2022-03-25 23:32:25 #6 type] 
Type domain.Tarjeta is not enhanced.

------------------------------------------------------------------------------------------------------------------------

[2022-03-25 23:33:03 #1 store] 
Database 'C:\Users\Joseba\Desktop\Workspace\IS1\Bets21\src\main\resources\bets.temp' is opened by 8500@DESKTOP-C3VT0J7

[2022-03-25 23:33:03 #2 type] 
Type domain.Question is not enhanced.

[2022-03-25 23:33:03 #3 type] 
Type domain.Pronosticos is not enhanced.

[2022-03-25 23:33:03 #4 type] 
Type domain.Event is not enhanced.

[2022-03-25 23:33:03 #5 type] 
Type domain.User is not enhanced.

[2022-03-25 23:33:03 #6 type] 
Type domain.Tarjeta is not enhanced.

------------------------------------------------------------------------------------------------------------------------

[2022-03-25 23:37:16 #1 store] 
Database 'C:\Users\Joseba\Desktop\Workspace\IS1\Bets21\src\main\resources\bets.temp' is opened by 9948@DESKTOP-C3VT0J7

[2022-03-25 23:37:16 #2 type] 
Type domain.Question is not enhanced.

[2022-03-25 23:37:16 #3 type] 
Type domain.Pronosticos is not enhanced.

[2022-03-25 23:37:16 #4 type] 
Type domain.Event is not enhanced.

[2022-03-25 23:37:16 #5 type] 
Type domain.User is not enhanced.

[2022-03-25 23:37:16 #6 type] 
Type domain.Tarjeta is not enhanced.

------------------------------------------------------------------------------------------------------------------------

[2022-03-25 23:39:28 #1 store] 
Database 'C:\Users\Joseba\Desktop\Workspace\IS1\Bets21\src\main\resources\bets.temp' is opened by 13840@DESKTOP-C3VT0J7

[2022-03-25 23:39:28 #2 type] 
Type domain.Question is not enhanced.

[2022-03-25 23:39:28 #3 type] 
Type domain.Pronosticos is not enhanced.

[2022-03-25 23:39:28 #4 type] 
Type domain.Event is not enhanced.

[2022-03-25 23:39:28 #5 type] 
Type domain.User is not enhanced.

[2022-03-25 23:39:28 #6 type] 
Type domain.Tarjeta is not enhanced.

------------------------------------------------------------------------------------------------------------------------

[2022-03-25 23:42:24 #1 store] 
Database 'C:\Users\Joseba\Desktop\Workspace\IS1\Bets21\src\main\resources\bets.temp' is opened by 8340@DESKTOP-C3VT0J7

[2022-03-25 23:42:24 #2 type] 
Type domain.Question is not enhanced.

[2022-03-25 23:42:24 #3 type] 
Type domain.Pronosticos is not enhanced.

[2022-03-25 23:42:24 #4 type] 
Type domain.Event is not enhanced.

[2022-03-25 23:42:24 #5 type] 
Type domain.User is not enhanced.

[2022-03-25 23:42:24 #6 type] 
Type domain.Tarjeta is not enhanced.

------------------------------------------------------------------------------------------------------------------------

[2022-03-25 23:52:35 #1 store] 
Database 'C:\Users\Joseba\Desktop\Workspace\IS1\Bets21\src\main\resources\bets.temp' is opened by 10056@DESKTOP-C3VT0J7

[2022-03-25 23:52:35 #2 type.registry] 
New type domain.Question

[2022-03-25 23:52:35 #3 type] 
Type domain.Question is not enhanced.

[2022-03-25 23:52:35 #4 type.registry] 
New type domain.Pronosticos

[2022-03-25 23:52:35 #5 type.registry] 
New type domain.Event

[2022-03-25 23:52:35 #6 type] 
Type domain.Pronosticos is not enhanced.

[2022-03-25 23:52:35 #7 type.registry] 
New type java.util.Vector<java.lang.String>

[2022-03-25 23:52:35 #8 type] 
Type domain.Event is not enhanced.

[2022-03-25 23:52:35 #9 type.registry] 
New type java.util.Vector<domain.Question>

[2022-03-25 23:52:35 #10 type.registry] 
New type domain.User

[2022-03-25 23:52:35 #11 type] 
Type domain.User is not enhanced.

[2022-03-25 23:52:35 #12 type.registry] 
New type domain.Tarjeta

[2022-03-25 23:52:35 #13 type] 
Type domain.Tarjeta is not enhanced.

[2022-03-25 23:52:35 #14 type.registry] 
New type java.util.Vector<java.lang.Object>

------------------------------------------------------------------------------------------------------------------------

[2022-03-25 23:55:57 #1 store] 
Database 'C:\Users\Joseba\Desktop\Workspace\IS1\Bets21\src\main\resources\bets.temp' is opened by 3832@DESKTOP-C3VT0J7

[2022-03-25 23:55:57 #2 type.registry] 
New type domain.Question

[2022-03-25 23:55:57 #3 type] 
Type domain.Question is not enhanced.

[2022-03-25 23:55:57 #4 type.registry] 
New type domain.Pronosticos

[2022-03-25 23:55:57 #5 type.registry] 
New type domain.Event

[2022-03-25 23:55:57 #6 type] 
Type domain.Pronosticos is not enhanced.

[2022-03-25 23:55:57 #7 type.registry] 
New type java.util.Vector<java.lang.String>

[2022-03-25 23:55:57 #8 type] 
Type domain.Event is not enhanced.

[2022-03-25 23:55:57 #9 type.registry] 
New type java.util.Vector<domain.Question>

[2022-03-25 23:55:57 #10 type.registry] 
New type domain.User

[2022-03-25 23:55:57 #11 type] 
Type domain.User is not enhanced.

[2022-03-25 23:55:57 #12 type.registry] 
New type domain.Tarjeta

[2022-03-25 23:55:57 #13 type] 
Type domain.Tarjeta is not enhanced.

[2022-03-25 23:55:57 #14 type.registry] 
New type java.util.Vector<java.lang.Object>

------------------------------------------------------------------------------------------------------------------------

[2022-03-25 23:58:58 #1 store] 
Database 'C:\Users\Joseba\Desktop\Workspace\IS1\Bets21\src\main\resources\bets.temp' is opened by 12652@DESKTOP-C3VT0J7

[2022-03-25 23:58:58 #2 type.registry] 
New type domain.Question

[2022-03-25 23:58:58 #3 type] 
Type domain.Question is not enhanced.

[2022-03-25 23:58:58 #4 type.registry] 
New type domain.Pronosticos

[2022-03-25 23:58:58 #5 type.registry] 
New type domain.Event

[2022-03-25 23:58:58 #6 type] 
Type domain.Pronosticos is not enhanced.

[2022-03-25 23:58:58 #7 type.registry] 
New type java.util.Vector<java.lang.String>

[2022-03-25 23:58:58 #8 type] 
Type domain.Event is not enhanced.

[2022-03-25 23:58:58 #9 type.registry] 
New type java.util.Vector<domain.Question>

[2022-03-25 23:58:58 #10 type.registry] 
New type domain.User

[2022-03-25 23:58:58 #11 type] 
Type domain.User is not enhanced.

[2022-03-25 23:58:58 #12 type.registry] 
New type domain.Tarjeta

[2022-03-25 23:58:58 #13 type] 
Type domain.Tarjeta is not enhanced.

[2022-03-25 23:58:58 #14 type.registry] 
New type java.util.Vector<java.lang.Object>

